<?xml version="1.0" encoding="utf-8"?>
<coverage line-rate="0.3333" branch-rate="1" version="1.9" timestamp="1703691100" lines-covered="2" lines-valid="6" branches-covered="0" branches-valid="0">
  <sources>
    <source>D:\GeekBrains\My Git\NetworkApplicationCSharp\06_Lekcion\</source>
    <source>C:\</source>
  </sources>
  <packages>
    <package name="ConsoleApp06L" line-rate="0" branch-rate="1" complexity="1">
      <classes>
        <class name="ConsoleApp06L.Program" filename="ConsoleApp06L\Program.cs" line-rate="0" branch-rate="1" complexity="1">
          <methods>
            <method name="Main" signature="(System.String[])" line-rate="0" branch-rate="1" complexity="1">
              <lines>
                <line number="6" hits="0" branch="False" />
                <line number="7" hits="0" branch="False" />
                <line number="8" hits="0" branch="False" />
              </lines>
            </method>
          </methods>
          <lines>
            <line number="6" hits="0" branch="False" />
            <line number="7" hits="0" branch="False" />
            <line number="8" hits="0" branch="False" />
          </lines>
        </class>
      </classes>
    </package>
    <package name="ConsoleApp06LTest" line-rate="0.6666" branch-rate="1" complexity="2">
      <classes>
        <class name="AutoGeneratedProgram" filename="Users\10\.nuget\packages\microsoft.net.test.sdk\17.7.1\build\netcoreapp3.1\Microsoft.NET.Test.Sdk.Program.cs" line-rate="0" branch-rate="1" complexity="1">
          <methods>
            <method name="Main" signature="(System.String[])" line-rate="0" branch-rate="1" complexity="1">
              <lines>
                <line number="4" hits="0" branch="False" />
              </lines>
            </method>
          </methods>
          <lines>
            <line number="4" hits="0" branch="False" />
          </lines>
        </class>
        <class name="ConsoleApp06LTest.UnitTest1" filename="ConsoleApp06LTest\UnitTest1.cs" line-rate="1" branch-rate="1" complexity="1">
          <methods>
            <method name="TestMethod1" signature="()" line-rate="1" branch-rate="1" complexity="1">
              <lines>
                <line number="8" hits="1" branch="False" />
                <line number="9" hits="1" branch="False" />
              </lines>
            </method>
          </methods>
          <lines>
            <line number="8" hits="1" branch="False" />
            <line number="9" hits="1" branch="False" />
          </lines>
        </class>
      </classes>
    </package>
  </packages>
</coverage>