TpTrace Verbose: 0 : 3264, 1, 2023/12/27, 18:31:35.042, 313977080809, vstest.console.dll, Version: 17.7.1-release-23418-01 Current process architecture: X64
TpTrace Verbose: 0 : 3264, 1, 2023/12/27, 18:31:35.054, 313977197090, vstest.console.dll, Runtime location: C:\Program Files\dotnet\shared\Microsoft.NETCore.App\7.0.11
TpTrace Verbose: 0 : 3264, 1, 2023/12/27, 18:31:35.075, 313977415436, vstest.console.dll, ArtifactProcessingPostProcessModeProcessorExecutor.Initialize: ArtifactProcessingMode.Collect
TpTrace Verbose: 0 : 3264, 1, 2023/12/27, 18:31:35.076, 313977423477, vstest.console.dll, TestSessionCorrelationIdProcessorModeProcessorExecutor.Initialize: TestSessionCorrelationId '14072_d7b97bd2-b981-4a73-9d08-1571f20d204b'
TpTrace Information: 0 : 3264, 1, 2023/12/27, 18:31:35.133, 313977995022, vstest.console.dll, FilePatternParser: The given file D:\GeekBrains\My Git\NetworkApplicationCSharp\06_Lekcion\ConsoleApp06LTest\bin\Debug\net7.0\fine-code-coverage\build-output\ConsoleApp06LTest.dll is a full path.
TpTrace Verbose: 0 : 3264, 1, 2023/12/27, 18:31:35.169, 313978351582, vstest.console.dll, TestPluginCache.DiscoverTestExtensions: finding test extensions in assemblies ends with: RuntimeProvider.dll TPluginInfo: Microsoft.VisualStudio.TestPlatform.Common.ExtensionFramework.Utilities.TestRuntimePluginInformation TExtension: Microsoft.VisualStudio.TestPlatform.ObjectModel.Host.ITestRuntimeProvider
TpTrace Verbose: 0 : 3264, 1, 2023/12/27, 18:31:35.170, 313978363766, vstest.console.dll, TestPluginCache.GetExtensionPaths: Filtered extension paths: 
TpTrace Verbose: 0 : 3264, 1, 2023/12/27, 18:31:35.171, 313978368595, vstest.console.dll, TestPluginCache.GetExtensionPaths: Added default extension paths: C:\Program Files\dotnet\sdk\7.0.401\Extensions\Microsoft.Diagnostics.NETCore.Client.dll
C:\Program Files\dotnet\sdk\7.0.401\Extensions\Microsoft.TestPlatform.Extensions.BlameDataCollector.dll
C:\Program Files\dotnet\sdk\7.0.401\Extensions\Microsoft.TestPlatform.Extensions.EventLogCollector.dll
C:\Program Files\dotnet\sdk\7.0.401\Extensions\Microsoft.TestPlatform.TestHostRuntimeProvider.dll
C:\Program Files\dotnet\sdk\7.0.401\Extensions\Microsoft.VisualStudio.TestPlatform.Extensions.Html.TestLogger.dll
C:\Program Files\dotnet\sdk\7.0.401\Extensions\Microsoft.VisualStudio.TestPlatform.Extensions.Trx.TestLogger.dll
TpTrace Verbose: 0 : 3264, 1, 2023/12/27, 18:31:35.171, 313978371864, vstest.console.dll, TestPluginCache.GetExtensionPaths: Added unfilterableExtensionPaths: 
TpTrace Information: 0 : 3264, 1, 2023/12/27, 18:31:35.174, 313978397355, vstest.console.dll, AssemblyResolver.ctor: Creating AssemblyResolver with searchDirectories C:\Program Files\dotnet\sdk\7.0.401\Extensions,C:\Program Files\dotnet\sdk\7.0.401
TpTrace Verbose: 0 : 3264, 1, 2023/12/27, 18:31:35.177, 313978434335, vstest.console.dll, TestPluginCache.DiscoverTestExtensions: Discovering the extensions using extension path.
TpTrace Verbose: 0 : 3264, 1, 2023/12/27, 18:31:35.178, 313978440380, vstest.console.dll, TestPluginCache.GetExtensionPaths: Filtered extension paths: 
TpTrace Verbose: 0 : 3264, 1, 2023/12/27, 18:31:35.178, 313978443179, vstest.console.dll, TestPluginCache.GetExtensionPaths: Added default extension paths: C:\Program Files\dotnet\sdk\7.0.401\Extensions\Microsoft.Diagnostics.NETCore.Client.dll
C:\Program Files\dotnet\sdk\7.0.401\Extensions\Microsoft.TestPlatform.Extensions.BlameDataCollector.dll
C:\Program Files\dotnet\sdk\7.0.401\Extensions\Microsoft.TestPlatform.Extensions.EventLogCollector.dll
C:\Program Files\dotnet\sdk\7.0.401\Extensions\Microsoft.TestPlatform.TestHostRuntimeProvider.dll
C:\Program Files\dotnet\sdk\7.0.401\Extensions\Microsoft.VisualStudio.TestPlatform.Extensions.Html.TestLogger.dll
C:\Program Files\dotnet\sdk\7.0.401\Extensions\Microsoft.VisualStudio.TestPlatform.Extensions.Trx.TestLogger.dll
TpTrace Verbose: 0 : 3264, 1, 2023/12/27, 18:31:35.179, 313978445919, vstest.console.dll, TestPluginCache.GetExtensionPaths: Added unfilterableExtensionPaths: 
TpTrace Verbose: 0 : 3264, 1, 2023/12/27, 18:31:35.179, 313978451120, vstest.console.dll, TestPluginCache.DiscoverTestExtensions: Discovering the extensions using allExtensionPaths: C:\Program Files\dotnet\sdk\7.0.401\Extensions\Microsoft.Diagnostics.NETCore.Client.dll
C:\Program Files\dotnet\sdk\7.0.401\Extensions\Microsoft.TestPlatform.Extensions.BlameDataCollector.dll
C:\Program Files\dotnet\sdk\7.0.401\Extensions\Microsoft.TestPlatform.Extensions.EventLogCollector.dll
C:\Program Files\dotnet\sdk\7.0.401\Extensions\Microsoft.TestPlatform.TestHostRuntimeProvider.dll
C:\Program Files\dotnet\sdk\7.0.401\Extensions\Microsoft.VisualStudio.TestPlatform.Extensions.Html.TestLogger.dll
C:\Program Files\dotnet\sdk\7.0.401\Extensions\Microsoft.VisualStudio.TestPlatform.Extensions.Trx.TestLogger.dll
TpTrace Information: 0 : 3264, 1, 2023/12/27, 18:31:35.180, 313978458157, vstest.console.dll, AssemblyResolver.AddSearchDirectories: Adding more searchDirectories C:\Program Files\dotnet\sdk\7.0.401\Extensions,C:\Program Files\dotnet\sdk\7.0.401
TpTrace Information: 0 : 3264, 1, 2023/12/27, 18:31:35.180, 313978463938, vstest.console.dll, AssemblyResolver.AddSearchDirectories: Adding more searchDirectories C:\Program Files\dotnet\sdk\7.0.401\Extensions,C:\Program Files\dotnet\sdk\7.0.401
TpTrace Information: 0 : 3264, 1, 2023/12/27, 18:31:35.181, 313978466956, vstest.console.dll, AssemblyResolver.AddSearchDirectories: Adding more searchDirectories C:\Program Files\dotnet\sdk\7.0.401\Extensions,C:\Program Files\dotnet\sdk\7.0.401
TpTrace Information: 0 : 3264, 1, 2023/12/27, 18:31:35.181, 313978469667, vstest.console.dll, AssemblyResolver.AddSearchDirectories: Adding more searchDirectories C:\Program Files\dotnet\sdk\7.0.401\Extensions,C:\Program Files\dotnet\sdk\7.0.401
TpTrace Information: 0 : 3264, 1, 2023/12/27, 18:31:35.181, 313978472647, vstest.console.dll, AssemblyResolver.AddSearchDirectories: Adding more searchDirectories C:\Program Files\dotnet\sdk\7.0.401\Extensions,C:\Program Files\dotnet\sdk\7.0.401
TpTrace Information: 0 : 3264, 1, 2023/12/27, 18:31:35.181, 313978475351, vstest.console.dll, AssemblyResolver.AddSearchDirectories: Adding more searchDirectories C:\Program Files\dotnet\sdk\7.0.401\Extensions,C:\Program Files\dotnet\sdk\7.0.401
TpTrace Information: 0 : 3264, 1, 2023/12/27, 18:31:35.183, 313978491746, vstest.console.dll, AssemblyResolver.OnResolve: Microsoft.Diagnostics.NETCore.Client: Resolving assembly.
TpTrace Information: 0 : 3264, 1, 2023/12/27, 18:31:35.184, 313978496034, vstest.console.dll, AssemblyResolver.OnResolve: Microsoft.Diagnostics.NETCore.Client: Searching in: 'C:\Program Files\dotnet\sdk\7.0.401\Extensions'.
TpTrace Information: 0 : 3264, 1, 2023/12/27, 18:31:35.214, 313978803469, vstest.console.dll, AssemblyResolver.OnResolve: Microsoft.Diagnostics.NETCore.Client: Loading assembly 'C:\Program Files\dotnet\sdk\7.0.401\Extensions\Microsoft.Diagnostics.NETCore.Client.dll'.
TpTrace Information: 0 : 3264, 1, 2023/12/27, 18:31:35.221, 313978868883, vstest.console.dll, AssemblyResolver.OnResolve: Resolved assembly: Microsoft.Diagnostics.NETCore.Client, from path: C:\Program Files\dotnet\sdk\7.0.401\Extensions\Microsoft.Diagnostics.NETCore.Client.dll
TpTrace Verbose: 0 : 3264, 1, 2023/12/27, 18:31:35.225, 313978914449, vstest.console.dll, MetadataReaderExtensionsHelper: Discovering extensions inside assembly 'Microsoft.Diagnostics.NETCore.Client, Version=0.2.8.21101, Culture=neutral, PublicKeyToken=31bf3856ad364e35' file path 'C:\Program Files\dotnet\sdk\7.0.401\Extensions\Microsoft.Diagnostics.NETCore.Client.dll'
TpTrace Information: 0 : 3264, 1, 2023/12/27, 18:31:35.242, 313979078878, vstest.console.dll, AssemblyResolver.OnResolve: Microsoft.Bcl.AsyncInterfaces: Resolving assembly.
TpTrace Information: 0 : 3264, 1, 2023/12/27, 18:31:35.242, 313979084832, vstest.console.dll, AssemblyResolver.OnResolve: Microsoft.Bcl.AsyncInterfaces: Searching in: 'C:\Program Files\dotnet\sdk\7.0.401\Extensions'.
TpTrace Information: 0 : 3264, 1, 2023/12/27, 18:31:35.243, 313979089143, vstest.console.dll, AssemblyResolver.OnResolve: Microsoft.Bcl.AsyncInterfaces: Assembly path does not exist: 'C:\Program Files\dotnet\sdk\7.0.401\Extensions\Microsoft.Bcl.AsyncInterfaces.dll', returning.
TpTrace Information: 0 : 3264, 1, 2023/12/27, 18:31:35.243, 313979094664, vstest.console.dll, AssemblyResolver.OnResolve: Microsoft.Bcl.AsyncInterfaces: Assembly path does not exist: 'C:\Program Files\dotnet\sdk\7.0.401\Extensions\Microsoft.Bcl.AsyncInterfaces.exe', returning.
TpTrace Information: 0 : 3264, 1, 2023/12/27, 18:31:35.244, 313979097361, vstest.console.dll, AssemblyResolver.OnResolve: Microsoft.Bcl.AsyncInterfaces: Searching in: 'C:\Program Files\dotnet\sdk\7.0.401'.
TpTrace Information: 0 : 3264, 1, 2023/12/27, 18:31:35.244, 313979100704, vstest.console.dll, AssemblyResolver.OnResolve: Microsoft.Bcl.AsyncInterfaces: Assembly path does not exist: 'C:\Program Files\dotnet\sdk\7.0.401\Microsoft.Bcl.AsyncInterfaces.dll', returning.
TpTrace Information: 0 : 3264, 1, 2023/12/27, 18:31:35.244, 313979103984, vstest.console.dll, AssemblyResolver.OnResolve: Microsoft.Bcl.AsyncInterfaces: Assembly path does not exist: 'C:\Program Files\dotnet\sdk\7.0.401\Microsoft.Bcl.AsyncInterfaces.exe', returning.
TpTrace Information: 0 : 3264, 1, 2023/12/27, 18:31:35.245, 313979106669, vstest.console.dll, AssemblyResolver.OnResolve: Microsoft.Bcl.AsyncInterfaces: Failed to load assembly.
TpTrace Verbose: 0 : 3264, 1, 2023/12/27, 18:31:35.245, 313979109420, vstest.console.dll, CurrentDomainAssemblyResolve: Resolving assembly 'Microsoft.Bcl.AsyncInterfaces'.
TpTrace Information: 0 : 3264, 1, 2023/12/27, 18:31:35.245, 313979113653, vstest.console.dll, AssemblyResolver.OnResolve: Microsoft.Bcl.AsyncInterfaces: Resolving assembly.
TpTrace Information: 0 : 3264, 1, 2023/12/27, 18:31:35.246, 313979117517, vstest.console.dll, AssemblyResolver.OnResolve: Microsoft.Bcl.AsyncInterfaces: Resolved from cache.
TpTrace Verbose: 0 : 3264, 1, 2023/12/27, 18:31:35.246, 313979121916, vstest.console.dll, CurrentDomainAssemblyResolve: Resolving assembly 'Microsoft.Bcl.AsyncInterfaces'.
TpTrace Verbose: 0 : 3264, 1, 2023/12/27, 18:31:35.246, 313979125289, vstest.console.dll, CurrentDomainAssemblyResolve: Failed to resolve assembly 'Microsoft.Bcl.AsyncInterfaces'.
TpTrace Verbose: 0 : 3264, 1, 2023/12/27, 18:31:35.264, 313979297230, vstest.console.dll, CurrentDomainAssemblyResolve: Failed to resolve assembly 'Microsoft.Bcl.AsyncInterfaces'.
TpTrace Warning: 0 : 3264, 1, 2023/12/27, 18:31:35.331, 313979969571, vstest.console.dll, TestPluginDiscoverer: Failed to get types from assembly 'Microsoft.Diagnostics.NETCore.Client, Version=0.2.8.21101, Culture=neutral, PublicKeyToken=31bf3856ad364e35'. Error: System.Reflection.ReflectionTypeLoadException: Unable to load one or more of the requested types.
Could not load file or assembly 'Microsoft.Bcl.AsyncInterfaces, Version=1.0.0.0, Culture=neutral, PublicKeyToken=cc7b13ffcd2ddd51'. Не удается найти указанный файл.
   at System.Reflection.RuntimeModule.GetTypes(RuntimeModule module)
   at System.Reflection.Assembly.GetTypes()
   at Microsoft.VisualStudio.TestPlatform.Common.ExtensionFramework.TestPluginDiscoverer.GetTestExtensionsFromAssembly[TPluginInfo,TExtension](Assembly assembly, Dictionary`2 pluginInfos, String filePath) in /_/src/Microsoft.TestPlatform.Common/ExtensionFramework/TestPluginDiscoverer.cs:line 158
System.IO.FileNotFoundException: Could not load file or assembly 'Microsoft.Bcl.AsyncInterfaces, Version=1.0.0.0, Culture=neutral, PublicKeyToken=cc7b13ffcd2ddd51'. Не удается найти указанный файл.
File name: 'Microsoft.Bcl.AsyncInterfaces, Version=1.0.0.0, Culture=neutral, PublicKeyToken=cc7b13ffcd2ddd51'
 ---> System.IO.FileNotFoundException: Could not load file or assembly 'Microsoft.Bcl.AsyncInterfaces, Culture=neutral, PublicKeyToken=null'. Не удается найти указанный файл.
File name: 'Microsoft.Bcl.AsyncInterfaces, Culture=neutral, PublicKeyToken=null'
   at System.Reflection.RuntimeAssembly.InternalLoad(AssemblyName assemblyName, StackCrawlMark& stackMark, AssemblyLoadContext assemblyLoadContext, RuntimeAssembly requestingAssembly, Boolean throwOnFileNotFound)
   at System.Reflection.Assembly.Load(AssemblyName assemblyRef)
   at Microsoft.VisualStudio.TestPlatform.Common.ExtensionFramework.TestPluginCache.CurrentDomainAssemblyResolve(Object sender, AssemblyResolveEventArgs args) in /_/src/Microsoft.TestPlatform.Common/ExtensionFramework/TestPluginCache.cs:line 513
   at System.Runtime.Loader.AssemblyLoadContext.GetFirstResolvedAssemblyFromResolvingEvent(AssemblyName assemblyName)
   at System.Runtime.Loader.AssemblyLoadContext.ResolveUsingEvent(AssemblyName assemblyName)
   at System.Runtime.Loader.AssemblyLoadContext.ResolveUsingResolvingEvent(IntPtr gchManagedAssemblyLoadContext, AssemblyName assemblyName)
TpTrace Warning: 0 : 3264, 1, 2023/12/27, 18:31:35.333, 313979990097, vstest.console.dll, LoaderExceptions: System.IO.FileNotFoundException: Could not load file or assembly 'Microsoft.Bcl.AsyncInterfaces, Version=1.0.0.0, Culture=neutral, PublicKeyToken=cc7b13ffcd2ddd51'. Не удается найти указанный файл.
File name: 'Microsoft.Bcl.AsyncInterfaces, Version=1.0.0.0, Culture=neutral, PublicKeyToken=cc7b13ffcd2ddd51'
 ---> System.IO.FileNotFoundException: Could not load file or assembly 'Microsoft.Bcl.AsyncInterfaces, Culture=neutral, PublicKeyToken=null'. Не удается найти указанный файл.
File name: 'Microsoft.Bcl.AsyncInterfaces, Culture=neutral, PublicKeyToken=null'
   at System.Reflection.RuntimeAssembly.InternalLoad(AssemblyName assemblyName, StackCrawlMark& stackMark, AssemblyLoadContext assemblyLoadContext, RuntimeAssembly requestingAssembly, Boolean throwOnFileNotFound)
   at System.Reflection.Assembly.Load(AssemblyName assemblyRef)
   at Microsoft.VisualStudio.TestPlatform.Common.ExtensionFramework.TestPluginCache.CurrentDomainAssemblyResolve(Object sender, AssemblyResolveEventArgs args) in /_/src/Microsoft.TestPlatform.Common/ExtensionFramework/TestPluginCache.cs:line 513
   at System.Runtime.Loader.AssemblyLoadContext.GetFirstResolvedAssemblyFromResolvingEvent(AssemblyName assemblyName)
   at System.Runtime.Loader.AssemblyLoadContext.ResolveUsingEvent(AssemblyName assemblyName)
   at System.Runtime.Loader.AssemblyLoadContext.ResolveUsingResolvingEvent(IntPtr gchManagedAssemblyLoadContext, AssemblyName assemblyName)
TpTrace Information: 0 : 3264, 1, 2023/12/27, 18:31:35.334, 313979999679, vstest.console.dll, AssemblyResolver.OnResolve: Microsoft.TestPlatform.Extensions.BlameDataCollector: Resolving assembly.
TpTrace Information: 0 : 3264, 1, 2023/12/27, 18:31:35.334, 313980003429, vstest.console.dll, AssemblyResolver.OnResolve: Microsoft.TestPlatform.Extensions.BlameDataCollector: Searching in: 'C:\Program Files\dotnet\sdk\7.0.401\Extensions'.
TpTrace Information: 0 : 3264, 1, 2023/12/27, 18:31:35.338, 313980042179, vstest.console.dll, AssemblyResolver.OnResolve: Microsoft.TestPlatform.Extensions.BlameDataCollector: Loading assembly 'C:\Program Files\dotnet\sdk\7.0.401\Extensions\Microsoft.TestPlatform.Extensions.BlameDataCollector.dll'.
TpTrace Information: 0 : 3264, 1, 2023/12/27, 18:31:35.342, 313980081714, vstest.console.dll, AssemblyResolver.OnResolve: Resolved assembly: Microsoft.TestPlatform.Extensions.BlameDataCollector, from path: C:\Program Files\dotnet\sdk\7.0.401\Extensions\Microsoft.TestPlatform.Extensions.BlameDataCollector.dll
TpTrace Verbose: 0 : 3264, 1, 2023/12/27, 18:31:35.343, 313980086405, vstest.console.dll, MetadataReaderExtensionsHelper: Discovering extensions inside assembly 'Microsoft.TestPlatform.Extensions.BlameDataCollector, Version=15.0.0.0, Culture=neutral, PublicKeyToken=b03f5f7f11d50a3a' file path 'C:\Program Files\dotnet\sdk\7.0.401\Extensions\Microsoft.TestPlatform.Extensions.BlameDataCollector.dll'
TpTrace Information: 0 : 3264, 1, 2023/12/27, 18:31:35.350, 313980159974, vstest.console.dll, AssemblyResolver.OnResolve: Microsoft.TestPlatform.Extensions.EventLogCollector: Resolving assembly.
TpTrace Information: 0 : 3264, 1, 2023/12/27, 18:31:35.350, 313980164002, vstest.console.dll, AssemblyResolver.OnResolve: Microsoft.TestPlatform.Extensions.EventLogCollector: Searching in: 'C:\Program Files\dotnet\sdk\7.0.401\Extensions'.
TpTrace Information: 0 : 3264, 1, 2023/12/27, 18:31:35.353, 313980194952, vstest.console.dll, AssemblyResolver.OnResolve: Microsoft.TestPlatform.Extensions.EventLogCollector: Loading assembly 'C:\Program Files\dotnet\sdk\7.0.401\Extensions\Microsoft.TestPlatform.Extensions.EventLogCollector.dll'.
TpTrace Information: 0 : 3264, 1, 2023/12/27, 18:31:35.357, 313980228284, vstest.console.dll, AssemblyResolver.OnResolve: Resolved assembly: Microsoft.TestPlatform.Extensions.EventLogCollector, from path: C:\Program Files\dotnet\sdk\7.0.401\Extensions\Microsoft.TestPlatform.Extensions.EventLogCollector.dll
TpTrace Verbose: 0 : 3264, 1, 2023/12/27, 18:31:35.357, 313980232880, vstest.console.dll, MetadataReaderExtensionsHelper: Discovering extensions inside assembly 'Microsoft.TestPlatform.Extensions.EventLogCollector, Version=15.0.0.0, Culture=neutral, PublicKeyToken=b03f5f7f11d50a3a' file path 'C:\Program Files\dotnet\sdk\7.0.401\Extensions\Microsoft.TestPlatform.Extensions.EventLogCollector.dll'
TpTrace Information: 0 : 3264, 1, 2023/12/27, 18:31:35.367, 313980325996, vstest.console.dll, AssemblyResolver.OnResolve: Microsoft.TestPlatform.TestHostRuntimeProvider: Resolving assembly.
TpTrace Information: 0 : 3264, 1, 2023/12/27, 18:31:35.367, 313980331584, vstest.console.dll, AssemblyResolver.OnResolve: Microsoft.TestPlatform.TestHostRuntimeProvider: Searching in: 'C:\Program Files\dotnet\sdk\7.0.401\Extensions'.
TpTrace Information: 0 : 3264, 1, 2023/12/27, 18:31:35.370, 313980365164, vstest.console.dll, AssemblyResolver.OnResolve: Microsoft.TestPlatform.TestHostRuntimeProvider: Loading assembly 'C:\Program Files\dotnet\sdk\7.0.401\Extensions\Microsoft.TestPlatform.TestHostRuntimeProvider.dll'.
TpTrace Information: 0 : 3264, 1, 2023/12/27, 18:31:35.374, 313980396816, vstest.console.dll, AssemblyResolver.OnResolve: Resolved assembly: Microsoft.TestPlatform.TestHostRuntimeProvider, from path: C:\Program Files\dotnet\sdk\7.0.401\Extensions\Microsoft.TestPlatform.TestHostRuntimeProvider.dll
TpTrace Verbose: 0 : 3264, 1, 2023/12/27, 18:31:35.374, 313980402168, vstest.console.dll, MetadataReaderExtensionsHelper: Discovering extensions inside assembly 'Microsoft.TestPlatform.TestHostRuntimeProvider, Version=15.0.0.0, Culture=neutral, PublicKeyToken=b03f5f7f11d50a3a' file path 'C:\Program Files\dotnet\sdk\7.0.401\Extensions\Microsoft.TestPlatform.TestHostRuntimeProvider.dll'
TpTrace Information: 0 : 3264, 1, 2023/12/27, 18:31:35.382, 313980481942, vstest.console.dll, GetTestExtensionFromType: Register extension with identifier data 'HostProvider://DefaultTestHost' and type 'Microsoft.VisualStudio.TestPlatform.CrossPlatEngine.Hosting.DefaultTestHostManager, Microsoft.TestPlatform.TestHostRuntimeProvider, Version=15.0.0.0, Culture=neutral, PublicKeyToken=b03f5f7f11d50a3a' inside file 'C:\Program Files\dotnet\sdk\7.0.401\Extensions\Microsoft.TestPlatform.TestHostRuntimeProvider.dll'
TpTrace Information: 0 : 3264, 1, 2023/12/27, 18:31:35.383, 313980493797, vstest.console.dll, GetTestExtensionFromType: Register extension with identifier data 'HostProvider://DotnetTestHost' and type 'Microsoft.VisualStudio.TestPlatform.CrossPlatEngine.Hosting.DotnetTestHostManager, Microsoft.TestPlatform.TestHostRuntimeProvider, Version=15.0.0.0, Culture=neutral, PublicKeyToken=b03f5f7f11d50a3a' inside file 'C:\Program Files\dotnet\sdk\7.0.401\Extensions\Microsoft.TestPlatform.TestHostRuntimeProvider.dll'
TpTrace Information: 0 : 3264, 1, 2023/12/27, 18:31:35.384, 313980497873, vstest.console.dll, AssemblyResolver.OnResolve: Microsoft.VisualStudio.TestPlatform.Extensions.Html.TestLogger: Resolving assembly.
TpTrace Information: 0 : 3264, 1, 2023/12/27, 18:31:35.384, 313980501074, vstest.console.dll, AssemblyResolver.OnResolve: Microsoft.VisualStudio.TestPlatform.Extensions.Html.TestLogger: Searching in: 'C:\Program Files\dotnet\sdk\7.0.401\Extensions'.
TpTrace Information: 0 : 3264, 1, 2023/12/27, 18:31:35.387, 313980534829, vstest.console.dll, AssemblyResolver.OnResolve: Microsoft.VisualStudio.TestPlatform.Extensions.Html.TestLogger: Loading assembly 'C:\Program Files\dotnet\sdk\7.0.401\Extensions\Microsoft.VisualStudio.TestPlatform.Extensions.Html.TestLogger.dll'.
TpTrace Information: 0 : 3264, 1, 2023/12/27, 18:31:35.389, 313980555150, vstest.console.dll, AssemblyResolver.OnResolve: Resolved assembly: Microsoft.VisualStudio.TestPlatform.Extensions.Html.TestLogger, from path: C:\Program Files\dotnet\sdk\7.0.401\Extensions\Microsoft.VisualStudio.TestPlatform.Extensions.Html.TestLogger.dll
TpTrace Verbose: 0 : 3264, 1, 2023/12/27, 18:31:35.390, 313980559939, vstest.console.dll, MetadataReaderExtensionsHelper: Discovering extensions inside assembly 'Microsoft.VisualStudio.TestPlatform.Extensions.Html.TestLogger, Version=15.0.0.0, Culture=neutral, PublicKeyToken=b03f5f7f11d50a3a' file path 'C:\Program Files\dotnet\sdk\7.0.401\Extensions\Microsoft.VisualStudio.TestPlatform.Extensions.Html.TestLogger.dll'
TpTrace Information: 0 : 3264, 1, 2023/12/27, 18:31:35.394, 313980598672, vstest.console.dll, AssemblyResolver.OnResolve: Microsoft.VisualStudio.TestPlatform.Extensions.Trx.TestLogger: Resolving assembly.
TpTrace Information: 0 : 3264, 1, 2023/12/27, 18:31:35.394, 313980602300, vstest.console.dll, AssemblyResolver.OnResolve: Microsoft.VisualStudio.TestPlatform.Extensions.Trx.TestLogger: Searching in: 'C:\Program Files\dotnet\sdk\7.0.401\Extensions'.
TpTrace Information: 0 : 3264, 1, 2023/12/27, 18:31:35.398, 313980644387, vstest.console.dll, AssemblyResolver.OnResolve: Microsoft.VisualStudio.TestPlatform.Extensions.Trx.TestLogger: Loading assembly 'C:\Program Files\dotnet\sdk\7.0.401\Extensions\Microsoft.VisualStudio.TestPlatform.Extensions.Trx.TestLogger.dll'.
TpTrace Information: 0 : 3264, 1, 2023/12/27, 18:31:35.403, 313980689771, vstest.console.dll, AssemblyResolver.OnResolve: Resolved assembly: Microsoft.VisualStudio.TestPlatform.Extensions.Trx.TestLogger, from path: C:\Program Files\dotnet\sdk\7.0.401\Extensions\Microsoft.VisualStudio.TestPlatform.Extensions.Trx.TestLogger.dll
TpTrace Verbose: 0 : 3264, 1, 2023/12/27, 18:31:35.403, 313980694134, vstest.console.dll, MetadataReaderExtensionsHelper: Discovering extensions inside assembly 'Microsoft.VisualStudio.TestPlatform.Extensions.Trx.TestLogger, Version=15.0.0.0, Culture=neutral, PublicKeyToken=b03f5f7f11d50a3a' file path 'C:\Program Files\dotnet\sdk\7.0.401\Extensions\Microsoft.VisualStudio.TestPlatform.Extensions.Trx.TestLogger.dll'
TpTrace Verbose: 0 : 3264, 1, 2023/12/27, 18:31:35.409, 313980754713, vstest.console.dll, TestPluginCache: Discovered the extensions using extension path ''.
TpTrace Verbose: 0 : 3264, 1, 2023/12/27, 18:31:35.410, 313980759042, vstest.console.dll, TestPluginCache: Discoverers are ''.
TpTrace Verbose: 0 : 3264, 1, 2023/12/27, 18:31:35.410, 313980761588, vstest.console.dll, TestPluginCache: Executors are ''.
TpTrace Verbose: 0 : 3264, 1, 2023/12/27, 18:31:35.410, 313980764024, vstest.console.dll, TestPluginCache: Executors2 are ''.
TpTrace Verbose: 0 : 3264, 1, 2023/12/27, 18:31:35.411, 313980766626, vstest.console.dll, TestPluginCache: Setting providers are ''.
TpTrace Verbose: 0 : 3264, 1, 2023/12/27, 18:31:35.411, 313980769099, vstest.console.dll, TestPluginCache: Loggers are ''.
TpTrace Verbose: 0 : 3264, 1, 2023/12/27, 18:31:35.411, 313980774486, vstest.console.dll, TestPluginCache: TestHosts are 'HostProvider://DefaultTestHost,HostProvider://DotnetTestHost'.
TpTrace Verbose: 0 : 3264, 1, 2023/12/27, 18:31:35.412, 313980777265, vstest.console.dll, TestPluginCache: DataCollectors are ''.
TpTrace Information: 0 : 3264, 1, 2023/12/27, 18:31:35.477, 313981426047, vstest.console.dll, RunTestsArgumentProcessor:Execute: Test run is starting.
TpTrace Verbose: 0 : 3264, 1, 2023/12/27, 18:31:35.477, 313981431331, vstest.console.dll, RunTestsArgumentProcessor:Execute: Queuing Test run.
TpTrace Information: 0 : 3264, 1, 2023/12/27, 18:31:35.478, 313981443253, vstest.console.dll, TestRequestManager.RunTests: run tests started.
TpTrace Information: 0 : 3264, 1, 2023/12/27, 18:31:35.483, 313981494905, vstest.console.dll, AssemblyMetadataProvider.GetFrameworkName: Determined framework:'.NETCoreApp,Version=v7.0' for source: 'D:\GeekBrains\My Git\NetworkApplicationCSharp\06_Lekcion\ConsoleApp06LTest\bin\Debug\net7.0\fine-code-coverage\build-output\ConsoleApp06LTest.dll'
TpTrace Information: 0 : 3264, 1, 2023/12/27, 18:31:35.484, 313981503282, vstest.console.dll, Determined framework for all sources: .NETCoreApp,Version=v7.0
TpTrace Verbose: 0 : 3264, 1, 2023/12/27, 18:31:35.486, 313981518239, vstest.console.dll, TestRequestManager.UpdateRunSettingsIfRequired: Default architecture: X64 IsDefaultTargetArchitecture: True, Current process architecture: X64 OperatingSystem: Windows.
TpTrace Information: 0 : 3264, 1, 2023/12/27, 18:31:35.492, 313981584154, vstest.console.dll, AssemblyMetadataProvider.GetArchitecture: Determined architecture:AnyCPU info for assembly: D:\GeekBrains\My Git\NetworkApplicationCSharp\06_Lekcion\ConsoleApp06LTest\bin\Debug\net7.0\fine-code-coverage\build-output\ConsoleApp06LTest.dll
TpTrace Information: 0 : 3264, 1, 2023/12/27, 18:31:35.493, 313981587496, vstest.console.dll, Determined platform for source 'D:\GeekBrains\My Git\NetworkApplicationCSharp\06_Lekcion\ConsoleApp06LTest\bin\Debug\net7.0\fine-code-coverage\build-output\ConsoleApp06LTest.dll' was AnyCPU and it will use the default plaform X64.
TpTrace Information: 0 : 3264, 1, 2023/12/27, 18:31:35.493, 313981590391, vstest.console.dll, None of the sources provided any runnable platform, using the default platform: X64
TpTrace Information: 0 : 3264, 1, 2023/12/27, 18:31:35.493, 313981595067, vstest.console.dll, Platform was updated to 'X64'.
TpTrace Information: 0 : 3264, 1, 2023/12/27, 18:31:35.515, 313981809706, vstest.console.dll, InferRunSettingsHelper.IsTestSettingsEnabled: Unable to navigate to RunSettings/MSTest. Current node: RunSettings
TpTrace Information: 0 : 3264, 1, 2023/12/27, 18:31:35.518, 313981835956, vstest.console.dll, AssemblyResolver.OnResolve: Microsoft.VisualStudio.TestPlatform.Fakes: Resolving assembly.
TpTrace Information: 0 : 3264, 1, 2023/12/27, 18:31:35.518, 313981839707, vstest.console.dll, AssemblyResolver.OnResolve: Microsoft.VisualStudio.TestPlatform.Fakes: Searching in: 'C:\Program Files\dotnet\sdk\7.0.401\Extensions'.
TpTrace Information: 0 : 3264, 1, 2023/12/27, 18:31:35.518, 313981844277, vstest.console.dll, AssemblyResolver.OnResolve: Microsoft.VisualStudio.TestPlatform.Fakes: Assembly path does not exist: 'C:\Program Files\dotnet\sdk\7.0.401\Extensions\Microsoft.VisualStudio.TestPlatform.Fakes.dll', returning.
TpTrace Information: 0 : 3264, 1, 2023/12/27, 18:31:35.519, 313981847630, vstest.console.dll, AssemblyResolver.OnResolve: Microsoft.VisualStudio.TestPlatform.Fakes: Assembly path does not exist: 'C:\Program Files\dotnet\sdk\7.0.401\Extensions\Microsoft.VisualStudio.TestPlatform.Fakes.exe', returning.
TpTrace Information: 0 : 3264, 1, 2023/12/27, 18:31:35.519, 313981850408, vstest.console.dll, AssemblyResolver.OnResolve: Microsoft.VisualStudio.TestPlatform.Fakes: Searching in: 'C:\Program Files\dotnet\sdk\7.0.401'.
TpTrace Information: 0 : 3264, 1, 2023/12/27, 18:31:35.519, 313981853925, vstest.console.dll, AssemblyResolver.OnResolve: Microsoft.VisualStudio.TestPlatform.Fakes: Assembly path does not exist: 'C:\Program Files\dotnet\sdk\7.0.401\Microsoft.VisualStudio.TestPlatform.Fakes.dll', returning.
TpTrace Information: 0 : 3264, 1, 2023/12/27, 18:31:35.520, 313981857376, vstest.console.dll, AssemblyResolver.OnResolve: Microsoft.VisualStudio.TestPlatform.Fakes: Assembly path does not exist: 'C:\Program Files\dotnet\sdk\7.0.401\Microsoft.VisualStudio.TestPlatform.Fakes.exe', returning.
TpTrace Information: 0 : 3264, 1, 2023/12/27, 18:31:35.520, 313981860075, vstest.console.dll, AssemblyResolver.OnResolve: Microsoft.VisualStudio.TestPlatform.Fakes: Failed to load assembly.
TpTrace Information: 0 : 3264, 1, 2023/12/27, 18:31:35.521, 313981873366, vstest.console.dll, Failed to load assembly Microsoft.VisualStudio.TestPlatform.Fakes, Version=17.0.0.0, Culture=neutral. Reason:System.IO.FileNotFoundException: Could not load file or assembly 'Microsoft.VisualStudio.TestPlatform.Fakes, Version=17.0.0.0, Culture=neutral, PublicKeyToken=null'. Не удается найти указанный файл.
File name: 'Microsoft.VisualStudio.TestPlatform.Fakes, Version=17.0.0.0, Culture=neutral, PublicKeyToken=null'
   at System.Reflection.RuntimeAssembly.InternalLoad(AssemblyName assemblyName, StackCrawlMark& stackMark, AssemblyLoadContext assemblyLoadContext, RuntimeAssembly requestingAssembly, Boolean throwOnFileNotFound)
   at System.Reflection.Assembly.Load(AssemblyName assemblyRef)
   at Microsoft.VisualStudio.TestPlatform.Common.Utilities.FakesUtilities.LoadTestPlatformAssembly() in /_/src/Microsoft.TestPlatform.Common/Utilities/FakesUtilities.cs:line 272
TpTrace Verbose: 0 : 3264, 1, 2023/12/27, 18:31:35.535, 313982014996, vstest.console.dll, TestPluginCache.DiscoverTestExtensions: finding test extensions in assemblies ends with: TestLogger.dll TPluginInfo: Microsoft.VisualStudio.TestPlatform.Common.ExtensionFramework.Utilities.TestLoggerPluginInformation TExtension: Microsoft.VisualStudio.TestPlatform.ObjectModel.Client.ITestLogger
TpTrace Verbose: 0 : 3264, 1, 2023/12/27, 18:31:35.536, 313982019507, vstest.console.dll, TestPluginCache.GetExtensionPaths: Filtered extension paths: 
TpTrace Verbose: 0 : 3264, 1, 2023/12/27, 18:31:35.536, 313982023638, vstest.console.dll, TestPluginCache.GetExtensionPaths: Added default extension paths: C:\Program Files\dotnet\sdk\7.0.401\Extensions\Microsoft.Diagnostics.NETCore.Client.dll
C:\Program Files\dotnet\sdk\7.0.401\Extensions\Microsoft.TestPlatform.Extensions.BlameDataCollector.dll
C:\Program Files\dotnet\sdk\7.0.401\Extensions\Microsoft.TestPlatform.Extensions.EventLogCollector.dll
C:\Program Files\dotnet\sdk\7.0.401\Extensions\Microsoft.TestPlatform.TestHostRuntimeProvider.dll
C:\Program Files\dotnet\sdk\7.0.401\Extensions\Microsoft.VisualStudio.TestPlatform.Extensions.Html.TestLogger.dll
C:\Program Files\dotnet\sdk\7.0.401\Extensions\Microsoft.VisualStudio.TestPlatform.Extensions.Trx.TestLogger.dll
TpTrace Verbose: 0 : 3264, 1, 2023/12/27, 18:31:35.537, 313982027564, vstest.console.dll, TestPluginCache.GetExtensionPaths: Added unfilterableExtensionPaths: 
TpTrace Information: 0 : 3264, 1, 2023/12/27, 18:31:35.537, 313982035185, vstest.console.dll, AssemblyResolver.AddSearchDirectories: Adding more searchDirectories C:\Program Files\dotnet\sdk\7.0.401\Extensions,C:\Program Files\dotnet\sdk\7.0.401
TpTrace Verbose: 0 : 3264, 1, 2023/12/27, 18:31:35.538, 313982039328, vstest.console.dll, TestPluginCache.DiscoverTestExtensions: Discovering the extensions using extension path.
TpTrace Verbose: 0 : 3264, 1, 2023/12/27, 18:31:35.538, 313982043327, vstest.console.dll, TestPluginCache.GetExtensionPaths: Filtered extension paths: 
TpTrace Verbose: 0 : 3264, 1, 2023/12/27, 18:31:35.539, 313982047294, vstest.console.dll, TestPluginCache.GetExtensionPaths: Added default extension paths: C:\Program Files\dotnet\sdk\7.0.401\Extensions\Microsoft.Diagnostics.NETCore.Client.dll
C:\Program Files\dotnet\sdk\7.0.401\Extensions\Microsoft.TestPlatform.Extensions.BlameDataCollector.dll
C:\Program Files\dotnet\sdk\7.0.401\Extensions\Microsoft.TestPlatform.Extensions.EventLogCollector.dll
C:\Program Files\dotnet\sdk\7.0.401\Extensions\Microsoft.TestPlatform.TestHostRuntimeProvider.dll
C:\Program Files\dotnet\sdk\7.0.401\Extensions\Microsoft.VisualStudio.TestPlatform.Extensions.Html.TestLogger.dll
C:\Program Files\dotnet\sdk\7.0.401\Extensions\Microsoft.VisualStudio.TestPlatform.Extensions.Trx.TestLogger.dll
TpTrace Verbose: 0 : 3264, 1, 2023/12/27, 18:31:35.539, 313982051633, vstest.console.dll, TestPluginCache.GetExtensionPaths: Added unfilterableExtensionPaths: 
TpTrace Verbose: 0 : 3264, 1, 2023/12/27, 18:31:35.540, 313982056009, vstest.console.dll, TestPluginCache.DiscoverTestExtensions: Discovering the extensions using allExtensionPaths: C:\Program Files\dotnet\sdk\7.0.401\Extensions\Microsoft.Diagnostics.NETCore.Client.dll
C:\Program Files\dotnet\sdk\7.0.401\Extensions\Microsoft.TestPlatform.Extensions.BlameDataCollector.dll
C:\Program Files\dotnet\sdk\7.0.401\Extensions\Microsoft.TestPlatform.Extensions.EventLogCollector.dll
C:\Program Files\dotnet\sdk\7.0.401\Extensions\Microsoft.TestPlatform.TestHostRuntimeProvider.dll
C:\Program Files\dotnet\sdk\7.0.401\Extensions\Microsoft.VisualStudio.TestPlatform.Extensions.Html.TestLogger.dll
C:\Program Files\dotnet\sdk\7.0.401\Extensions\Microsoft.VisualStudio.TestPlatform.Extensions.Trx.TestLogger.dll
TpTrace Information: 0 : 3264, 1, 2023/12/27, 18:31:35.540, 313982059583, vstest.console.dll, AssemblyResolver.AddSearchDirectories: Adding more searchDirectories C:\Program Files\dotnet\sdk\7.0.401\Extensions,C:\Program Files\dotnet\sdk\7.0.401
TpTrace Information: 0 : 3264, 1, 2023/12/27, 18:31:35.540, 313982063180, vstest.console.dll, AssemblyResolver.AddSearchDirectories: Adding more searchDirectories C:\Program Files\dotnet\sdk\7.0.401\Extensions,C:\Program Files\dotnet\sdk\7.0.401
TpTrace Information: 0 : 3264, 1, 2023/12/27, 18:31:35.541, 313982066935, vstest.console.dll, AssemblyResolver.AddSearchDirectories: Adding more searchDirectories C:\Program Files\dotnet\sdk\7.0.401\Extensions,C:\Program Files\dotnet\sdk\7.0.401
TpTrace Information: 0 : 3264, 1, 2023/12/27, 18:31:35.541, 313982069671, vstest.console.dll, AssemblyResolver.AddSearchDirectories: Adding more searchDirectories C:\Program Files\dotnet\sdk\7.0.401\Extensions,C:\Program Files\dotnet\sdk\7.0.401
TpTrace Information: 0 : 3264, 1, 2023/12/27, 18:31:35.541, 313982072622, vstest.console.dll, AssemblyResolver.AddSearchDirectories: Adding more searchDirectories C:\Program Files\dotnet\sdk\7.0.401\Extensions,C:\Program Files\dotnet\sdk\7.0.401
TpTrace Information: 0 : 3264, 1, 2023/12/27, 18:31:35.541, 313982075393, vstest.console.dll, AssemblyResolver.AddSearchDirectories: Adding more searchDirectories C:\Program Files\dotnet\sdk\7.0.401\Extensions,C:\Program Files\dotnet\sdk\7.0.401
TpTrace Verbose: 0 : 3264, 1, 2023/12/27, 18:31:35.542, 313982080275, vstest.console.dll, MetadataReaderExtensionsHelper: Discovering extensions inside assembly 'Microsoft.Diagnostics.NETCore.Client, Version=0.2.8.21101, Culture=neutral, PublicKeyToken=31bf3856ad364e35' file path 'C:\Program Files\dotnet\sdk\7.0.401\Extensions\Microsoft.Diagnostics.NETCore.Client.dll'
TpTrace Information: 0 : 3264, 1, 2023/12/27, 18:31:35.545, 313982111203, vstest.console.dll, AssemblyResolver.OnResolve: Microsoft.Bcl.AsyncInterfaces: Resolving assembly.
TpTrace Information: 0 : 3264, 1, 2023/12/27, 18:31:35.545, 313982114566, vstest.console.dll, AssemblyResolver.OnResolve: Microsoft.Bcl.AsyncInterfaces: Resolved from cache.
TpTrace Verbose: 0 : 3264, 1, 2023/12/27, 18:31:35.546, 313982117310, vstest.console.dll, CurrentDomainAssemblyResolve: Resolving assembly 'Microsoft.Bcl.AsyncInterfaces'.
TpTrace Information: 0 : 3264, 1, 2023/12/27, 18:31:35.546, 313982120348, vstest.console.dll, AssemblyResolver.OnResolve: Microsoft.Bcl.AsyncInterfaces: Resolving assembly.
TpTrace Information: 0 : 3264, 1, 2023/12/27, 18:31:35.546, 313982124418, vstest.console.dll, AssemblyResolver.OnResolve: Microsoft.Bcl.AsyncInterfaces: Resolved from cache.
TpTrace Verbose: 0 : 3264, 1, 2023/12/27, 18:31:35.547, 313982128437, vstest.console.dll, CurrentDomainAssemblyResolve: Resolving assembly 'Microsoft.Bcl.AsyncInterfaces'.
TpTrace Verbose: 0 : 3264, 1, 2023/12/27, 18:31:35.547, 313982131559, vstest.console.dll, CurrentDomainAssemblyResolve: Failed to resolve assembly 'Microsoft.Bcl.AsyncInterfaces'.
TpTrace Verbose: 0 : 3264, 1, 2023/12/27, 18:31:35.548, 313982140148, vstest.console.dll, CurrentDomainAssemblyResolve: Failed to resolve assembly 'Microsoft.Bcl.AsyncInterfaces'.
TpTrace Warning: 0 : 3264, 1, 2023/12/27, 18:31:35.550, 313982157497, vstest.console.dll, TestPluginDiscoverer: Failed to get types from assembly 'Microsoft.Diagnostics.NETCore.Client, Version=0.2.8.21101, Culture=neutral, PublicKeyToken=31bf3856ad364e35'. Error: System.Reflection.ReflectionTypeLoadException: Unable to load one or more of the requested types.
Could not load file or assembly 'Microsoft.Bcl.AsyncInterfaces, Version=1.0.0.0, Culture=neutral, PublicKeyToken=cc7b13ffcd2ddd51'. Не удается найти указанный файл.
   at System.Reflection.RuntimeModule.GetTypes(RuntimeModule module)
   at System.Reflection.Assembly.GetTypes()
   at Microsoft.VisualStudio.TestPlatform.Common.ExtensionFramework.TestPluginDiscoverer.GetTestExtensionsFromAssembly[TPluginInfo,TExtension](Assembly assembly, Dictionary`2 pluginInfos, String filePath) in /_/src/Microsoft.TestPlatform.Common/ExtensionFramework/TestPluginDiscoverer.cs:line 158
System.IO.FileNotFoundException: Could not load file or assembly 'Microsoft.Bcl.AsyncInterfaces, Version=1.0.0.0, Culture=neutral, PublicKeyToken=cc7b13ffcd2ddd51'. Не удается найти указанный файл.
File name: 'Microsoft.Bcl.AsyncInterfaces, Version=1.0.0.0, Culture=neutral, PublicKeyToken=cc7b13ffcd2ddd51'
 ---> System.IO.FileNotFoundException: Could not load file or assembly 'Microsoft.Bcl.AsyncInterfaces, Culture=neutral, PublicKeyToken=null'. Не удается найти указанный файл.
File name: 'Microsoft.Bcl.AsyncInterfaces, Culture=neutral, PublicKeyToken=null'
   at System.Reflection.RuntimeAssembly.InternalLoad(AssemblyName assemblyName, StackCrawlMark& stackMark, AssemblyLoadContext assemblyLoadContext, RuntimeAssembly requestingAssembly, Boolean throwOnFileNotFound)
   at System.Reflection.Assembly.Load(AssemblyName assemblyRef)
   at Microsoft.VisualStudio.TestPlatform.Common.ExtensionFramework.TestPluginCache.CurrentDomainAssemblyResolve(Object sender, AssemblyResolveEventArgs args) in /_/src/Microsoft.TestPlatform.Common/ExtensionFramework/TestPluginCache.cs:line 513
   at System.Runtime.Loader.AssemblyLoadContext.GetFirstResolvedAssemblyFromResolvingEvent(AssemblyName assemblyName)
   at System.Runtime.Loader.AssemblyLoadContext.ResolveUsingEvent(AssemblyName assemblyName)
   at System.Runtime.Loader.AssemblyLoadContext.ResolveUsingResolvingEvent(IntPtr gchManagedAssemblyLoadContext, AssemblyName assemblyName)
TpTrace Warning: 0 : 3264, 1, 2023/12/27, 18:31:35.551, 313982165471, vstest.console.dll, LoaderExceptions: System.IO.FileNotFoundException: Could not load file or assembly 'Microsoft.Bcl.AsyncInterfaces, Version=1.0.0.0, Culture=neutral, PublicKeyToken=cc7b13ffcd2ddd51'. Не удается найти указанный файл.
File name: 'Microsoft.Bcl.AsyncInterfaces, Version=1.0.0.0, Culture=neutral, PublicKeyToken=cc7b13ffcd2ddd51'
 ---> System.IO.FileNotFoundException: Could not load file or assembly 'Microsoft.Bcl.AsyncInterfaces, Culture=neutral, PublicKeyToken=null'. Не удается найти указанный файл.
File name: 'Microsoft.Bcl.AsyncInterfaces, Culture=neutral, PublicKeyToken=null'
   at System.Reflection.RuntimeAssembly.InternalLoad(AssemblyName assemblyName, StackCrawlMark& stackMark, AssemblyLoadContext assemblyLoadContext, RuntimeAssembly requestingAssembly, Boolean throwOnFileNotFound)
   at System.Reflection.Assembly.Load(AssemblyName assemblyRef)
   at Microsoft.VisualStudio.TestPlatform.Common.ExtensionFramework.TestPluginCache.CurrentDomainAssemblyResolve(Object sender, AssemblyResolveEventArgs args) in /_/src/Microsoft.TestPlatform.Common/ExtensionFramework/TestPluginCache.cs:line 513
   at System.Runtime.Loader.AssemblyLoadContext.GetFirstResolvedAssemblyFromResolvingEvent(AssemblyName assemblyName)
   at System.Runtime.Loader.AssemblyLoadContext.ResolveUsingEvent(AssemblyName assemblyName)
   at System.Runtime.Loader.AssemblyLoadContext.ResolveUsingResolvingEvent(IntPtr gchManagedAssemblyLoadContext, AssemblyName assemblyName)
TpTrace Verbose: 0 : 3264, 1, 2023/12/27, 18:31:35.551, 313982171083, vstest.console.dll, MetadataReaderExtensionsHelper: Discovering extensions inside assembly 'Microsoft.TestPlatform.Extensions.BlameDataCollector, Version=15.0.0.0, Culture=neutral, PublicKeyToken=b03f5f7f11d50a3a' file path 'C:\Program Files\dotnet\sdk\7.0.401\Extensions\Microsoft.TestPlatform.Extensions.BlameDataCollector.dll'
TpTrace Information: 0 : 3264, 1, 2023/12/27, 18:31:35.554, 313982202006, vstest.console.dll, GetTestExtensionFromType: Register extension with identifier data 'logger://Microsoft/TestPlatform/Extensions/Blame/v1' and type 'Microsoft.TestPlatform.Extensions.BlameDataCollector.BlameLogger, Microsoft.TestPlatform.Extensions.BlameDataCollector, Version=15.0.0.0, Culture=neutral, PublicKeyToken=b03f5f7f11d50a3a' inside file 'C:\Program Files\dotnet\sdk\7.0.401\Extensions\Microsoft.TestPlatform.Extensions.BlameDataCollector.dll'
TpTrace Verbose: 0 : 3264, 1, 2023/12/27, 18:31:35.555, 313982206333, vstest.console.dll, MetadataReaderExtensionsHelper: Discovering extensions inside assembly 'Microsoft.TestPlatform.Extensions.EventLogCollector, Version=15.0.0.0, Culture=neutral, PublicKeyToken=b03f5f7f11d50a3a' file path 'C:\Program Files\dotnet\sdk\7.0.401\Extensions\Microsoft.TestPlatform.Extensions.EventLogCollector.dll'
TpTrace Verbose: 0 : 3264, 1, 2023/12/27, 18:31:35.556, 313982224478, vstest.console.dll, MetadataReaderExtensionsHelper: Discovering extensions inside assembly 'Microsoft.TestPlatform.TestHostRuntimeProvider, Version=15.0.0.0, Culture=neutral, PublicKeyToken=b03f5f7f11d50a3a' file path 'C:\Program Files\dotnet\sdk\7.0.401\Extensions\Microsoft.TestPlatform.TestHostRuntimeProvider.dll'
TpTrace Verbose: 0 : 3264, 1, 2023/12/27, 18:31:35.558, 313982239369, vstest.console.dll, MetadataReaderExtensionsHelper: Discovering extensions inside assembly 'Microsoft.VisualStudio.TestPlatform.Extensions.Html.TestLogger, Version=15.0.0.0, Culture=neutral, PublicKeyToken=b03f5f7f11d50a3a' file path 'C:\Program Files\dotnet\sdk\7.0.401\Extensions\Microsoft.VisualStudio.TestPlatform.Extensions.Html.TestLogger.dll'
TpTrace Information: 0 : 3264, 1, 2023/12/27, 18:31:35.560, 313982259671, vstest.console.dll, GetTestExtensionFromType: Register extension with identifier data 'logger://Microsoft/TestPlatform/HtmlLogger/v1' and type 'Microsoft.VisualStudio.TestPlatform.Extensions.HtmlLogger.HtmlLogger, Microsoft.VisualStudio.TestPlatform.Extensions.Html.TestLogger, Version=15.0.0.0, Culture=neutral, PublicKeyToken=b03f5f7f11d50a3a' inside file 'C:\Program Files\dotnet\sdk\7.0.401\Extensions\Microsoft.VisualStudio.TestPlatform.Extensions.Html.TestLogger.dll'
TpTrace Verbose: 0 : 3264, 1, 2023/12/27, 18:31:35.560, 313982263380, vstest.console.dll, MetadataReaderExtensionsHelper: Discovering extensions inside assembly 'Microsoft.VisualStudio.TestPlatform.Extensions.Trx.TestLogger, Version=15.0.0.0, Culture=neutral, PublicKeyToken=b03f5f7f11d50a3a' file path 'C:\Program Files\dotnet\sdk\7.0.401\Extensions\Microsoft.VisualStudio.TestPlatform.Extensions.Trx.TestLogger.dll'
TpTrace Information: 0 : 3264, 1, 2023/12/27, 18:31:35.562, 313982278422, vstest.console.dll, GetTestExtensionFromType: Register extension with identifier data 'logger://Microsoft/TestPlatform/TrxLogger/v1' and type 'Microsoft.VisualStudio.TestPlatform.Extensions.TrxLogger.TrxLogger, Microsoft.VisualStudio.TestPlatform.Extensions.Trx.TestLogger, Version=15.0.0.0, Culture=neutral, PublicKeyToken=b03f5f7f11d50a3a' inside file 'C:\Program Files\dotnet\sdk\7.0.401\Extensions\Microsoft.VisualStudio.TestPlatform.Extensions.Trx.TestLogger.dll'
TpTrace Verbose: 0 : 3264, 1, 2023/12/27, 18:31:35.562, 313982282879, vstest.console.dll, TestPluginCache: Discovered the extensions using extension path ''.
TpTrace Verbose: 0 : 3264, 1, 2023/12/27, 18:31:35.563, 313982285504, vstest.console.dll, TestPluginCache: Discoverers are ''.
TpTrace Verbose: 0 : 3264, 1, 2023/12/27, 18:31:35.563, 313982287952, vstest.console.dll, TestPluginCache: Executors are ''.
TpTrace Verbose: 0 : 3264, 1, 2023/12/27, 18:31:35.563, 313982291063, vstest.console.dll, TestPluginCache: Executors2 are ''.
TpTrace Verbose: 0 : 3264, 1, 2023/12/27, 18:31:35.563, 313982293960, vstest.console.dll, TestPluginCache: Setting providers are ''.
TpTrace Verbose: 0 : 3264, 1, 2023/12/27, 18:31:35.564, 313982298640, vstest.console.dll, TestPluginCache: Loggers are 'logger://Microsoft/TestPlatform/Extensions/Blame/v1,logger://Microsoft/TestPlatform/HtmlLogger/v1,logger://Microsoft/TestPlatform/TrxLogger/v1'.
TpTrace Verbose: 0 : 3264, 1, 2023/12/27, 18:31:35.564, 313982302732, vstest.console.dll, TestPluginCache: TestHosts are 'HostProvider://DefaultTestHost,HostProvider://DotnetTestHost'.
TpTrace Verbose: 0 : 3264, 1, 2023/12/27, 18:31:35.565, 313982305501, vstest.console.dll, TestPluginCache: DataCollectors are ''.
TpTrace Information: 0 : 3264, 1, 2023/12/27, 18:31:35.568, 313982339639, vstest.console.dll, TestPluginManager.CreateTestExtension: Attempting to load test extension: Microsoft.TestPlatform.Extensions.BlameDataCollector.BlameLogger
TpTrace Verbose: 0 : 3264, 1, 2023/12/27, 18:31:35.605, 313982712384, vstest.console.dll, TestEngine: Initializing Parallel Execution as MaxCpuCount is set to: 1
TpTrace Information: 0 : 3264, 1, 2023/12/27, 18:31:35.619, 313982854543, vstest.console.dll, TestPluginManager.CreateTestExtension: Attempting to load test extension: Microsoft.VisualStudio.TestPlatform.CrossPlatEngine.Hosting.DefaultTestHostManager
TpTrace Information: 0 : 3264, 1, 2023/12/27, 18:31:35.623, 313982888069, vstest.console.dll, TestPluginManager.CreateTestExtension: Attempting to load test extension: Microsoft.VisualStudio.TestPlatform.CrossPlatEngine.Hosting.DotnetTestHostManager
TpTrace Information: 0 : 3264, 1, 2023/12/27, 18:31:35.625, 313982912187, vstest.console.dll, InferRunSettingsHelper.IsTestSettingsEnabled: Unable to navigate to RunSettings/MSTest. Current node: RunSettings
TpTrace Verbose: 0 : 3264, 1, 2023/12/27, 18:31:35.627, 313982935141, vstest.console.dll, ParallelOperationManager.ClearSlots: Clearing all slots. Slots should accept more work: True
TpTrace Verbose: 0 : 3264, 1, 2023/12/27, 18:31:35.630, 313982963359, vstest.console.dll, ParallelOperationManager.SetOccupiedSlotCount: Setting slot counts AvailableSlotCount = 1, OccupiedSlotCount = 0.
TpTrace Verbose: 0 : 3264, 1, 2023/12/27, 18:31:35.632, 313982981471, vstest.console.dll, Occupied slots:

TpTrace Verbose: 0 : 3264, 1, 2023/12/27, 18:31:35.644, 313983099052, vstest.console.dll, TestEngine.GetExecutionManager: Chosen execution manager 'Microsoft.VisualStudio.TestPlatform.CrossPlatEngine.Client.Parallel.ParallelProxyExecutionManager, Microsoft.TestPlatform.CrossPlatEngine, Version=15.0.0.0, Culture=neutral, PublicKeyToken=b03f5f7f11d50a3a' ParallelLevel '1'.
TpTrace Verbose: 0 : 3264, 1, 2023/12/27, 18:31:35.645, 313983106198, vstest.console.dll, TestRunRequest.ExecuteAsync: Creating test run request.
TpTrace Verbose: 0 : 3264, 1, 2023/12/27, 18:31:35.645, 313983114985, vstest.console.dll, TestRunRequest.ExecuteAsync: Starting.
TpTrace Information: 0 : 3264, 1, 2023/12/27, 18:31:35.646, 313983125074, vstest.console.dll, TestRunRequest.ExecuteAsync: Starting run with settings:TestRunCriteria:
   KeepAlive=False,FrequencyOfRunStatsChangeEvent=10,RunStatsChangeEventTimeout=00:00:01.5000000,TestCaseFilter=,TestExecutorLauncher=
   Settingsxml=<RunSettings>
  <RunConfiguration>
    <ResultsDirectory>D:\GeekBrains\My Git\NetworkApplicationCSharp\06_Lekcion\ConsoleApp06LTest\bin\Debug\net7.0\fine-code-coverage\coverage-tool-output</ResultsDirectory>
    <TargetPlatform>X64</TargetPlatform>
    <TargetFrameworkVersion>.NETCoreApp,Version=v7.0</TargetFrameworkVersion>
    <DesignMode>False</DesignMode>
    <CollectSourceInformation>False</CollectSourceInformation>
  </RunConfiguration>
  <LoggerRunSettings>
    <Loggers>
      <Logger friendlyName="blame" enabled="True" />
      <Logger friendlyName="Console" uri="logger://microsoft/TestPlatform/ConsoleLogger/v1" assemblyQualifiedName="Microsoft.VisualStudio.TestPlatform.CommandLine.Internal.ConsoleLogger, vstest.console, Version=15.0.0.0, Culture=neutral, PublicKeyToken=b03f5f7f11d50a3a" codeBase="C:\Program Files\dotnet\sdk\7.0.401\vstest.console.dll" enabled="True" />
    </Loggers>
  </LoggerRunSettings>
  <DataCollectionRunSettings>
    <DataCollectors>
      <DataCollector friendlyName="blame" enabled="True">
        <Configuration>
          <ResultsDirectory>D:\GeekBrains\My Git\NetworkApplicationCSharp\06_Lekcion\ConsoleApp06LTest\bin\Debug\net7.0\fine-code-coverage\coverage-tool-output</ResultsDirectory>
        </Configuration>
      </DataCollector>
    </DataCollectors>
  </DataCollectionRunSettings>
</RunSettings>

TpTrace Verbose: 0 : 3264, 1, 2023/12/27, 18:31:35.647, 313983128386, vstest.console.dll, TestRunRequest.ExecuteAsync: Wait for the first run request is over.
TpTrace Verbose: 0 : 3264, 1, 2023/12/27, 18:31:35.648, 313983139385, vstest.console.dll, MulticastDelegateUtilities.SafeInvoke: TestRun.TestRunStart: Invoking callbacks was skipped because there are no subscribers.
TpTrace Verbose: 0 : 3264, 4, 2023/12/27, 18:31:35.649, 313983147814, vstest.console.dll, MulticastDelegateUtilities.SafeInvoke: InternalTestLoggerEvents.SendTestRunStart: Invoking callback 1/1 for Microsoft.VisualStudio.TestPlatform.CommandLine.Internal.ConsoleLogger., took 0 ms.
TpTrace Verbose: 0 : 3264, 1, 2023/12/27, 18:31:35.653, 313983193118, vstest.console.dll, ParallelProxyExecutionManager: Start execution. Total sources: 1
TpTrace Verbose: 0 : 3264, 1, 2023/12/27, 18:31:35.655, 313983206646, vstest.console.dll, ParallelOperationManager.StartWork: Starting adding 1 workloads.
TpTrace Verbose: 0 : 3264, 1, 2023/12/27, 18:31:35.655, 313983212302, vstest.console.dll, ParallelOperationManager.ClearSlots: Clearing all slots. Slots should accept more work: True
TpTrace Verbose: 0 : 3264, 1, 2023/12/27, 18:31:35.656, 313983216119, vstest.console.dll, ParallelOperationManager.SetOccupiedSlotCount: Setting slot counts AvailableSlotCount = 1, OccupiedSlotCount = 0.
TpTrace Verbose: 0 : 3264, 1, 2023/12/27, 18:31:35.656, 313983219001, vstest.console.dll, Occupied slots:

TpTrace Verbose: 0 : 3264, 1, 2023/12/27, 18:31:35.661, 313983272653, vstest.console.dll, TestRequestSender is acting as server.
TpTrace Verbose: 0 : 3264, 1, 2023/12/27, 18:31:35.665, 313983311829, vstest.console.dll, ParallelOperationManager.RunWorkInParallel: Adding 1 workload to slot, remaining workloads 0.
TpTrace Verbose: 0 : 3264, 1, 2023/12/27, 18:31:35.666, 313983317474, vstest.console.dll, ParallelOperationManager.SetOccupiedSlotCount: Setting slot counts AvailableSlotCount = 0, OccupiedSlotCount = 1.
TpTrace Verbose: 0 : 3264, 1, 2023/12/27, 18:31:35.666, 313983323427, vstest.console.dll, Occupied slots:
0: D:\GeekBrains\My Git\NetworkApplicationCSharp\06_Lekcion\ConsoleApp06LTest\bin\Debug\net7.0\fine-code-coverage\build-output\ConsoleApp06LTest.dll
TpTrace Verbose: 0 : 3264, 1, 2023/12/27, 18:31:35.671, 313983372910, vstest.console.dll, ParallelOperationManager.RunWorkInParallel: Started host in slot number 0 for work (source): D:\GeekBrains\My Git\NetworkApplicationCSharp\06_Lekcion\ConsoleApp06LTest\bin\Debug\net7.0\fine-code-coverage\build-output\ConsoleApp06LTest.dll.
TpTrace Verbose: 0 : 3264, 1, 2023/12/27, 18:31:35.674, 313983401760, vstest.console.dll, ParallelOperationManager.RunWorkInParallel: We started 1 work items, which is the max parallel level. Won't start more work.
TpTrace Verbose: 0 : 3264, 1, 2023/12/27, 18:31:35.675, 313983406532, vstest.console.dll, ParallelOperationManager.RunWorkInParallel: We started 1 work items in here, returning True.
TpTrace Verbose: 0 : 3264, 5, 2023/12/27, 18:31:35.675, 313983406892, vstest.console.dll, ParallelProxyExecutionManager.StartTestRunOnConcurrentManager: Initializing uninitialized client. Started clients: 0
TpTrace Information: 0 : 3264, 1, 2023/12/27, 18:31:35.675, 313983410174, vstest.console.dll, TestRunRequest.ExecuteAsync: Started.
TpTrace Verbose: 0 : 3264, 5, 2023/12/27, 18:31:35.676, 313983415829, vstest.console.dll, DataCollectionRequestSender.InitializeCommunication : Initialize communication. 
TpTrace Verbose: 0 : 3264, 1, 2023/12/27, 18:31:35.676, 313983417210, vstest.console.dll, TestRunRequest.WaitForCompletion: Waiting with timeout -1.
TpTrace Information: 0 : 3264, 5, 2023/12/27, 18:31:35.690, 313983560032, vstest.console.dll, Listening on Endpoint : 127.0.0.1:55788
TpTrace Verbose: 0 : 3264, 5, 2023/12/27, 18:31:35.718, 313983841634, vstest.console.dll, DotnetDataCollectionLauncher: Adding  --runtimeconfig "C:\Program Files\dotnet\sdk\7.0.401\datacollector.runtimeconfig.json" in args
TpTrace Verbose: 0 : 3264, 5, 2023/12/27, 18:31:35.719, 313983849583, vstest.console.dll, DotnetDataCollectionLauncher: Adding  --depsfile "C:\Program Files\dotnet\sdk\7.0.401\datacollector.deps.json" in args
TpTrace Verbose: 0 : 3264, 5, 2023/12/27, 18:31:35.720, 313983858813, vstest.console.dll, DotnetDataCollectionLauncher: Full path of dotnet.exe is C:\Program Files\dotnet\dotnet.exe
TpTrace Information: 0 : 3264, 5, 2023/12/27, 18:31:35.746, 313984118217, vstest.console.dll, ProxyDataCollectionManager.Initialize: Launched datacollector processId: 4264 port: 55788
TpTrace Information: 0 : 3264, 5, 2023/12/27, 18:31:35.747, 313984126307, vstest.console.dll, ProxyDataCollectionManager.Initialize: waiting for connection with timeout: 90 seconds
TpTrace Verbose: 0 : 3264, 5, 2023/12/27, 18:31:35.747, 313984134334, vstest.console.dll, DataCollectionRequestSender.WaitForRequestHandlerConnection : Waiting for connection with timeout: 90000
TpTrace Information: 0 : 3264, 11, 2023/12/27, 18:31:36.376, 313990420030, vstest.console.dll, Using the buffer size of 16384 bytes
TpTrace Verbose: 0 : 3264, 5, 2023/12/27, 18:31:36.376, 313990420242, vstest.console.dll, SocketCommunicationManager.WaitForClientConnection took: 628 ms, with 90000 ms timeout, and finished with True.
TpTrace Information: 0 : 3264, 11, 2023/12/27, 18:31:36.377, 313990425840, vstest.console.dll, Accepted Client request and set the flag
TpTrace Verbose: 0 : 3264, 5, 2023/12/27, 18:31:36.377, 313990432042, vstest.console.dll, ProxyDataCollectionManager.InvokeDataCollectionServiceAction: Starting.
TpTrace Information: 0 : 3264, 5, 2023/12/27, 18:31:36.378, 313990439724, vstest.console.dll, ProxyDataCollectionManager.BeforeTestRunStart: Get environment variable and port for datacollector processId: 4264 port: 55788
TpTrace Verbose: 0 : 3264, 5, 2023/12/27, 18:31:36.379, 313990447509, vstest.console.dll, DataCollectionRequestSender.SendBeforeTestRunStartAndGetResult: Send BeforeTestRunStart message with settingsXml <RunSettings><RunConfiguration><ResultsDirectory>D:\GeekBrains\My Git\NetworkApplicationCSharp\06_Lekcion\ConsoleApp06LTest\bin\Debug\net7.0\fine-code-coverage\coverage-tool-output</ResultsDirectory><TargetPlatform>X64</TargetPlatform><TargetFrameworkVersion>.NETCoreApp,Version=v7.0</TargetFrameworkVersion><DesignMode>False</DesignMode><CollectSourceInformation>False</CollectSourceInformation><TestAdaptersPaths>C:\Program Files\dotnet\sdk\7.0.401\Extensions</TestAdaptersPaths></RunConfiguration><LoggerRunSettings><Loggers><Logger friendlyName="blame" enabled="True" /><Logger friendlyName="Console" uri="logger://microsoft/TestPlatform/ConsoleLogger/v1" assemblyQualifiedName="Microsoft.VisualStudio.TestPlatform.CommandLine.Internal.ConsoleLogger, vstest.console, Version=15.0.0.0, Culture=neutral, PublicKeyToken=b03f5f7f11d50a3a" codeBase="C:\Program Files\dotnet\sdk\7.0.401\vstest.console.dll" enabled="True" /></Loggers></LoggerRunSettings><DataCollectionRunSettings><DataCollectors><DataCollector friendlyName="blame" enabled="True"><Configuration><ResultsDirectory>D:\GeekBrains\My Git\NetworkApplicationCSharp\06_Lekcion\ConsoleApp06LTest\bin\Debug\net7.0\fine-code-coverage\coverage-tool-output</ResultsDirectory></Configuration></DataCollector></DataCollectors></DataCollectionRunSettings></RunSettings> and sources System.Collections.Generic.List`1[System.String]: 
TpTrace Verbose: 0 : 3264, 5, 2023/12/27, 18:31:36.550, 313992164300, vstest.console.dll, DataCollectionRequestSender.SendBeforeTestRunStartAndGetResult: Received message: (DataCollection.SendMessage) -> {"MessageType":"DataCollection.SendMessage","Payload":{"FriendlyName":null,"Uri":null,"TestCaseId":"00000000-0000-0000-0000-000000000000","Message":"Logging DataCollector Diagnostics in file: D:\\GeekBrains\\My Git\\NetworkApplicationCSharp\\06_Lekcion\\ConsoleApp06LTest\\bin\\Debug\\net7.0\\fine-code-coverage\\coverage-tool-output\\diagnostics.datacollector.23-12-27_18-31-35_71749_5.log","Level":0}}
TpTrace Verbose: 0 : 3264, 5, 2023/12/27, 18:31:36.720, 313993864071, vstest.console.dll, DataCollectionRequestSender.SendBeforeTestRunStartAndGetResult: Received message: (DataCollection.BeforeTestRunStartResult) -> {"MessageType":"DataCollection.BeforeTestRunStartResult","Payload":{"EnvironmentVariables":{},"DataCollectionEventsPort":55795}}
TpTrace Information: 0 : 3264, 5, 2023/12/27, 18:31:36.732, 313993984318, vstest.console.dll, ProxyDataCollectionManager.BeforeTestRunStart: SendBeforeTestRunStartAndGetResult successful, env variable from datacollector:   and testhost port: 55795
TpTrace Information: 0 : 3264, 5, 2023/12/27, 18:31:36.733, 313993987256, vstest.console.dll, ProxyDataCollectionManager.InvokeDataCollectionServiceAction: Completed.
TpTrace Verbose: 0 : 3264, 5, 2023/12/27, 18:31:36.733, 313993988710, vstest.console.dll, ParallelProxyExecutionManager.StartTestRunOnConcurrentManager: Initializing test run. Started clients: 0
TpTrace Verbose: 0 : 3264, 5, 2023/12/27, 18:31:36.733, 313993991030, vstest.console.dll, ProxyExecutionManager: Test host is always Lazy initialize.
TpTrace Verbose: 0 : 3264, 5, 2023/12/27, 18:31:36.734, 313993996552, vstest.console.dll, TestRequestSender.InitializeCommunication: initialize communication. 
TpTrace Information: 0 : 3264, 5, 2023/12/27, 18:31:36.734, 313994005131, vstest.console.dll, SocketServer.Start: Listening on endpoint : 127.0.0.1:55796
TpTrace Verbose: 0 : 3264, 5, 2023/12/27, 18:31:36.736, 313994020117, vstest.console.dll, DotnetTestHostmanager.GetTestHostProcessStartInfo: Platform environment 'X64' target architecture 'X64' framework '.NETCoreApp,Version=v7.0' OS 'Windows'
TpTrace Verbose: 0 : 3264, 5, 2023/12/27, 18:31:36.736, 313994023448, vstest.console.dll, DotnetTestHostmanager: Adding  --runtimeconfig "D:\GeekBrains\My Git\NetworkApplicationCSharp\06_Lekcion\ConsoleApp06LTest\bin\Debug\net7.0\fine-code-coverage\build-output\ConsoleApp06LTest.runtimeconfig.json" in args
TpTrace Verbose: 0 : 3264, 5, 2023/12/27, 18:31:36.736, 313994024944, vstest.console.dll, DotnetTestHostmanager: Adding  --depsfile "D:\GeekBrains\My Git\NetworkApplicationCSharp\06_Lekcion\ConsoleApp06LTest\bin\Debug\net7.0\fine-code-coverage\build-output\ConsoleApp06LTest.deps.json" in args
TpTrace Verbose: 0 : 3264, 5, 2023/12/27, 18:31:36.737, 313994030066, vstest.console.dll, DotnetTestHostmanager.IsWinOnArm: Current PROCESSOR_ARCHITECTURE from environment variable 'AMD64'
TpTrace Verbose: 0 : 3264, 5, 2023/12/27, 18:31:36.737, 313994031549, vstest.console.dll, DotnetTestHostmanager.IsWinOnArm: Is Windows on ARM 'False'
TpTrace Verbose: 0 : 3264, 5, 2023/12/27, 18:31:36.737, 313994032993, vstest.console.dll, DotnetTestHostManager: testhost.exe found at path: D:\GeekBrains\My Git\NetworkApplicationCSharp\06_Lekcion\ConsoleApp06LTest\bin\Debug\net7.0\fine-code-coverage\build-output\testhost.exe
TpTrace Verbose: 0 : 3264, 5, 2023/12/27, 18:31:36.737, 313994034242, vstest.console.dll, DotnetTestHostmanager: Full path of host exe is D:\GeekBrains\My Git\NetworkApplicationCSharp\06_Lekcion\ConsoleApp06LTest\bin\Debug\net7.0\fine-code-coverage\build-output\testhost.exe
TpTrace Verbose: 0 : 3264, 5, 2023/12/27, 18:31:36.738, 313994036895, vstest.console.dll, DotnetTestHostmanager.LaunchTestHostAsync: Found 'VSTEST_WINAPPHOST_DOTNET_ROOT' in env variables, value 'C:\Program Files\dotnet', forwarding to 'DOTNET_ROOT'
TpTrace Verbose: 0 : 3264, 5, 2023/12/27, 18:31:36.738, 313994040032, vstest.console.dll, DotnetTestHostManager: Starting process 'D:\GeekBrains\My Git\NetworkApplicationCSharp\06_Lekcion\ConsoleApp06LTest\bin\Debug\net7.0\fine-code-coverage\build-output\testhost.exe' with command line ' --runtimeconfig "D:\GeekBrains\My Git\NetworkApplicationCSharp\06_Lekcion\ConsoleApp06LTest\bin\Debug\net7.0\fine-code-coverage\build-output\ConsoleApp06LTest.runtimeconfig.json" --depsfile "D:\GeekBrains\My Git\NetworkApplicationCSharp\06_Lekcion\ConsoleApp06LTest\bin\Debug\net7.0\fine-code-coverage\build-output\ConsoleApp06LTest.deps.json" --port 55796 --endpoint 127.0.0.1:055796 --role client --parentprocessid 3264 --diag "D:\GeekBrains\My Git\NetworkApplicationCSharp\06_Lekcion\ConsoleApp06LTest\bin\Debug\net7.0\fine-code-coverage\coverage-tool-output\diagnostics.host.23-12-27_18-31-36_73565_5.log" --tracelevel 4 --datacollectionport 55795 --telemetryoptedin false'
TpTrace Verbose: 0 : 3264, 5, 2023/12/27, 18:31:36.792, 313994579547, vstest.console.dll, MulticastDelegateUtilities.SafeInvoke: HostProviderEvents.OnHostLaunched: Invoking callback 1/2 for Microsoft.VisualStudio.TestPlatform.CrossPlatEngine.Client.ProxyExecutionManagerWithDataCollection., took 2 ms.
TpTrace Verbose: 0 : 3264, 5, 2023/12/27, 18:31:36.793, 313994587933, vstest.console.dll, Test Runtime launched
TpTrace Verbose: 0 : 3264, 5, 2023/12/27, 18:31:36.793, 313994590120, vstest.console.dll, MulticastDelegateUtilities.SafeInvoke: HostProviderEvents.OnHostLaunched: Invoking callback 2/2 for Microsoft.VisualStudio.TestPlatform.CrossPlatEngine.Client.ProxyOperationManager., took 0 ms.
TpTrace Verbose: 0 : 3264, 5, 2023/12/27, 18:31:36.797, 313994629858, vstest.console.dll, TestRequestSender.WaitForRequestHandlerConnection: waiting for connection with timeout: 90000.
TpTrace Verbose: 0 : 3264, 5, 2023/12/27, 18:31:37.262, 313999281195, vstest.console.dll, TestRequestSender.WaitForRequestHandlerConnection: waiting took 465 ms, with timeout 90000 ms, and result 0, which is success.
TpTrace Verbose: 0 : 3264, 7, 2023/12/27, 18:31:37.262, 313999281273, vstest.console.dll, MulticastDelegateUtilities.SafeInvoke: SocketServer: ClientConnected: Invoking callback 1/1 for Microsoft.VisualStudio.TestPlatform.CommunicationUtilities.TestRequestSender., took 0 ms.
TpTrace Verbose: 0 : 3264, 7, 2023/12/27, 18:31:37.263, 313999291256, vstest.console.dll, SocketServer.OnClientConnected: Client connected for endPoint: 127.0.0.1:55796, starting MessageLoopAsync:
TpTrace Verbose: 0 : 3264, 7, 2023/12/27, 18:31:37.265, 313999308439, vstest.console.dll, TcpClientExtensions.MessageLoopAsync: Polling on remoteEndPoint: 127.0.0.1:55797 localEndPoint: 127.0.0.1:55796
TpTrace Verbose: 0 : 3264, 5, 2023/12/27, 18:31:37.268, 313999335806, vstest.console.dll, TestRequestSender.CheckVersionWithTestHost: Sending check version message: {"MessageType":"ProtocolVersion","Payload":7}
TpTrace Verbose: 0 : 3264, 7, 2023/12/27, 18:31:37.950, 314006162617, vstest.console.dll, TcpClientExtensions.MessageLoopAsync: NotifyDataAvailable remoteEndPoint: 127.0.0.1:55797 localEndPoint: 127.0.0.1:55796
TpTrace Verbose: 0 : 3264, 7, 2023/12/27, 18:31:37.951, 314006170331, vstest.console.dll, TestRequestSender.CheckVersionWithTestHost: onMessageReceived received message: (ProtocolVersion) -> {"MessageType":"ProtocolVersion","Payload":7}
TpTrace Verbose: 0 : 3264, 7, 2023/12/27, 18:31:37.953, 314006194761, vstest.console.dll, MulticastDelegateUtilities.SafeInvoke: LengthPrefixCommunicationChannel: MessageReceived: Invoking callback 1/1 for Microsoft.VisualStudio.TestPlatform.CommunicationUtilities.TestRequestSender+<>c__DisplayClass29_0., took 2 ms.
TpTrace Verbose: 0 : 3264, 5, 2023/12/27, 18:31:37.954, 314006199240, vstest.console.dll, TestPluginCache.GetExtensionPaths: Filtered extension paths: 
TpTrace Verbose: 0 : 3264, 7, 2023/12/27, 18:31:37.954, 314006202313, vstest.console.dll, TcpClientExtensions.MessageLoopAsync: Polling on remoteEndPoint: 127.0.0.1:55797 localEndPoint: 127.0.0.1:55796
TpTrace Verbose: 0 : 3264, 5, 2023/12/27, 18:31:37.955, 314006206320, vstest.console.dll, TestPluginCache.GetExtensionPaths: Added default extension paths: C:\Program Files\dotnet\sdk\7.0.401\Extensions\Microsoft.Diagnostics.NETCore.Client.dll
C:\Program Files\dotnet\sdk\7.0.401\Extensions\Microsoft.TestPlatform.Extensions.BlameDataCollector.dll
C:\Program Files\dotnet\sdk\7.0.401\Extensions\Microsoft.TestPlatform.Extensions.EventLogCollector.dll
C:\Program Files\dotnet\sdk\7.0.401\Extensions\Microsoft.TestPlatform.TestHostRuntimeProvider.dll
C:\Program Files\dotnet\sdk\7.0.401\Extensions\Microsoft.VisualStudio.TestPlatform.Extensions.Html.TestLogger.dll
C:\Program Files\dotnet\sdk\7.0.401\Extensions\Microsoft.VisualStudio.TestPlatform.Extensions.Trx.TestLogger.dll
TpTrace Verbose: 0 : 3264, 5, 2023/12/27, 18:31:37.956, 314006215793, vstest.console.dll, TestPluginCache.GetExtensionPaths: Added unfilterableExtensionPaths: 
TpTrace Verbose: 0 : 3264, 5, 2023/12/27, 18:31:37.968, 314006344701, vstest.console.dll, TestRequestSender.InitializeExecution: Sending initialize execution with message: {"Version":7,"MessageType":"TestExecution.Initialize","Payload":["D:\\GeekBrains\\My Git\\NetworkApplicationCSharp\\06_Lekcion\\ConsoleApp06LTest\\bin\\Debug\\net7.0\\fine-code-coverage\\build-output\\Microsoft.VisualStudio.TestPlatform.MSTest.TestAdapter.dll"]}
TpTrace Verbose: 0 : 3264, 5, 2023/12/27, 18:31:37.969, 314006353525, vstest.console.dll, ParallelProxyExecutionManager.StartTestRunOnConcurrentManager: Execution starting. Started clients: 1
TpTrace Verbose: 0 : 3264, 5, 2023/12/27, 18:31:37.971, 314006368728, vstest.console.dll, TestRunRequest:SendTestRunMessage: Starting.
TpTrace Verbose: 0 : 3264, 5, 2023/12/27, 18:31:37.972, 314006376429, vstest.console.dll, MulticastDelegateUtilities.SafeInvoke: TestRun.LogMessages: Invoking callback 1/1 for Microsoft.VisualStudio.TestPlatform.CommandLine.TestRunResultAggregator., took 0 ms.
TpTrace Information: 0 : 3264, 5, 2023/12/27, 18:31:37.972, 314006380269, vstest.console.dll, TestRunRequest:SendTestRunMessage: Completed.
TpTrace Verbose: 0 : 3264, 4, 2023/12/27, 18:31:37.972, 314006382170, vstest.console.dll, MulticastDelegateUtilities.SafeInvoke: InternalTestLoggerEvents.SendTestRunMessage: Invoking callback 1/1 for Microsoft.VisualStudio.TestPlatform.CommandLine.Internal.ConsoleLogger., took 0 ms.
TpTrace Warning: 0 : 3264, 5, 2023/12/27, 18:31:37.974, 314006398709, vstest.console.dll, InferRunSettingsHelper.MakeRunsettingsCompatible: Removing the following settings: TargetPlatform from RunSettings file. To use those settings please move to latest version of Microsoft.NET.Test.Sdk
TpTrace Verbose: 0 : 3264, 7, 2023/12/27, 18:31:37.982, 314006477597, vstest.console.dll, TcpClientExtensions.MessageLoopAsync: NotifyDataAvailable remoteEndPoint: 127.0.0.1:55797 localEndPoint: 127.0.0.1:55796
TpTrace Verbose: 0 : 3264, 7, 2023/12/27, 18:31:37.983, 314006491094, vstest.console.dll, TestRequestSender.OnExecutionMessageReceived: Received message: {"Version":7,"MessageType":"TestSession.Message","Payload":{"MessageLevel":0,"Message":"Logging TestHost Diagnostics in file: D:\\GeekBrains\\My Git\\NetworkApplicationCSharp\\06_Lekcion\\ConsoleApp06LTest\\bin\\Debug\\net7.0\\fine-code-coverage\\coverage-tool-output\\diagnostics.host.23-12-27_18-31-36_73565_5.log"}}
TpTrace Verbose: 0 : 3264, 7, 2023/12/27, 18:31:38.006, 314006719603, vstest.console.dll, TestRunRequest:SendTestRunMessage: Starting.
TpTrace Verbose: 0 : 3264, 7, 2023/12/27, 18:31:38.007, 314006725811, vstest.console.dll, MulticastDelegateUtilities.SafeInvoke: TestRun.LogMessages: Invoking callback 1/1 for Microsoft.VisualStudio.TestPlatform.CommandLine.TestRunResultAggregator., took 0 ms.
TpTrace Verbose: 0 : 3264, 4, 2023/12/27, 18:31:38.007, 314006725923, vstest.console.dll, MulticastDelegateUtilities.SafeInvoke: InternalTestLoggerEvents.SendTestRunMessage: Invoking callback 1/1 for Microsoft.VisualStudio.TestPlatform.CommandLine.Internal.ConsoleLogger., took 0 ms.
TpTrace Information: 0 : 3264, 7, 2023/12/27, 18:31:38.007, 314006729143, vstest.console.dll, TestRunRequest:SendTestRunMessage: Completed.
TpTrace Verbose: 0 : 3264, 7, 2023/12/27, 18:31:38.007, 314006735201, vstest.console.dll, MulticastDelegateUtilities.SafeInvoke: LengthPrefixCommunicationChannel: MessageReceived: Invoking callback 1/1 for Microsoft.VisualStudio.TestPlatform.CommunicationUtilities.TestRequestSender+<>c__DisplayClass34_0., took 25 ms.
TpTrace Verbose: 0 : 3264, 7, 2023/12/27, 18:31:38.008, 314006737900, vstest.console.dll, TcpClientExtensions.MessageLoopAsync: Polling on remoteEndPoint: 127.0.0.1:55797 localEndPoint: 127.0.0.1:55796
TpTrace Verbose: 0 : 3264, 5, 2023/12/27, 18:31:38.019, 314006846361, vstest.console.dll, TestRequestSender.StartTestRun: Sending test run with message: {"Version":7,"MessageType":"TestExecution.StartWithSources","Payload":{"AdapterSourceMap":{"_none_":["D:\\GeekBrains\\My Git\\NetworkApplicationCSharp\\06_Lekcion\\ConsoleApp06LTest\\bin\\Debug\\net7.0\\fine-code-coverage\\build-output\\ConsoleApp06LTest.dll"]},"RunSettings":"<RunSettings>\r\n  <RunConfiguration>\r\n    <ResultsDirectory>D:\\GeekBrains\\My Git\\NetworkApplicationCSharp\\06_Lekcion\\ConsoleApp06LTest\\bin\\Debug\\net7.0\\fine-code-coverage\\coverage-tool-output</ResultsDirectory>\r\n    <TargetFrameworkVersion>.NETCoreApp,Version=v7.0</TargetFrameworkVersion>\r\n    <DesignMode>False</DesignMode>\r\n    <CollectSourceInformation>False</CollectSourceInformation>\r\n  </RunConfiguration>\r\n  <LoggerRunSettings>\r\n    <Loggers>\r\n      <Logger friendlyName=\"blame\" enabled=\"True\" />\r\n      <Logger friendlyName=\"Console\" uri=\"logger://microsoft/TestPlatform/ConsoleLogger/v1\" assemblyQualifiedName=\"Microsoft.VisualStudio.TestPlatform.CommandLine.Internal.ConsoleLogger, vstest.console, Version=15.0.0.0, Culture=neutral, PublicKeyToken=b03f5f7f11d50a3a\" codeBase=\"C:\\Program Files\\dotnet\\sdk\\7.0.401\\vstest.console.dll\" enabled=\"True\" />\r\n    </Loggers>\r\n  </LoggerRunSettings>\r\n  <DataCollectionRunSettings>\r\n    <DataCollectors>\r\n      <DataCollector friendlyName=\"blame\" enabled=\"True\">\r\n        <Configuration>\r\n          <ResultsDirectory>D:\\GeekBrains\\My Git\\NetworkApplicationCSharp\\06_Lekcion\\ConsoleApp06LTest\\bin\\Debug\\net7.0\\fine-code-coverage\\coverage-tool-output</ResultsDirectory>\r\n        </Configuration>\r\n      </DataCollector>\r\n    </DataCollectors>\r\n  </DataCollectionRunSettings>\r\n</RunSettings>","TestExecutionContext":{"FrequencyOfRunStatsChangeEvent":10,"RunStatsChangeEventTimeout":"00:00:01.5000000","InIsolation":false,"KeepAlive":false,"AreTestCaseLevelEventsRequired":false,"IsDebug":false,"TestCaseFilter":null,"FilterOptions":null},"Package":null}}
TpTrace Verbose: 0 : 3264, 5, 2023/12/27, 18:31:38.019, 314006851619, vstest.console.dll, ParallelProxyExecutionManager.StartTestRunOnConcurrentManager: Execution started. Started clients: 1
TpTrace Verbose: 0 : 3264, 7, 2023/12/27, 18:31:38.965, 314016307668, vstest.console.dll, TcpClientExtensions.MessageLoopAsync: NotifyDataAvailable remoteEndPoint: 127.0.0.1:55797 localEndPoint: 127.0.0.1:55796
TpTrace Verbose: 0 : 3264, 7, 2023/12/27, 18:31:38.965, 314016311305, vstest.console.dll, TestRequestSender.OnExecutionMessageReceived: Received message: {"Version":7,"MessageType":"TestExecution.Completed","Payload":{"TestRunCompleteArgs":{"TestRunStatistics":{"ExecutedTests":1,"Stats":{"Passed":1}},"IsCanceled":false,"IsAborted":false,"Error":null,"AttachmentSets":[],"InvokedDataCollectors":[],"ElapsedTimeInRunningTests":"00:00:00.2940883","Metrics":{},"DiscoveredExtensions":{"TestDiscoverers":["Microsoft.VisualStudio.TestPlatform.MSTest.TestAdapter.MSTestDiscoverer, Microsoft.VisualStudio.TestPlatform.MSTest.TestAdapter, Version=14.0.0.0, Culture=neutral, PublicKeyToken=b03f5f7f11d50a3a"],"TestExecutors":["executor://MSTestAdapter/v2"],"TestExecutors2":[],"TestSettingsProviders":[]}},"LastRunTests":{"NewTestResults":[{"TestCase":{"Id":"5cf6af1f-0389-7534-a964-595361760832","FullyQualifiedName":"ConsoleApp06LTest.UnitTest1.TestMethod1","DisplayName":"TestMethod1","ExecutorUri":"executor://MSTestAdapter/v2","Source":"D:\\GeekBrains\\My Git\\NetworkApplicationCSharp\\06_Lekcion\\ConsoleApp06LTest\\bin\\Debug\\net7.0\\fine-code-coverage\\build-output\\ConsoleApp06LTest.dll","CodeFilePath":null,"LineNumber":-1,"Properties":[{"Key":{"Id":"TestCase.ManagedMethod","Label":"ManagedMethod","Category":"","Description":"","Attributes":1,"ValueType":"System.String"},"Value":"TestMethod1"},{"Key":{"Id":"MSTestDiscoverer.TestClassName","Label":"ClassName","Category":"","Description":"","Attributes":1,"ValueType":"System.String"},"Value":"ConsoleApp06LTest.UnitTest1"},{"Key":{"Id":"TestObject.Traits","Label":"Traits","Category":"","Description":"","Attributes":5,"ValueType":"System.Collections.Generic.KeyValuePair`2[[System.String],[System.String]][]"},"Value":[]},{"Key":{"Id":"TestCase.Hierarchy","Label":"Hierarchy","Category":"","Description":"","Attributes":2,"ValueType":"System.String[]"},"Value":["ConsoleApp06LTest","UnitTest1"]},{"Key":{"Id":"TestCase.ManagedType","Label":"ManagedType","Category":"","Description":"","Attributes":1,"ValueType":"System.String"},"Value":"ConsoleApp06LTest.UnitTest1"}]},"Attachments":[],"Outcome":1,"ErrorMessage":null,"ErrorStackTrace":null,"DisplayName":"TestMethod1","Messages":[],"ComputerName":null,"Duration":"00:00:00.0047894","StartTime":"2023-12-27T18:31:38.8410248+03:00","EndTime":"2023-12-27T18:31:38.8670409+03:00","Properties":[{"Key":{"Id":"InnerResultsCount","Label":"InnerResultsCount","Category":"","Description":"","Attributes":1,"ValueType":"System.Int32"},"Value":0},{"Key":{"Id":"ParentExecId","Label":"ParentExecId","Category":"","Description":"","Attributes":1,"ValueType":"System.Guid"},"Value":"00000000-0000-0000-0000-000000000000"},{"Key":{"Id":"ExecutionId","Label":"ExecutionId","Category":"","Description":"","Attributes":1,"ValueType":"System.Guid"},"Value":"00000000-0000-0000-0000-000000000000"}]}],"TestRunStatistics":{"ExecutedTests":1,"Stats":{"Passed":1}},"ActiveTests":[]},"RunAttachments":[],"ExecutorUris":["executor://mstestadapter/v2"]}}
TpTrace Verbose: 0 : 3264, 7, 2023/12/27, 18:31:38.966, 314016316217, vstest.console.dll, TestRequestSender.EndSession: Sending end session.
TpTrace Verbose: 0 : 3264, 7, 2023/12/27, 18:31:38.966, 314016319290, vstest.console.dll, ProxyOperationManager.Close: waiting for test host to exit for 100 ms
TpTrace Verbose: 0 : 3264, 11, 2023/12/27, 18:31:39.006, 314016721066, vstest.console.dll, TestHostManagerCallbacks.ctor: Experimental forwarding output is disabled.
TpTrace Warning: 0 : 3264, 11, 2023/12/27, 18:31:39.006, 314016723992, vstest.console.dll, TestHostManagerCallbacks.ErrorReceivedCallback Test host standard error line: 
TpTrace Verbose: 0 : 3264, 11, 2023/12/27, 18:31:39.022, 314016878922, vstest.console.dll, TestHostProvider.ExitCallBack: Host exited starting callback.
TpTrace Information: 0 : 3264, 11, 2023/12/27, 18:31:39.022, 314016882440, vstest.console.dll, TestHostManagerCallbacks.ExitCallBack: Testhost processId: 6332 exited with exitcode: 0 error: ''
TpTrace Verbose: 0 : 3264, 11, 2023/12/27, 18:31:39.022, 314016883658, vstest.console.dll, DotnetTestHostManager.OnHostExited: invoking OnHostExited callback
TpTrace Verbose: 0 : 3264, 11, 2023/12/27, 18:31:39.022, 314016885358, vstest.console.dll, CrossPlatEngine.TestHostManagerHostExited: calling on client process exit callback.
TpTrace Information: 0 : 3264, 11, 2023/12/27, 18:31:39.023, 314016886736, vstest.console.dll, TestRequestSender.OnClientProcessExit: Test host process exited. Standard error: 
TpTrace Information: 0 : 3264, 7, 2023/12/27, 18:31:39.023, 314016887695, vstest.console.dll, SocketServer.Stop: Stop server endPoint: 127.0.0.1:55796
TpTrace Information: 0 : 3264, 11, 2023/12/27, 18:31:39.023, 314016888606, vstest.console.dll, SocketServer.Stop: Stop server endPoint: 127.0.0.1:55796
TpTrace Information: 0 : 3264, 7, 2023/12/27, 18:31:39.023, 314016889365, vstest.console.dll, SocketServer.Stop: Cancellation requested. Stopping message loop.
TpTrace Information: 0 : 3264, 11, 2023/12/27, 18:31:39.023, 314016890416, vstest.console.dll, SocketServer.Stop: Cancellation requested. Stopping message loop.
TpTrace Information: 0 : 3264, 7, 2023/12/27, 18:31:39.023, 314016892418, vstest.console.dll, Closing the connection
TpTrace Verbose: 0 : 3264, 11, 2023/12/27, 18:31:39.023, 314016892779, vstest.console.dll, MulticastDelegateUtilities.SafeInvoke: HostProviderEvents.OnHostExited: Invoking callback 1/1 for Microsoft.VisualStudio.TestPlatform.CrossPlatEngine.Client.ProxyOperationManager., took 0 ms.
TpTrace Verbose: 0 : 3264, 7, 2023/12/27, 18:31:39.024, 314016898640, vstest.console.dll, ProxyDataCollectionManager.InvokeDataCollectionServiceAction: Starting.
TpTrace Information: 0 : 3264, 7, 2023/12/27, 18:31:39.024, 314016899823, vstest.console.dll, ProxyDataCollectionManager.AfterTestRunEnd: Get attachment set and invoked data collectors processId: 4264 port: 55788
TpTrace Verbose: 0 : 3264, 7, 2023/12/27, 18:31:39.024, 314016901071, vstest.console.dll, DataCollectionRequestSender.SendAfterTestRunStartAndGetResult: Send AfterTestRunEnd message with isCancelled: False
TpTrace Verbose: 0 : 3264, 7, 2023/12/27, 18:31:39.039, 314017055324, vstest.console.dll, DataCollectionRequestSender.SendAfterTestRunStartAndGetResult: Received message: (DataCollection.AfterTestRunEndResult) -> {"MessageType":"DataCollection.AfterTestRunEndResult","Payload":{"AttachmentSets":[],"InvokedDataCollectors":[{"Uri":"datacollector://Microsoft/TestPlatform/Extensions/Blame/v1","FriendlyName":"Blame","AssemblyQualifiedName":"Microsoft.TestPlatform.Extensions.BlameDataCollector.BlameCollector, Microsoft.TestPlatform.Extensions.BlameDataCollector, Version=15.0.0.0, Culture=neutral, PublicKeyToken=b03f5f7f11d50a3a","FilePath":"C:\\Program Files\\dotnet\\sdk\\7.0.401\\Extensions\\Microsoft.TestPlatform.Extensions.BlameDataCollector.dll","HasAttachmentProcessor":false}],"Metrics":{}}}
TpTrace Information: 0 : 3264, 7, 2023/12/27, 18:31:39.052, 314017179574, vstest.console.dll, ProxyDataCollectionManager.InvokeDataCollectionServiceAction: Completed.
TpTrace Warning: 0 : 3264, 10, 2023/12/27, 18:31:39.070, 314017362290, vstest.console.dll, DataCollectionLauncher.ErrorReceivedCallback datacollector standard error line: 
TpTrace Information: 0 : 3264, 10, 2023/12/27, 18:31:39.085, 314017512363, vstest.console.dll, DataCollectionLauncher.ExitCallBack: Data collector exited with exitcode: 0 error: ''
TpTrace Verbose: 0 : 3264, 7, 2023/12/27, 18:31:39.188, 314018536963, vstest.console.dll, TestRunRequest:SendTestRunStatsChange: Starting.
TpTrace Verbose: 0 : 3264, 7, 2023/12/27, 18:31:39.188, 314018542917, vstest.console.dll, MulticastDelegateUtilities.SafeInvoke: TestRun.RunStatsChanged: Invoking callbacks was skipped because there are no subscribers.
TpTrace Information: 0 : 3264, 7, 2023/12/27, 18:31:39.188, 314018544030, vstest.console.dll, TestRunRequest:SendTestRunStatsChange: Completed.
TpTrace Verbose: 0 : 3264, 7, 2023/12/27, 18:31:39.190, 314018556189, vstest.console.dll, ParallelProxyExecutionManager: HandlePartialRunComplete: Total workloads = 1, Total started clients = 1 Total completed clients = 1, Run complete = True, Run canceled: False.
TpTrace Verbose: 0 : 3264, 7, 2023/12/27, 18:31:39.190, 314018557936, vstest.console.dll, ParallelProxyExecutionManager: HandlePartialRunComplete: All runs completed stopping all managers.
TpTrace Verbose: 0 : 3264, 7, 2023/12/27, 18:31:39.190, 314018559497, vstest.console.dll, ParallelOperationManager.StopAllManagers: Stopping all managers.
TpTrace Verbose: 0 : 3264, 7, 2023/12/27, 18:31:39.190, 314018561099, vstest.console.dll, ParallelOperationManager.ClearSlots: Clearing all slots. Slots should accept more work: False
TpTrace Verbose: 0 : 3264, 7, 2023/12/27, 18:31:39.190, 314018562900, vstest.console.dll, ParallelOperationManager.SetOccupiedSlotCount: Setting slot counts AvailableSlotCount = 1, OccupiedSlotCount = 0.
TpTrace Verbose: 0 : 3264, 7, 2023/12/27, 18:31:39.190, 314018564898, vstest.console.dll, Occupied slots:

TpTrace Verbose: 0 : 3264, 4, 2023/12/27, 18:31:39.193, 314018589776, vstest.console.dll, MulticastDelegateUtilities.SafeInvoke: InternalTestLoggerEvents.SendTestResult: Invoking callback 1/1 for Microsoft.VisualStudio.TestPlatform.CommandLine.Internal.ConsoleLogger., took 4 ms.
TpTrace Verbose: 0 : 3264, 4, 2023/12/27, 18:31:39.205, 314018706439, vstest.console.dll, MulticastDelegateUtilities.SafeInvoke: InternalTestLoggerEvents.SendTestRunComplete: Invoking callback 1/2 for Microsoft.TestPlatform.Extensions.BlameDataCollector.BlameLogger., took 0 ms.
TpTrace Verbose: 0 : 3264, 4, 2023/12/27, 18:31:39.216, 314018822040, vstest.console.dll, MulticastDelegateUtilities.SafeInvoke: InternalTestLoggerEvents.SendTestRunComplete: Invoking callback 2/2 for Microsoft.VisualStudio.TestPlatform.CommandLine.Internal.ConsoleLogger., took 11 ms.
TpTrace Verbose: 0 : 3264, 7, 2023/12/27, 18:31:39.217, 314018829482, vstest.console.dll, TestRunRequest:TestRunComplete: Starting. IsAborted:False IsCanceled:False.
TpTrace Verbose: 0 : 3264, 7, 2023/12/27, 18:31:39.217, 314018833719, vstest.console.dll, ParallelOperationManager.DoActionOnAllManagers: Calling an action on all managers.
TpTrace Verbose: 0 : 3264, 7, 2023/12/27, 18:31:39.219, 314018855441, vstest.console.dll, TestLoggerManager.HandleTestRunComplete: Ignoring as the object is disposed.
TpTrace Verbose: 0 : 3264, 7, 2023/12/27, 18:31:39.220, 314018860807, vstest.console.dll, MulticastDelegateUtilities.SafeInvoke: TestRun.TestRunComplete: Invoking callback 1/2 for Microsoft.VisualStudio.TestPlatform.CommandLine.TestRunResultAggregator., took 0 ms.
TpTrace Verbose: 0 : 3264, 7, 2023/12/27, 18:31:39.220, 314018863898, vstest.console.dll, MulticastDelegateUtilities.SafeInvoke: TestRun.TestRunComplete: Invoking callback 2/2 for Microsoft.VisualStudio.TestPlatform.CommandLine.Processors.RunTestsArgumentExecutor+TestRunRequestEventsRegistrar., took 0 ms.
TpTrace Information: 0 : 3264, 7, 2023/12/27, 18:31:39.221, 314018867136, vstest.console.dll, TestRunRequest:TestRunComplete: Completed.
TpTrace Verbose: 0 : 3264, 1, 2023/12/27, 18:31:39.221, 314018867612, vstest.console.dll, TestRunRequest.Dispose: Starting.
TpTrace Verbose: 0 : 3264, 7, 2023/12/27, 18:31:39.221, 314018868586, vstest.console.dll, TestRequestSender.SetOperationComplete: Setting operation complete.
TpTrace Information: 0 : 3264, 1, 2023/12/27, 18:31:39.221, 314018870614, vstest.console.dll, TestRunRequest.Dispose: Completed.
TpTrace Information: 0 : 3264, 7, 2023/12/27, 18:31:39.221, 314018871600, vstest.console.dll, SocketServer.Stop: Stop server endPoint: 127.0.0.1:55796
TpTrace Information: 0 : 3264, 1, 2023/12/27, 18:31:39.221, 314018873672, vstest.console.dll, TestRequestManager.RunTests: run tests completed.
TpTrace Information: 0 : 3264, 7, 2023/12/27, 18:31:39.221, 314018874915, vstest.console.dll, SocketServer.Stop: Cancellation requested. Stopping message loop.
TpTrace Verbose: 0 : 3264, 7, 2023/12/27, 18:31:39.222, 314018878117, vstest.console.dll, MulticastDelegateUtilities.SafeInvoke: LengthPrefixCommunicationChannel: MessageReceived: Invoking callback 1/1 for Microsoft.VisualStudio.TestPlatform.CommunicationUtilities.TestRequestSender+<>c__DisplayClass34_0., took 256 ms.
TpTrace Information: 0 : 3264, 1, 2023/12/27, 18:31:39.222, 314018878795, vstest.console.dll, RunTestsArgumentProcessor:Execute: Test run is completed.
TpTrace Information: 0 : 3264, 7, 2023/12/27, 18:31:39.222, 314018879789, vstest.console.dll, SocketServer.PrivateStop: Stopping server endPoint: 127.0.0.1:55796 error: 
TpTrace Verbose: 0 : 3264, 1, 2023/12/27, 18:31:39.222, 314018884258, vstest.console.dll, Executor.Execute: Exiting with exit code of 0
TpTrace Verbose: 0 : 3264, 7, 2023/12/27, 18:31:39.223, 314018890377, vstest.console.dll, LengthPrefixCommunicationChannel.Dispose: Dispose reader and writer.
TpTrace Information: 0 : 3264, 7, 2023/12/27, 18:31:39.223, 314018892727, vstest.console.dll, SocketServer.Stop: Raise disconnected event endPoint: 127.0.0.1:55796 error: 
