TpTrace Verbose: 0 : 14272, 1, 2023/12/28, 16:40:41.672, 248156179991, vstest.console.dll, Version: 17.7.1-release-23418-01 Current process architecture: X64
TpTrace Verbose: 0 : 14272, 1, 2023/12/28, 16:40:41.676, 248156219097, vstest.console.dll, Runtime location: C:\Program Files\dotnet\shared\Microsoft.NETCore.App\7.0.11
TpTrace Verbose: 0 : 14272, 1, 2023/12/28, 16:40:41.682, 248156274611, vstest.console.dll, ArtifactProcessingPostProcessModeProcessorExecutor.Initialize: ArtifactProcessingMode.Collect
TpTrace Verbose: 0 : 14272, 1, 2023/12/28, 16:40:41.682, 248156278030, vstest.console.dll, TestSessionCorrelationIdProcessorModeProcessorExecutor.Initialize: TestSessionCorrelationId '11860_5e60f9f1-05e6-4448-b67b-817770d3f72a'
TpTrace Information: 0 : 14272, 1, 2023/12/28, 16:40:41.699, 248156449449, vstest.console.dll, FilePatternParser: The given file D:\GeekBrains\My Git\NetworkApplicationCSharp\06_Lesson\ConsoleApp06STest\bin\Debug\net7.0\fine-code-coverage\build-output\ConsoleApp06STest.dll is a full path.
TpTrace Verbose: 0 : 14272, 1, 2023/12/28, 16:40:41.713, 248156590010, vstest.console.dll, TestPluginCache.DiscoverTestExtensions: finding test extensions in assemblies ends with: RuntimeProvider.dll TPluginInfo: Microsoft.VisualStudio.TestPlatform.Common.ExtensionFramework.Utilities.TestRuntimePluginInformation TExtension: Microsoft.VisualStudio.TestPlatform.ObjectModel.Host.ITestRuntimeProvider
TpTrace Verbose: 0 : 14272, 1, 2023/12/28, 16:40:41.714, 248156598997, vstest.console.dll, TestPluginCache.GetExtensionPaths: Filtered extension paths: 
TpTrace Verbose: 0 : 14272, 1, 2023/12/28, 16:40:41.714, 248156602613, vstest.console.dll, TestPluginCache.GetExtensionPaths: Added default extension paths: C:\Program Files\dotnet\sdk\7.0.401\Extensions\Microsoft.Diagnostics.NETCore.Client.dll
C:\Program Files\dotnet\sdk\7.0.401\Extensions\Microsoft.TestPlatform.Extensions.BlameDataCollector.dll
C:\Program Files\dotnet\sdk\7.0.401\Extensions\Microsoft.TestPlatform.Extensions.EventLogCollector.dll
C:\Program Files\dotnet\sdk\7.0.401\Extensions\Microsoft.TestPlatform.TestHostRuntimeProvider.dll
C:\Program Files\dotnet\sdk\7.0.401\Extensions\Microsoft.VisualStudio.TestPlatform.Extensions.Html.TestLogger.dll
C:\Program Files\dotnet\sdk\7.0.401\Extensions\Microsoft.VisualStudio.TestPlatform.Extensions.Trx.TestLogger.dll
TpTrace Verbose: 0 : 14272, 1, 2023/12/28, 16:40:41.715, 248156604603, vstest.console.dll, TestPluginCache.GetExtensionPaths: Added unfilterableExtensionPaths: 
TpTrace Information: 0 : 14272, 1, 2023/12/28, 16:40:41.716, 248156623022, vstest.console.dll, AssemblyResolver.ctor: Creating AssemblyResolver with searchDirectories C:\Program Files\dotnet\sdk\7.0.401\Extensions,C:\Program Files\dotnet\sdk\7.0.401
TpTrace Verbose: 0 : 14272, 1, 2023/12/28, 16:40:41.719, 248156650037, vstest.console.dll, TestPluginCache.DiscoverTestExtensions: Discovering the extensions using extension path.
TpTrace Verbose: 0 : 14272, 1, 2023/12/28, 16:40:41.720, 248156659867, vstest.console.dll, TestPluginCache.GetExtensionPaths: Filtered extension paths: 
TpTrace Verbose: 0 : 14272, 1, 2023/12/28, 16:40:41.720, 248156661775, vstest.console.dll, TestPluginCache.GetExtensionPaths: Added default extension paths: C:\Program Files\dotnet\sdk\7.0.401\Extensions\Microsoft.Diagnostics.NETCore.Client.dll
C:\Program Files\dotnet\sdk\7.0.401\Extensions\Microsoft.TestPlatform.Extensions.BlameDataCollector.dll
C:\Program Files\dotnet\sdk\7.0.401\Extensions\Microsoft.TestPlatform.Extensions.EventLogCollector.dll
C:\Program Files\dotnet\sdk\7.0.401\Extensions\Microsoft.TestPlatform.TestHostRuntimeProvider.dll
C:\Program Files\dotnet\sdk\7.0.401\Extensions\Microsoft.VisualStudio.TestPlatform.Extensions.Html.TestLogger.dll
C:\Program Files\dotnet\sdk\7.0.401\Extensions\Microsoft.VisualStudio.TestPlatform.Extensions.Trx.TestLogger.dll
TpTrace Verbose: 0 : 14272, 1, 2023/12/28, 16:40:41.720, 248156662976, vstest.console.dll, TestPluginCache.GetExtensionPaths: Added unfilterableExtensionPaths: 
TpTrace Verbose: 0 : 14272, 1, 2023/12/28, 16:40:41.722, 248156674784, vstest.console.dll, TestPluginCache.DiscoverTestExtensions: Discovering the extensions using allExtensionPaths: C:\Program Files\dotnet\sdk\7.0.401\Extensions\Microsoft.Diagnostics.NETCore.Client.dll
C:\Program Files\dotnet\sdk\7.0.401\Extensions\Microsoft.TestPlatform.Extensions.BlameDataCollector.dll
C:\Program Files\dotnet\sdk\7.0.401\Extensions\Microsoft.TestPlatform.Extensions.EventLogCollector.dll
C:\Program Files\dotnet\sdk\7.0.401\Extensions\Microsoft.TestPlatform.TestHostRuntimeProvider.dll
C:\Program Files\dotnet\sdk\7.0.401\Extensions\Microsoft.VisualStudio.TestPlatform.Extensions.Html.TestLogger.dll
C:\Program Files\dotnet\sdk\7.0.401\Extensions\Microsoft.VisualStudio.TestPlatform.Extensions.Trx.TestLogger.dll
TpTrace Information: 0 : 14272, 1, 2023/12/28, 16:40:41.722, 248156681407, vstest.console.dll, AssemblyResolver.AddSearchDirectories: Adding more searchDirectories C:\Program Files\dotnet\sdk\7.0.401\Extensions,C:\Program Files\dotnet\sdk\7.0.401
TpTrace Information: 0 : 14272, 1, 2023/12/28, 16:40:41.723, 248156684159, vstest.console.dll, AssemblyResolver.AddSearchDirectories: Adding more searchDirectories C:\Program Files\dotnet\sdk\7.0.401\Extensions,C:\Program Files\dotnet\sdk\7.0.401
TpTrace Information: 0 : 14272, 1, 2023/12/28, 16:40:41.723, 248156686728, vstest.console.dll, AssemblyResolver.AddSearchDirectories: Adding more searchDirectories C:\Program Files\dotnet\sdk\7.0.401\Extensions,C:\Program Files\dotnet\sdk\7.0.401
TpTrace Information: 0 : 14272, 1, 2023/12/28, 16:40:41.723, 248156688177, vstest.console.dll, AssemblyResolver.AddSearchDirectories: Adding more searchDirectories C:\Program Files\dotnet\sdk\7.0.401\Extensions,C:\Program Files\dotnet\sdk\7.0.401
TpTrace Information: 0 : 14272, 1, 2023/12/28, 16:40:41.723, 248156690227, vstest.console.dll, AssemblyResolver.AddSearchDirectories: Adding more searchDirectories C:\Program Files\dotnet\sdk\7.0.401\Extensions,C:\Program Files\dotnet\sdk\7.0.401
TpTrace Information: 0 : 14272, 1, 2023/12/28, 16:40:41.723, 248156692676, vstest.console.dll, AssemblyResolver.AddSearchDirectories: Adding more searchDirectories C:\Program Files\dotnet\sdk\7.0.401\Extensions,C:\Program Files\dotnet\sdk\7.0.401
TpTrace Information: 0 : 14272, 1, 2023/12/28, 16:40:41.725, 248156705096, vstest.console.dll, AssemblyResolver.OnResolve: Microsoft.Diagnostics.NETCore.Client: Resolving assembly.
TpTrace Information: 0 : 14272, 1, 2023/12/28, 16:40:41.725, 248156707462, vstest.console.dll, AssemblyResolver.OnResolve: Microsoft.Diagnostics.NETCore.Client: Searching in: 'C:\Program Files\dotnet\sdk\7.0.401\Extensions'.
TpTrace Information: 0 : 14272, 1, 2023/12/28, 16:40:41.740, 248156856322, vstest.console.dll, AssemblyResolver.OnResolve: Microsoft.Diagnostics.NETCore.Client: Loading assembly 'C:\Program Files\dotnet\sdk\7.0.401\Extensions\Microsoft.Diagnostics.NETCore.Client.dll'.
TpTrace Information: 0 : 14272, 1, 2023/12/28, 16:40:41.741, 248156872183, vstest.console.dll, AssemblyResolver.OnResolve: Resolved assembly: Microsoft.Diagnostics.NETCore.Client, from path: C:\Program Files\dotnet\sdk\7.0.401\Extensions\Microsoft.Diagnostics.NETCore.Client.dll
TpTrace Verbose: 0 : 14272, 1, 2023/12/28, 16:40:41.744, 248156895100, vstest.console.dll, MetadataReaderExtensionsHelper: Discovering extensions inside assembly 'Microsoft.Diagnostics.NETCore.Client, Version=0.2.8.21101, Culture=neutral, PublicKeyToken=31bf3856ad364e35' file path 'C:\Program Files\dotnet\sdk\7.0.401\Extensions\Microsoft.Diagnostics.NETCore.Client.dll'
TpTrace Information: 0 : 14272, 1, 2023/12/28, 16:40:41.751, 248156963539, vstest.console.dll, AssemblyResolver.OnResolve: Microsoft.Bcl.AsyncInterfaces: Resolving assembly.
TpTrace Information: 0 : 14272, 1, 2023/12/28, 16:40:41.751, 248156966054, vstest.console.dll, AssemblyResolver.OnResolve: Microsoft.Bcl.AsyncInterfaces: Searching in: 'C:\Program Files\dotnet\sdk\7.0.401\Extensions'.
TpTrace Information: 0 : 14272, 1, 2023/12/28, 16:40:41.751, 248156967863, vstest.console.dll, AssemblyResolver.OnResolve: Microsoft.Bcl.AsyncInterfaces: Assembly path does not exist: 'C:\Program Files\dotnet\sdk\7.0.401\Extensions\Microsoft.Bcl.AsyncInterfaces.dll', returning.
TpTrace Information: 0 : 14272, 1, 2023/12/28, 16:40:41.751, 248156970125, vstest.console.dll, AssemblyResolver.OnResolve: Microsoft.Bcl.AsyncInterfaces: Assembly path does not exist: 'C:\Program Files\dotnet\sdk\7.0.401\Extensions\Microsoft.Bcl.AsyncInterfaces.exe', returning.
TpTrace Information: 0 : 14272, 1, 2023/12/28, 16:40:41.751, 248156971231, vstest.console.dll, AssemblyResolver.OnResolve: Microsoft.Bcl.AsyncInterfaces: Searching in: 'C:\Program Files\dotnet\sdk\7.0.401'.
TpTrace Information: 0 : 14272, 1, 2023/12/28, 16:40:41.751, 248156972644, vstest.console.dll, AssemblyResolver.OnResolve: Microsoft.Bcl.AsyncInterfaces: Assembly path does not exist: 'C:\Program Files\dotnet\sdk\7.0.401\Microsoft.Bcl.AsyncInterfaces.dll', returning.
TpTrace Information: 0 : 14272, 1, 2023/12/28, 16:40:41.752, 248156974029, vstest.console.dll, AssemblyResolver.OnResolve: Microsoft.Bcl.AsyncInterfaces: Assembly path does not exist: 'C:\Program Files\dotnet\sdk\7.0.401\Microsoft.Bcl.AsyncInterfaces.exe', returning.
TpTrace Information: 0 : 14272, 1, 2023/12/28, 16:40:41.752, 248156975155, vstest.console.dll, AssemblyResolver.OnResolve: Microsoft.Bcl.AsyncInterfaces: Failed to load assembly.
TpTrace Verbose: 0 : 14272, 1, 2023/12/28, 16:40:41.752, 248156976323, vstest.console.dll, CurrentDomainAssemblyResolve: Resolving assembly 'Microsoft.Bcl.AsyncInterfaces'.
TpTrace Information: 0 : 14272, 1, 2023/12/28, 16:40:41.752, 248156977868, vstest.console.dll, AssemblyResolver.OnResolve: Microsoft.Bcl.AsyncInterfaces: Resolving assembly.
TpTrace Information: 0 : 14272, 1, 2023/12/28, 16:40:41.752, 248156979089, vstest.console.dll, AssemblyResolver.OnResolve: Microsoft.Bcl.AsyncInterfaces: Resolved from cache.
TpTrace Verbose: 0 : 14272, 1, 2023/12/28, 16:40:41.752, 248156980123, vstest.console.dll, CurrentDomainAssemblyResolve: Resolving assembly 'Microsoft.Bcl.AsyncInterfaces'.
TpTrace Verbose: 0 : 14272, 1, 2023/12/28, 16:40:41.752, 248156981467, vstest.console.dll, CurrentDomainAssemblyResolve: Failed to resolve assembly 'Microsoft.Bcl.AsyncInterfaces'.
TpTrace Verbose: 0 : 14272, 1, 2023/12/28, 16:40:41.754, 248157001425, vstest.console.dll, CurrentDomainAssemblyResolve: Failed to resolve assembly 'Microsoft.Bcl.AsyncInterfaces'.
TpTrace Warning: 0 : 14272, 1, 2023/12/28, 16:40:41.772, 248157180235, vstest.console.dll, TestPluginDiscoverer: Failed to get types from assembly 'Microsoft.Diagnostics.NETCore.Client, Version=0.2.8.21101, Culture=neutral, PublicKeyToken=31bf3856ad364e35'. Error: System.Reflection.ReflectionTypeLoadException: Unable to load one or more of the requested types.
Could not load file or assembly 'Microsoft.Bcl.AsyncInterfaces, Version=1.0.0.0, Culture=neutral, PublicKeyToken=cc7b13ffcd2ddd51'. Не удается найти указанный файл.
   at System.Reflection.RuntimeModule.GetTypes(RuntimeModule module)
   at System.Reflection.Assembly.GetTypes()
   at Microsoft.VisualStudio.TestPlatform.Common.ExtensionFramework.TestPluginDiscoverer.GetTestExtensionsFromAssembly[TPluginInfo,TExtension](Assembly assembly, Dictionary`2 pluginInfos, String filePath) in /_/src/Microsoft.TestPlatform.Common/ExtensionFramework/TestPluginDiscoverer.cs:line 158
System.IO.FileNotFoundException: Could not load file or assembly 'Microsoft.Bcl.AsyncInterfaces, Version=1.0.0.0, Culture=neutral, PublicKeyToken=cc7b13ffcd2ddd51'. Не удается найти указанный файл.
File name: 'Microsoft.Bcl.AsyncInterfaces, Version=1.0.0.0, Culture=neutral, PublicKeyToken=cc7b13ffcd2ddd51'
 ---> System.IO.FileNotFoundException: Could not load file or assembly 'Microsoft.Bcl.AsyncInterfaces, Culture=neutral, PublicKeyToken=null'. Не удается найти указанный файл.
File name: 'Microsoft.Bcl.AsyncInterfaces, Culture=neutral, PublicKeyToken=null'
   at System.Reflection.RuntimeAssembly.InternalLoad(AssemblyName assemblyName, StackCrawlMark& stackMark, AssemblyLoadContext assemblyLoadContext, RuntimeAssembly requestingAssembly, Boolean throwOnFileNotFound)
   at System.Reflection.Assembly.Load(AssemblyName assemblyRef)
   at Microsoft.VisualStudio.TestPlatform.Common.ExtensionFramework.TestPluginCache.CurrentDomainAssemblyResolve(Object sender, AssemblyResolveEventArgs args) in /_/src/Microsoft.TestPlatform.Common/ExtensionFramework/TestPluginCache.cs:line 513
   at System.Runtime.Loader.AssemblyLoadContext.GetFirstResolvedAssemblyFromResolvingEvent(AssemblyName assemblyName)
   at System.Runtime.Loader.AssemblyLoadContext.ResolveUsingEvent(AssemblyName assemblyName)
   at System.Runtime.Loader.AssemblyLoadContext.ResolveUsingResolvingEvent(IntPtr gchManagedAssemblyLoadContext, AssemblyName assemblyName)
TpTrace Warning: 0 : 14272, 1, 2023/12/28, 16:40:41.773, 248157188310, vstest.console.dll, LoaderExceptions: System.IO.FileNotFoundException: Could not load file or assembly 'Microsoft.Bcl.AsyncInterfaces, Version=1.0.0.0, Culture=neutral, PublicKeyToken=cc7b13ffcd2ddd51'. Не удается найти указанный файл.
File name: 'Microsoft.Bcl.AsyncInterfaces, Version=1.0.0.0, Culture=neutral, PublicKeyToken=cc7b13ffcd2ddd51'
 ---> System.IO.FileNotFoundException: Could not load file or assembly 'Microsoft.Bcl.AsyncInterfaces, Culture=neutral, PublicKeyToken=null'. Не удается найти указанный файл.
File name: 'Microsoft.Bcl.AsyncInterfaces, Culture=neutral, PublicKeyToken=null'
   at System.Reflection.RuntimeAssembly.InternalLoad(AssemblyName assemblyName, StackCrawlMark& stackMark, AssemblyLoadContext assemblyLoadContext, RuntimeAssembly requestingAssembly, Boolean throwOnFileNotFound)
   at System.Reflection.Assembly.Load(AssemblyName assemblyRef)
   at Microsoft.VisualStudio.TestPlatform.Common.ExtensionFramework.TestPluginCache.CurrentDomainAssemblyResolve(Object sender, AssemblyResolveEventArgs args) in /_/src/Microsoft.TestPlatform.Common/ExtensionFramework/TestPluginCache.cs:line 513
   at System.Runtime.Loader.AssemblyLoadContext.GetFirstResolvedAssemblyFromResolvingEvent(AssemblyName assemblyName)
   at System.Runtime.Loader.AssemblyLoadContext.ResolveUsingEvent(AssemblyName assemblyName)
   at System.Runtime.Loader.AssemblyLoadContext.ResolveUsingResolvingEvent(IntPtr gchManagedAssemblyLoadContext, AssemblyName assemblyName)
TpTrace Information: 0 : 14272, 1, 2023/12/28, 16:40:41.773, 248157191585, vstest.console.dll, AssemblyResolver.OnResolve: Microsoft.TestPlatform.Extensions.BlameDataCollector: Resolving assembly.
TpTrace Information: 0 : 14272, 1, 2023/12/28, 16:40:41.773, 248157193137, vstest.console.dll, AssemblyResolver.OnResolve: Microsoft.TestPlatform.Extensions.BlameDataCollector: Searching in: 'C:\Program Files\dotnet\sdk\7.0.401\Extensions'.
TpTrace Information: 0 : 14272, 1, 2023/12/28, 16:40:41.775, 248157204516, vstest.console.dll, AssemblyResolver.OnResolve: Microsoft.TestPlatform.Extensions.BlameDataCollector: Loading assembly 'C:\Program Files\dotnet\sdk\7.0.401\Extensions\Microsoft.TestPlatform.Extensions.BlameDataCollector.dll'.
TpTrace Information: 0 : 14272, 1, 2023/12/28, 16:40:41.776, 248157214660, vstest.console.dll, AssemblyResolver.OnResolve: Resolved assembly: Microsoft.TestPlatform.Extensions.BlameDataCollector, from path: C:\Program Files\dotnet\sdk\7.0.401\Extensions\Microsoft.TestPlatform.Extensions.BlameDataCollector.dll
TpTrace Verbose: 0 : 14272, 1, 2023/12/28, 16:40:41.776, 248157216736, vstest.console.dll, MetadataReaderExtensionsHelper: Discovering extensions inside assembly 'Microsoft.TestPlatform.Extensions.BlameDataCollector, Version=15.0.0.0, Culture=neutral, PublicKeyToken=b03f5f7f11d50a3a' file path 'C:\Program Files\dotnet\sdk\7.0.401\Extensions\Microsoft.TestPlatform.Extensions.BlameDataCollector.dll'
TpTrace Information: 0 : 14272, 1, 2023/12/28, 16:40:41.779, 248157249970, vstest.console.dll, AssemblyResolver.OnResolve: Microsoft.TestPlatform.Extensions.EventLogCollector: Resolving assembly.
TpTrace Information: 0 : 14272, 1, 2023/12/28, 16:40:41.779, 248157253126, vstest.console.dll, AssemblyResolver.OnResolve: Microsoft.TestPlatform.Extensions.EventLogCollector: Searching in: 'C:\Program Files\dotnet\sdk\7.0.401\Extensions'.
TpTrace Information: 0 : 14272, 1, 2023/12/28, 16:40:41.781, 248157266429, vstest.console.dll, AssemblyResolver.OnResolve: Microsoft.TestPlatform.Extensions.EventLogCollector: Loading assembly 'C:\Program Files\dotnet\sdk\7.0.401\Extensions\Microsoft.TestPlatform.Extensions.EventLogCollector.dll'.
TpTrace Information: 0 : 14272, 1, 2023/12/28, 16:40:41.782, 248157279155, vstest.console.dll, AssemblyResolver.OnResolve: Resolved assembly: Microsoft.TestPlatform.Extensions.EventLogCollector, from path: C:\Program Files\dotnet\sdk\7.0.401\Extensions\Microsoft.TestPlatform.Extensions.EventLogCollector.dll
TpTrace Verbose: 0 : 14272, 1, 2023/12/28, 16:40:41.782, 248157282071, vstest.console.dll, MetadataReaderExtensionsHelper: Discovering extensions inside assembly 'Microsoft.TestPlatform.Extensions.EventLogCollector, Version=15.0.0.0, Culture=neutral, PublicKeyToken=b03f5f7f11d50a3a' file path 'C:\Program Files\dotnet\sdk\7.0.401\Extensions\Microsoft.TestPlatform.Extensions.EventLogCollector.dll'
TpTrace Information: 0 : 14272, 1, 2023/12/28, 16:40:41.789, 248157347661, vstest.console.dll, AssemblyResolver.OnResolve: Microsoft.TestPlatform.TestHostRuntimeProvider: Resolving assembly.
TpTrace Information: 0 : 14272, 1, 2023/12/28, 16:40:41.789, 248157350708, vstest.console.dll, AssemblyResolver.OnResolve: Microsoft.TestPlatform.TestHostRuntimeProvider: Searching in: 'C:\Program Files\dotnet\sdk\7.0.401\Extensions'.
TpTrace Information: 0 : 14272, 1, 2023/12/28, 16:40:41.790, 248157358970, vstest.console.dll, AssemblyResolver.OnResolve: Microsoft.TestPlatform.TestHostRuntimeProvider: Loading assembly 'C:\Program Files\dotnet\sdk\7.0.401\Extensions\Microsoft.TestPlatform.TestHostRuntimeProvider.dll'.
TpTrace Information: 0 : 14272, 1, 2023/12/28, 16:40:41.791, 248157368267, vstest.console.dll, AssemblyResolver.OnResolve: Resolved assembly: Microsoft.TestPlatform.TestHostRuntimeProvider, from path: C:\Program Files\dotnet\sdk\7.0.401\Extensions\Microsoft.TestPlatform.TestHostRuntimeProvider.dll
TpTrace Verbose: 0 : 14272, 1, 2023/12/28, 16:40:41.791, 248157370608, vstest.console.dll, MetadataReaderExtensionsHelper: Discovering extensions inside assembly 'Microsoft.TestPlatform.TestHostRuntimeProvider, Version=15.0.0.0, Culture=neutral, PublicKeyToken=b03f5f7f11d50a3a' file path 'C:\Program Files\dotnet\sdk\7.0.401\Extensions\Microsoft.TestPlatform.TestHostRuntimeProvider.dll'
TpTrace Information: 0 : 14272, 1, 2023/12/28, 16:40:41.795, 248157408414, vstest.console.dll, GetTestExtensionFromType: Register extension with identifier data 'HostProvider://DefaultTestHost' and type 'Microsoft.VisualStudio.TestPlatform.CrossPlatEngine.Hosting.DefaultTestHostManager, Microsoft.TestPlatform.TestHostRuntimeProvider, Version=15.0.0.0, Culture=neutral, PublicKeyToken=b03f5f7f11d50a3a' inside file 'C:\Program Files\dotnet\sdk\7.0.401\Extensions\Microsoft.TestPlatform.TestHostRuntimeProvider.dll'
TpTrace Information: 0 : 14272, 1, 2023/12/28, 16:40:41.796, 248157413701, vstest.console.dll, GetTestExtensionFromType: Register extension with identifier data 'HostProvider://DotnetTestHost' and type 'Microsoft.VisualStudio.TestPlatform.CrossPlatEngine.Hosting.DotnetTestHostManager, Microsoft.TestPlatform.TestHostRuntimeProvider, Version=15.0.0.0, Culture=neutral, PublicKeyToken=b03f5f7f11d50a3a' inside file 'C:\Program Files\dotnet\sdk\7.0.401\Extensions\Microsoft.TestPlatform.TestHostRuntimeProvider.dll'
TpTrace Information: 0 : 14272, 1, 2023/12/28, 16:40:41.796, 248157415705, vstest.console.dll, AssemblyResolver.OnResolve: Microsoft.VisualStudio.TestPlatform.Extensions.Html.TestLogger: Resolving assembly.
TpTrace Information: 0 : 14272, 1, 2023/12/28, 16:40:41.796, 248157417536, vstest.console.dll, AssemblyResolver.OnResolve: Microsoft.VisualStudio.TestPlatform.Extensions.Html.TestLogger: Searching in: 'C:\Program Files\dotnet\sdk\7.0.401\Extensions'.
TpTrace Information: 0 : 14272, 1, 2023/12/28, 16:40:41.797, 248157424755, vstest.console.dll, AssemblyResolver.OnResolve: Microsoft.VisualStudio.TestPlatform.Extensions.Html.TestLogger: Loading assembly 'C:\Program Files\dotnet\sdk\7.0.401\Extensions\Microsoft.VisualStudio.TestPlatform.Extensions.Html.TestLogger.dll'.
TpTrace Information: 0 : 14272, 1, 2023/12/28, 16:40:41.797, 248157432899, vstest.console.dll, AssemblyResolver.OnResolve: Resolved assembly: Microsoft.VisualStudio.TestPlatform.Extensions.Html.TestLogger, from path: C:\Program Files\dotnet\sdk\7.0.401\Extensions\Microsoft.VisualStudio.TestPlatform.Extensions.Html.TestLogger.dll
TpTrace Verbose: 0 : 14272, 1, 2023/12/28, 16:40:41.798, 248157435066, vstest.console.dll, MetadataReaderExtensionsHelper: Discovering extensions inside assembly 'Microsoft.VisualStudio.TestPlatform.Extensions.Html.TestLogger, Version=15.0.0.0, Culture=neutral, PublicKeyToken=b03f5f7f11d50a3a' file path 'C:\Program Files\dotnet\sdk\7.0.401\Extensions\Microsoft.VisualStudio.TestPlatform.Extensions.Html.TestLogger.dll'
TpTrace Information: 0 : 14272, 1, 2023/12/28, 16:40:41.800, 248157457621, vstest.console.dll, AssemblyResolver.OnResolve: Microsoft.VisualStudio.TestPlatform.Extensions.Trx.TestLogger: Resolving assembly.
TpTrace Information: 0 : 14272, 1, 2023/12/28, 16:40:41.800, 248157460511, vstest.console.dll, AssemblyResolver.OnResolve: Microsoft.VisualStudio.TestPlatform.Extensions.Trx.TestLogger: Searching in: 'C:\Program Files\dotnet\sdk\7.0.401\Extensions'.
TpTrace Information: 0 : 14272, 1, 2023/12/28, 16:40:41.801, 248157470529, vstest.console.dll, AssemblyResolver.OnResolve: Microsoft.VisualStudio.TestPlatform.Extensions.Trx.TestLogger: Loading assembly 'C:\Program Files\dotnet\sdk\7.0.401\Extensions\Microsoft.VisualStudio.TestPlatform.Extensions.Trx.TestLogger.dll'.
TpTrace Information: 0 : 14272, 1, 2023/12/28, 16:40:41.803, 248157484880, vstest.console.dll, AssemblyResolver.OnResolve: Resolved assembly: Microsoft.VisualStudio.TestPlatform.Extensions.Trx.TestLogger, from path: C:\Program Files\dotnet\sdk\7.0.401\Extensions\Microsoft.VisualStudio.TestPlatform.Extensions.Trx.TestLogger.dll
TpTrace Verbose: 0 : 14272, 1, 2023/12/28, 16:40:41.803, 248157487938, vstest.console.dll, MetadataReaderExtensionsHelper: Discovering extensions inside assembly 'Microsoft.VisualStudio.TestPlatform.Extensions.Trx.TestLogger, Version=15.0.0.0, Culture=neutral, PublicKeyToken=b03f5f7f11d50a3a' file path 'C:\Program Files\dotnet\sdk\7.0.401\Extensions\Microsoft.VisualStudio.TestPlatform.Extensions.Trx.TestLogger.dll'
TpTrace Verbose: 0 : 14272, 1, 2023/12/28, 16:40:41.806, 248157517987, vstest.console.dll, TestPluginCache: Discovered the extensions using extension path ''.
TpTrace Verbose: 0 : 14272, 1, 2023/12/28, 16:40:41.806, 248157520732, vstest.console.dll, TestPluginCache: Discoverers are ''.
TpTrace Verbose: 0 : 14272, 1, 2023/12/28, 16:40:41.806, 248157522253, vstest.console.dll, TestPluginCache: Executors are ''.
TpTrace Verbose: 0 : 14272, 1, 2023/12/28, 16:40:41.807, 248157523755, vstest.console.dll, TestPluginCache: Executors2 are ''.
TpTrace Verbose: 0 : 14272, 1, 2023/12/28, 16:40:41.807, 248157525462, vstest.console.dll, TestPluginCache: Setting providers are ''.
TpTrace Verbose: 0 : 14272, 1, 2023/12/28, 16:40:41.807, 248157526947, vstest.console.dll, TestPluginCache: Loggers are ''.
TpTrace Verbose: 0 : 14272, 1, 2023/12/28, 16:40:41.807, 248157530551, vstest.console.dll, TestPluginCache: TestHosts are 'HostProvider://DefaultTestHost,HostProvider://DotnetTestHost'.
TpTrace Verbose: 0 : 14272, 1, 2023/12/28, 16:40:41.807, 248157532188, vstest.console.dll, TestPluginCache: DataCollectors are ''.
TpTrace Information: 0 : 14272, 1, 2023/12/28, 16:40:41.838, 248157834201, vstest.console.dll, RunTestsArgumentProcessor:Execute: Test run is starting.
TpTrace Verbose: 0 : 14272, 1, 2023/12/28, 16:40:41.838, 248157840524, vstest.console.dll, RunTestsArgumentProcessor:Execute: Queuing Test run.
TpTrace Information: 0 : 14272, 1, 2023/12/28, 16:40:41.839, 248157848523, vstest.console.dll, TestRequestManager.RunTests: run tests started.
TpTrace Information: 0 : 14272, 1, 2023/12/28, 16:40:41.842, 248157875277, vstest.console.dll, AssemblyMetadataProvider.GetFrameworkName: Determined framework:'.NETCoreApp,Version=v7.0' for source: 'D:\GeekBrains\My Git\NetworkApplicationCSharp\06_Lesson\ConsoleApp06STest\bin\Debug\net7.0\fine-code-coverage\build-output\ConsoleApp06STest.dll'
TpTrace Information: 0 : 14272, 1, 2023/12/28, 16:40:41.842, 248157880001, vstest.console.dll, Determined framework for all sources: .NETCoreApp,Version=v7.0
TpTrace Verbose: 0 : 14272, 1, 2023/12/28, 16:40:41.843, 248157889149, vstest.console.dll, TestRequestManager.UpdateRunSettingsIfRequired: Default architecture: X64 IsDefaultTargetArchitecture: True, Current process architecture: X64 OperatingSystem: Windows.
TpTrace Information: 0 : 14272, 1, 2023/12/28, 16:40:41.848, 248157936283, vstest.console.dll, AssemblyMetadataProvider.GetArchitecture: Determined architecture:AnyCPU info for assembly: D:\GeekBrains\My Git\NetworkApplicationCSharp\06_Lesson\ConsoleApp06STest\bin\Debug\net7.0\fine-code-coverage\build-output\ConsoleApp06STest.dll
TpTrace Information: 0 : 14272, 1, 2023/12/28, 16:40:41.848, 248157938484, vstest.console.dll, Determined platform for source 'D:\GeekBrains\My Git\NetworkApplicationCSharp\06_Lesson\ConsoleApp06STest\bin\Debug\net7.0\fine-code-coverage\build-output\ConsoleApp06STest.dll' was AnyCPU and it will use the default plaform X64.
TpTrace Information: 0 : 14272, 1, 2023/12/28, 16:40:41.848, 248157939869, vstest.console.dll, None of the sources provided any runnable platform, using the default platform: X64
TpTrace Information: 0 : 14272, 1, 2023/12/28, 16:40:41.848, 248157942799, vstest.console.dll, Platform was updated to 'X64'.
TpTrace Information: 0 : 14272, 1, 2023/12/28, 16:40:41.856, 248158016132, vstest.console.dll, InferRunSettingsHelper.IsTestSettingsEnabled: Unable to navigate to RunSettings/MSTest. Current node: RunSettings
TpTrace Information: 0 : 14272, 1, 2023/12/28, 16:40:41.857, 248158033163, vstest.console.dll, AssemblyResolver.OnResolve: Microsoft.VisualStudio.TestPlatform.Fakes: Resolving assembly.
TpTrace Information: 0 : 14272, 1, 2023/12/28, 16:40:41.858, 248158035919, vstest.console.dll, AssemblyResolver.OnResolve: Microsoft.VisualStudio.TestPlatform.Fakes: Searching in: 'C:\Program Files\dotnet\sdk\7.0.401\Extensions'.
TpTrace Information: 0 : 14272, 1, 2023/12/28, 16:40:41.858, 248158038527, vstest.console.dll, AssemblyResolver.OnResolve: Microsoft.VisualStudio.TestPlatform.Fakes: Assembly path does not exist: 'C:\Program Files\dotnet\sdk\7.0.401\Extensions\Microsoft.VisualStudio.TestPlatform.Fakes.dll', returning.
TpTrace Information: 0 : 14272, 1, 2023/12/28, 16:40:41.858, 248158040578, vstest.console.dll, AssemblyResolver.OnResolve: Microsoft.VisualStudio.TestPlatform.Fakes: Assembly path does not exist: 'C:\Program Files\dotnet\sdk\7.0.401\Extensions\Microsoft.VisualStudio.TestPlatform.Fakes.exe', returning.
TpTrace Information: 0 : 14272, 1, 2023/12/28, 16:40:41.858, 248158042380, vstest.console.dll, AssemblyResolver.OnResolve: Microsoft.VisualStudio.TestPlatform.Fakes: Searching in: 'C:\Program Files\dotnet\sdk\7.0.401'.
TpTrace Information: 0 : 14272, 1, 2023/12/28, 16:40:41.859, 248158044107, vstest.console.dll, AssemblyResolver.OnResolve: Microsoft.VisualStudio.TestPlatform.Fakes: Assembly path does not exist: 'C:\Program Files\dotnet\sdk\7.0.401\Microsoft.VisualStudio.TestPlatform.Fakes.dll', returning.
TpTrace Information: 0 : 14272, 1, 2023/12/28, 16:40:41.859, 248158045625, vstest.console.dll, AssemblyResolver.OnResolve: Microsoft.VisualStudio.TestPlatform.Fakes: Assembly path does not exist: 'C:\Program Files\dotnet\sdk\7.0.401\Microsoft.VisualStudio.TestPlatform.Fakes.exe', returning.
TpTrace Information: 0 : 14272, 1, 2023/12/28, 16:40:41.859, 248158046754, vstest.console.dll, AssemblyResolver.OnResolve: Microsoft.VisualStudio.TestPlatform.Fakes: Failed to load assembly.
TpTrace Information: 0 : 14272, 1, 2023/12/28, 16:40:41.860, 248158055173, vstest.console.dll, Failed to load assembly Microsoft.VisualStudio.TestPlatform.Fakes, Version=17.0.0.0, Culture=neutral. Reason:System.IO.FileNotFoundException: Could not load file or assembly 'Microsoft.VisualStudio.TestPlatform.Fakes, Version=17.0.0.0, Culture=neutral, PublicKeyToken=null'. Не удается найти указанный файл.
File name: 'Microsoft.VisualStudio.TestPlatform.Fakes, Version=17.0.0.0, Culture=neutral, PublicKeyToken=null'
   at System.Reflection.RuntimeAssembly.InternalLoad(AssemblyName assemblyName, StackCrawlMark& stackMark, AssemblyLoadContext assemblyLoadContext, RuntimeAssembly requestingAssembly, Boolean throwOnFileNotFound)
   at System.Reflection.Assembly.Load(AssemblyName assemblyRef)
   at Microsoft.VisualStudio.TestPlatform.Common.Utilities.FakesUtilities.LoadTestPlatformAssembly() in /_/src/Microsoft.TestPlatform.Common/Utilities/FakesUtilities.cs:line 272
TpTrace Verbose: 0 : 14272, 1, 2023/12/28, 16:40:41.867, 248158125118, vstest.console.dll, TestPluginCache.DiscoverTestExtensions: finding test extensions in assemblies ends with: TestLogger.dll TPluginInfo: Microsoft.VisualStudio.TestPlatform.Common.ExtensionFramework.Utilities.TestLoggerPluginInformation TExtension: Microsoft.VisualStudio.TestPlatform.ObjectModel.Client.ITestLogger
TpTrace Verbose: 0 : 14272, 1, 2023/12/28, 16:40:41.867, 248158128490, vstest.console.dll, TestPluginCache.GetExtensionPaths: Filtered extension paths: 
TpTrace Verbose: 0 : 14272, 1, 2023/12/28, 16:40:41.867, 248158130211, vstest.console.dll, TestPluginCache.GetExtensionPaths: Added default extension paths: C:\Program Files\dotnet\sdk\7.0.401\Extensions\Microsoft.Diagnostics.NETCore.Client.dll
C:\Program Files\dotnet\sdk\7.0.401\Extensions\Microsoft.TestPlatform.Extensions.BlameDataCollector.dll
C:\Program Files\dotnet\sdk\7.0.401\Extensions\Microsoft.TestPlatform.Extensions.EventLogCollector.dll
C:\Program Files\dotnet\sdk\7.0.401\Extensions\Microsoft.TestPlatform.TestHostRuntimeProvider.dll
C:\Program Files\dotnet\sdk\7.0.401\Extensions\Microsoft.VisualStudio.TestPlatform.Extensions.Html.TestLogger.dll
C:\Program Files\dotnet\sdk\7.0.401\Extensions\Microsoft.VisualStudio.TestPlatform.Extensions.Trx.TestLogger.dll
TpTrace Verbose: 0 : 14272, 1, 2023/12/28, 16:40:41.867, 248158131822, vstest.console.dll, TestPluginCache.GetExtensionPaths: Added unfilterableExtensionPaths: 
TpTrace Information: 0 : 14272, 1, 2023/12/28, 16:40:41.868, 248158135437, vstest.console.dll, AssemblyResolver.AddSearchDirectories: Adding more searchDirectories C:\Program Files\dotnet\sdk\7.0.401\Extensions,C:\Program Files\dotnet\sdk\7.0.401
TpTrace Verbose: 0 : 14272, 1, 2023/12/28, 16:40:41.868, 248158136730, vstest.console.dll, TestPluginCache.DiscoverTestExtensions: Discovering the extensions using extension path.
TpTrace Verbose: 0 : 14272, 1, 2023/12/28, 16:40:41.868, 248158137893, vstest.console.dll, TestPluginCache.GetExtensionPaths: Filtered extension paths: 
TpTrace Verbose: 0 : 14272, 1, 2023/12/28, 16:40:41.868, 248158139127, vstest.console.dll, TestPluginCache.GetExtensionPaths: Added default extension paths: C:\Program Files\dotnet\sdk\7.0.401\Extensions\Microsoft.Diagnostics.NETCore.Client.dll
C:\Program Files\dotnet\sdk\7.0.401\Extensions\Microsoft.TestPlatform.Extensions.BlameDataCollector.dll
C:\Program Files\dotnet\sdk\7.0.401\Extensions\Microsoft.TestPlatform.Extensions.EventLogCollector.dll
C:\Program Files\dotnet\sdk\7.0.401\Extensions\Microsoft.TestPlatform.TestHostRuntimeProvider.dll
C:\Program Files\dotnet\sdk\7.0.401\Extensions\Microsoft.VisualStudio.TestPlatform.Extensions.Html.TestLogger.dll
C:\Program Files\dotnet\sdk\7.0.401\Extensions\Microsoft.VisualStudio.TestPlatform.Extensions.Trx.TestLogger.dll
TpTrace Verbose: 0 : 14272, 1, 2023/12/28, 16:40:41.868, 248158140295, vstest.console.dll, TestPluginCache.GetExtensionPaths: Added unfilterableExtensionPaths: 
TpTrace Verbose: 0 : 14272, 1, 2023/12/28, 16:40:41.868, 248158141440, vstest.console.dll, TestPluginCache.DiscoverTestExtensions: Discovering the extensions using allExtensionPaths: C:\Program Files\dotnet\sdk\7.0.401\Extensions\Microsoft.Diagnostics.NETCore.Client.dll
C:\Program Files\dotnet\sdk\7.0.401\Extensions\Microsoft.TestPlatform.Extensions.BlameDataCollector.dll
C:\Program Files\dotnet\sdk\7.0.401\Extensions\Microsoft.TestPlatform.Extensions.EventLogCollector.dll
C:\Program Files\dotnet\sdk\7.0.401\Extensions\Microsoft.TestPlatform.TestHostRuntimeProvider.dll
C:\Program Files\dotnet\sdk\7.0.401\Extensions\Microsoft.VisualStudio.TestPlatform.Extensions.Html.TestLogger.dll
C:\Program Files\dotnet\sdk\7.0.401\Extensions\Microsoft.VisualStudio.TestPlatform.Extensions.Trx.TestLogger.dll
TpTrace Information: 0 : 14272, 1, 2023/12/28, 16:40:41.869, 248158144321, vstest.console.dll, AssemblyResolver.AddSearchDirectories: Adding more searchDirectories C:\Program Files\dotnet\sdk\7.0.401\Extensions,C:\Program Files\dotnet\sdk\7.0.401
TpTrace Information: 0 : 14272, 1, 2023/12/28, 16:40:41.869, 248158146143, vstest.console.dll, AssemblyResolver.AddSearchDirectories: Adding more searchDirectories C:\Program Files\dotnet\sdk\7.0.401\Extensions,C:\Program Files\dotnet\sdk\7.0.401
TpTrace Information: 0 : 14272, 1, 2023/12/28, 16:40:41.869, 248158147873, vstest.console.dll, AssemblyResolver.AddSearchDirectories: Adding more searchDirectories C:\Program Files\dotnet\sdk\7.0.401\Extensions,C:\Program Files\dotnet\sdk\7.0.401
TpTrace Information: 0 : 14272, 1, 2023/12/28, 16:40:41.869, 248158150012, vstest.console.dll, AssemblyResolver.AddSearchDirectories: Adding more searchDirectories C:\Program Files\dotnet\sdk\7.0.401\Extensions,C:\Program Files\dotnet\sdk\7.0.401
TpTrace Information: 0 : 14272, 1, 2023/12/28, 16:40:41.869, 248158151654, vstest.console.dll, AssemblyResolver.AddSearchDirectories: Adding more searchDirectories C:\Program Files\dotnet\sdk\7.0.401\Extensions,C:\Program Files\dotnet\sdk\7.0.401
TpTrace Information: 0 : 14272, 1, 2023/12/28, 16:40:41.869, 248158153210, vstest.console.dll, AssemblyResolver.AddSearchDirectories: Adding more searchDirectories C:\Program Files\dotnet\sdk\7.0.401\Extensions,C:\Program Files\dotnet\sdk\7.0.401
TpTrace Verbose: 0 : 14272, 1, 2023/12/28, 16:40:41.870, 248158157324, vstest.console.dll, MetadataReaderExtensionsHelper: Discovering extensions inside assembly 'Microsoft.Diagnostics.NETCore.Client, Version=0.2.8.21101, Culture=neutral, PublicKeyToken=31bf3856ad364e35' file path 'C:\Program Files\dotnet\sdk\7.0.401\Extensions\Microsoft.Diagnostics.NETCore.Client.dll'
TpTrace Information: 0 : 14272, 1, 2023/12/28, 16:40:41.872, 248158178141, vstest.console.dll, AssemblyResolver.OnResolve: Microsoft.Bcl.AsyncInterfaces: Resolving assembly.
TpTrace Information: 0 : 14272, 1, 2023/12/28, 16:40:41.872, 248158180696, vstest.console.dll, AssemblyResolver.OnResolve: Microsoft.Bcl.AsyncInterfaces: Resolved from cache.
TpTrace Verbose: 0 : 14272, 1, 2023/12/28, 16:40:41.872, 248158182536, vstest.console.dll, CurrentDomainAssemblyResolve: Resolving assembly 'Microsoft.Bcl.AsyncInterfaces'.
TpTrace Information: 0 : 14272, 1, 2023/12/28, 16:40:41.873, 248158186262, vstest.console.dll, AssemblyResolver.OnResolve: Microsoft.Bcl.AsyncInterfaces: Resolving assembly.
TpTrace Information: 0 : 14272, 1, 2023/12/28, 16:40:41.873, 248158188523, vstest.console.dll, AssemblyResolver.OnResolve: Microsoft.Bcl.AsyncInterfaces: Resolved from cache.
TpTrace Verbose: 0 : 14272, 1, 2023/12/28, 16:40:41.873, 248158190511, vstest.console.dll, CurrentDomainAssemblyResolve: Resolving assembly 'Microsoft.Bcl.AsyncInterfaces'.
TpTrace Verbose: 0 : 14272, 1, 2023/12/28, 16:40:41.873, 248158191576, vstest.console.dll, CurrentDomainAssemblyResolve: Failed to resolve assembly 'Microsoft.Bcl.AsyncInterfaces'.
TpTrace Verbose: 0 : 14272, 1, 2023/12/28, 16:40:41.874, 248158195666, vstest.console.dll, CurrentDomainAssemblyResolve: Failed to resolve assembly 'Microsoft.Bcl.AsyncInterfaces'.
TpTrace Warning: 0 : 14272, 1, 2023/12/28, 16:40:41.875, 248158203769, vstest.console.dll, TestPluginDiscoverer: Failed to get types from assembly 'Microsoft.Diagnostics.NETCore.Client, Version=0.2.8.21101, Culture=neutral, PublicKeyToken=31bf3856ad364e35'. Error: System.Reflection.ReflectionTypeLoadException: Unable to load one or more of the requested types.
Could not load file or assembly 'Microsoft.Bcl.AsyncInterfaces, Version=1.0.0.0, Culture=neutral, PublicKeyToken=cc7b13ffcd2ddd51'. Не удается найти указанный файл.
   at System.Reflection.RuntimeModule.GetTypes(RuntimeModule module)
   at System.Reflection.Assembly.GetTypes()
   at Microsoft.VisualStudio.TestPlatform.Common.ExtensionFramework.TestPluginDiscoverer.GetTestExtensionsFromAssembly[TPluginInfo,TExtension](Assembly assembly, Dictionary`2 pluginInfos, String filePath) in /_/src/Microsoft.TestPlatform.Common/ExtensionFramework/TestPluginDiscoverer.cs:line 158
System.IO.FileNotFoundException: Could not load file or assembly 'Microsoft.Bcl.AsyncInterfaces, Version=1.0.0.0, Culture=neutral, PublicKeyToken=cc7b13ffcd2ddd51'. Не удается найти указанный файл.
File name: 'Microsoft.Bcl.AsyncInterfaces, Version=1.0.0.0, Culture=neutral, PublicKeyToken=cc7b13ffcd2ddd51'
 ---> System.IO.FileNotFoundException: Could not load file or assembly 'Microsoft.Bcl.AsyncInterfaces, Culture=neutral, PublicKeyToken=null'. Не удается найти указанный файл.
File name: 'Microsoft.Bcl.AsyncInterfaces, Culture=neutral, PublicKeyToken=null'
   at System.Reflection.RuntimeAssembly.InternalLoad(AssemblyName assemblyName, StackCrawlMark& stackMark, AssemblyLoadContext assemblyLoadContext, RuntimeAssembly requestingAssembly, Boolean throwOnFileNotFound)
   at System.Reflection.Assembly.Load(AssemblyName assemblyRef)
   at Microsoft.VisualStudio.TestPlatform.Common.ExtensionFramework.TestPluginCache.CurrentDomainAssemblyResolve(Object sender, AssemblyResolveEventArgs args) in /_/src/Microsoft.TestPlatform.Common/ExtensionFramework/TestPluginCache.cs:line 513
   at System.Runtime.Loader.AssemblyLoadContext.GetFirstResolvedAssemblyFromResolvingEvent(AssemblyName assemblyName)
   at System.Runtime.Loader.AssemblyLoadContext.ResolveUsingEvent(AssemblyName assemblyName)
   at System.Runtime.Loader.AssemblyLoadContext.ResolveUsingResolvingEvent(IntPtr gchManagedAssemblyLoadContext, AssemblyName assemblyName)
TpTrace Warning: 0 : 14272, 1, 2023/12/28, 16:40:41.875, 248158207171, vstest.console.dll, LoaderExceptions: System.IO.FileNotFoundException: Could not load file or assembly 'Microsoft.Bcl.AsyncInterfaces, Version=1.0.0.0, Culture=neutral, PublicKeyToken=cc7b13ffcd2ddd51'. Не удается найти указанный файл.
File name: 'Microsoft.Bcl.AsyncInterfaces, Version=1.0.0.0, Culture=neutral, PublicKeyToken=cc7b13ffcd2ddd51'
 ---> System.IO.FileNotFoundException: Could not load file or assembly 'Microsoft.Bcl.AsyncInterfaces, Culture=neutral, PublicKeyToken=null'. Не удается найти указанный файл.
File name: 'Microsoft.Bcl.AsyncInterfaces, Culture=neutral, PublicKeyToken=null'
   at System.Reflection.RuntimeAssembly.InternalLoad(AssemblyName assemblyName, StackCrawlMark& stackMark, AssemblyLoadContext assemblyLoadContext, RuntimeAssembly requestingAssembly, Boolean throwOnFileNotFound)
   at System.Reflection.Assembly.Load(AssemblyName assemblyRef)
   at Microsoft.VisualStudio.TestPlatform.Common.ExtensionFramework.TestPluginCache.CurrentDomainAssemblyResolve(Object sender, AssemblyResolveEventArgs args) in /_/src/Microsoft.TestPlatform.Common/ExtensionFramework/TestPluginCache.cs:line 513
   at System.Runtime.Loader.AssemblyLoadContext.GetFirstResolvedAssemblyFromResolvingEvent(AssemblyName assemblyName)
   at System.Runtime.Loader.AssemblyLoadContext.ResolveUsingEvent(AssemblyName assemblyName)
   at System.Runtime.Loader.AssemblyLoadContext.ResolveUsingResolvingEvent(IntPtr gchManagedAssemblyLoadContext, AssemblyName assemblyName)
TpTrace Verbose: 0 : 14272, 1, 2023/12/28, 16:40:41.875, 248158209303, vstest.console.dll, MetadataReaderExtensionsHelper: Discovering extensions inside assembly 'Microsoft.TestPlatform.Extensions.BlameDataCollector, Version=15.0.0.0, Culture=neutral, PublicKeyToken=b03f5f7f11d50a3a' file path 'C:\Program Files\dotnet\sdk\7.0.401\Extensions\Microsoft.TestPlatform.Extensions.BlameDataCollector.dll'
TpTrace Information: 0 : 14272, 1, 2023/12/28, 16:40:41.876, 248158222876, vstest.console.dll, GetTestExtensionFromType: Register extension with identifier data 'logger://Microsoft/TestPlatform/Extensions/Blame/v1' and type 'Microsoft.TestPlatform.Extensions.BlameDataCollector.BlameLogger, Microsoft.TestPlatform.Extensions.BlameDataCollector, Version=15.0.0.0, Culture=neutral, PublicKeyToken=b03f5f7f11d50a3a' inside file 'C:\Program Files\dotnet\sdk\7.0.401\Extensions\Microsoft.TestPlatform.Extensions.BlameDataCollector.dll'
TpTrace Verbose: 0 : 14272, 1, 2023/12/28, 16:40:41.877, 248158224513, vstest.console.dll, MetadataReaderExtensionsHelper: Discovering extensions inside assembly 'Microsoft.TestPlatform.Extensions.EventLogCollector, Version=15.0.0.0, Culture=neutral, PublicKeyToken=b03f5f7f11d50a3a' file path 'C:\Program Files\dotnet\sdk\7.0.401\Extensions\Microsoft.TestPlatform.Extensions.EventLogCollector.dll'
TpTrace Verbose: 0 : 14272, 1, 2023/12/28, 16:40:41.877, 248158231559, vstest.console.dll, MetadataReaderExtensionsHelper: Discovering extensions inside assembly 'Microsoft.TestPlatform.TestHostRuntimeProvider, Version=15.0.0.0, Culture=neutral, PublicKeyToken=b03f5f7f11d50a3a' file path 'C:\Program Files\dotnet\sdk\7.0.401\Extensions\Microsoft.TestPlatform.TestHostRuntimeProvider.dll'
TpTrace Verbose: 0 : 14272, 1, 2023/12/28, 16:40:41.878, 248158238035, vstest.console.dll, MetadataReaderExtensionsHelper: Discovering extensions inside assembly 'Microsoft.VisualStudio.TestPlatform.Extensions.Html.TestLogger, Version=15.0.0.0, Culture=neutral, PublicKeyToken=b03f5f7f11d50a3a' file path 'C:\Program Files\dotnet\sdk\7.0.401\Extensions\Microsoft.VisualStudio.TestPlatform.Extensions.Html.TestLogger.dll'
TpTrace Information: 0 : 14272, 1, 2023/12/28, 16:40:41.879, 248158252259, vstest.console.dll, GetTestExtensionFromType: Register extension with identifier data 'logger://Microsoft/TestPlatform/HtmlLogger/v1' and type 'Microsoft.VisualStudio.TestPlatform.Extensions.HtmlLogger.HtmlLogger, Microsoft.VisualStudio.TestPlatform.Extensions.Html.TestLogger, Version=15.0.0.0, Culture=neutral, PublicKeyToken=b03f5f7f11d50a3a' inside file 'C:\Program Files\dotnet\sdk\7.0.401\Extensions\Microsoft.VisualStudio.TestPlatform.Extensions.Html.TestLogger.dll'
TpTrace Verbose: 0 : 14272, 1, 2023/12/28, 16:40:41.880, 248158254928, vstest.console.dll, MetadataReaderExtensionsHelper: Discovering extensions inside assembly 'Microsoft.VisualStudio.TestPlatform.Extensions.Trx.TestLogger, Version=15.0.0.0, Culture=neutral, PublicKeyToken=b03f5f7f11d50a3a' file path 'C:\Program Files\dotnet\sdk\7.0.401\Extensions\Microsoft.VisualStudio.TestPlatform.Extensions.Trx.TestLogger.dll'
TpTrace Information: 0 : 14272, 1, 2023/12/28, 16:40:41.881, 248158268341, vstest.console.dll, GetTestExtensionFromType: Register extension with identifier data 'logger://Microsoft/TestPlatform/TrxLogger/v1' and type 'Microsoft.VisualStudio.TestPlatform.Extensions.TrxLogger.TrxLogger, Microsoft.VisualStudio.TestPlatform.Extensions.Trx.TestLogger, Version=15.0.0.0, Culture=neutral, PublicKeyToken=b03f5f7f11d50a3a' inside file 'C:\Program Files\dotnet\sdk\7.0.401\Extensions\Microsoft.VisualStudio.TestPlatform.Extensions.Trx.TestLogger.dll'
TpTrace Verbose: 0 : 14272, 1, 2023/12/28, 16:40:41.881, 248158271225, vstest.console.dll, TestPluginCache: Discovered the extensions using extension path ''.
TpTrace Verbose: 0 : 14272, 1, 2023/12/28, 16:40:41.881, 248158272378, vstest.console.dll, TestPluginCache: Discoverers are ''.
TpTrace Verbose: 0 : 14272, 1, 2023/12/28, 16:40:41.882, 248158273993, vstest.console.dll, TestPluginCache: Executors are ''.
TpTrace Verbose: 0 : 14272, 1, 2023/12/28, 16:40:41.882, 248158275388, vstest.console.dll, TestPluginCache: Executors2 are ''.
TpTrace Verbose: 0 : 14272, 1, 2023/12/28, 16:40:41.882, 248158276847, vstest.console.dll, TestPluginCache: Setting providers are ''.
TpTrace Verbose: 0 : 14272, 1, 2023/12/28, 16:40:41.882, 248158279633, vstest.console.dll, TestPluginCache: Loggers are 'logger://Microsoft/TestPlatform/Extensions/Blame/v1,logger://Microsoft/TestPlatform/HtmlLogger/v1,logger://Microsoft/TestPlatform/TrxLogger/v1'.
TpTrace Verbose: 0 : 14272, 1, 2023/12/28, 16:40:41.882, 248158281728, vstest.console.dll, TestPluginCache: TestHosts are 'HostProvider://DefaultTestHost,HostProvider://DotnetTestHost'.
TpTrace Verbose: 0 : 14272, 1, 2023/12/28, 16:40:41.882, 248158282940, vstest.console.dll, TestPluginCache: DataCollectors are ''.
TpTrace Information: 0 : 14272, 1, 2023/12/28, 16:40:41.884, 248158302755, vstest.console.dll, TestPluginManager.CreateTestExtension: Attempting to load test extension: Microsoft.TestPlatform.Extensions.BlameDataCollector.BlameLogger
TpTrace Verbose: 0 : 14272, 1, 2023/12/28, 16:40:41.901, 248158467458, vstest.console.dll, TestEngine: Initializing Parallel Execution as MaxCpuCount is set to: 1
TpTrace Information: 0 : 14272, 1, 2023/12/28, 16:40:41.908, 248158541653, vstest.console.dll, TestPluginManager.CreateTestExtension: Attempting to load test extension: Microsoft.VisualStudio.TestPlatform.CrossPlatEngine.Hosting.DefaultTestHostManager
TpTrace Information: 0 : 14272, 1, 2023/12/28, 16:40:41.911, 248158567727, vstest.console.dll, TestPluginManager.CreateTestExtension: Attempting to load test extension: Microsoft.VisualStudio.TestPlatform.CrossPlatEngine.Hosting.DotnetTestHostManager
TpTrace Information: 0 : 14272, 1, 2023/12/28, 16:40:41.913, 248158585357, vstest.console.dll, InferRunSettingsHelper.IsTestSettingsEnabled: Unable to navigate to RunSettings/MSTest. Current node: RunSettings
TpTrace Verbose: 0 : 14272, 1, 2023/12/28, 16:40:41.914, 248158599144, vstest.console.dll, ParallelOperationManager.ClearSlots: Clearing all slots. Slots should accept more work: True
TpTrace Verbose: 0 : 14272, 1, 2023/12/28, 16:40:41.916, 248158615472, vstest.console.dll, ParallelOperationManager.SetOccupiedSlotCount: Setting slot counts AvailableSlotCount = 1, OccupiedSlotCount = 0.
TpTrace Verbose: 0 : 14272, 1, 2023/12/28, 16:40:41.917, 248158623379, vstest.console.dll, Occupied slots:

TpTrace Verbose: 0 : 14272, 1, 2023/12/28, 16:40:41.923, 248158692813, vstest.console.dll, TestEngine.GetExecutionManager: Chosen execution manager 'Microsoft.VisualStudio.TestPlatform.CrossPlatEngine.Client.Parallel.ParallelProxyExecutionManager, Microsoft.TestPlatform.CrossPlatEngine, Version=15.0.0.0, Culture=neutral, PublicKeyToken=b03f5f7f11d50a3a' ParallelLevel '1'.
TpTrace Verbose: 0 : 14272, 1, 2023/12/28, 16:40:41.924, 248158697842, vstest.console.dll, TestRunRequest.ExecuteAsync: Creating test run request.
TpTrace Verbose: 0 : 14272, 1, 2023/12/28, 16:40:41.925, 248158703853, vstest.console.dll, TestRunRequest.ExecuteAsync: Starting.
TpTrace Information: 0 : 14272, 1, 2023/12/28, 16:40:41.925, 248158710613, vstest.console.dll, TestRunRequest.ExecuteAsync: Starting run with settings:TestRunCriteria:
   KeepAlive=False,FrequencyOfRunStatsChangeEvent=10,RunStatsChangeEventTimeout=00:00:01.5000000,TestCaseFilter=,TestExecutorLauncher=
   Settingsxml=<RunSettings>
  <RunConfiguration>
    <ResultsDirectory>D:\GeekBrains\My Git\NetworkApplicationCSharp\06_Lesson\ConsoleApp06STest\bin\Debug\net7.0\fine-code-coverage\coverage-tool-output</ResultsDirectory>
    <TargetPlatform>X64</TargetPlatform>
    <TargetFrameworkVersion>.NETCoreApp,Version=v7.0</TargetFrameworkVersion>
    <DesignMode>False</DesignMode>
    <CollectSourceInformation>False</CollectSourceInformation>
  </RunConfiguration>
  <LoggerRunSettings>
    <Loggers>
      <Logger friendlyName="blame" enabled="True" />
      <Logger friendlyName="Console" uri="logger://microsoft/TestPlatform/ConsoleLogger/v1" assemblyQualifiedName="Microsoft.VisualStudio.TestPlatform.CommandLine.Internal.ConsoleLogger, vstest.console, Version=15.0.0.0, Culture=neutral, PublicKeyToken=b03f5f7f11d50a3a" codeBase="C:\Program Files\dotnet\sdk\7.0.401\vstest.console.dll" enabled="True" />
    </Loggers>
  </LoggerRunSettings>
  <DataCollectionRunSettings>
    <DataCollectors>
      <DataCollector friendlyName="blame" enabled="True">
        <Configuration>
          <ResultsDirectory>D:\GeekBrains\My Git\NetworkApplicationCSharp\06_Lesson\ConsoleApp06STest\bin\Debug\net7.0\fine-code-coverage\coverage-tool-output</ResultsDirectory>
        </Configuration>
      </DataCollector>
    </DataCollectors>
  </DataCollectionRunSettings>
</RunSettings>

TpTrace Verbose: 0 : 14272, 1, 2023/12/28, 16:40:41.925, 248158712452, vstest.console.dll, TestRunRequest.ExecuteAsync: Wait for the first run request is over.
TpTrace Verbose: 0 : 14272, 1, 2023/12/28, 16:40:41.926, 248158719325, vstest.console.dll, MulticastDelegateUtilities.SafeInvoke: TestRun.TestRunStart: Invoking callbacks was skipped because there are no subscribers.
TpTrace Verbose: 0 : 14272, 4, 2023/12/28, 16:40:41.926, 248158722621, vstest.console.dll, MulticastDelegateUtilities.SafeInvoke: InternalTestLoggerEvents.SendTestRunStart: Invoking callback 1/1 for Microsoft.VisualStudio.TestPlatform.CommandLine.Internal.ConsoleLogger., took 0 ms.
TpTrace Verbose: 0 : 14272, 1, 2023/12/28, 16:40:41.929, 248158746017, vstest.console.dll, ParallelProxyExecutionManager: Start execution. Total sources: 1
TpTrace Verbose: 0 : 14272, 1, 2023/12/28, 16:40:41.929, 248158752041, vstest.console.dll, ParallelOperationManager.StartWork: Starting adding 1 workloads.
TpTrace Verbose: 0 : 14272, 1, 2023/12/28, 16:40:41.930, 248158754790, vstest.console.dll, ParallelOperationManager.ClearSlots: Clearing all slots. Slots should accept more work: True
TpTrace Verbose: 0 : 14272, 1, 2023/12/28, 16:40:41.930, 248158756617, vstest.console.dll, ParallelOperationManager.SetOccupiedSlotCount: Setting slot counts AvailableSlotCount = 1, OccupiedSlotCount = 0.
TpTrace Verbose: 0 : 14272, 1, 2023/12/28, 16:40:41.930, 248158757851, vstest.console.dll, Occupied slots:

TpTrace Verbose: 0 : 14272, 1, 2023/12/28, 16:40:41.932, 248158781184, vstest.console.dll, TestRequestSender is acting as server.
TpTrace Verbose: 0 : 14272, 1, 2023/12/28, 16:40:41.937, 248158825426, vstest.console.dll, ParallelOperationManager.RunWorkInParallel: Adding 1 workload to slot, remaining workloads 0.
TpTrace Verbose: 0 : 14272, 1, 2023/12/28, 16:40:41.937, 248158828325, vstest.console.dll, ParallelOperationManager.SetOccupiedSlotCount: Setting slot counts AvailableSlotCount = 0, OccupiedSlotCount = 1.
TpTrace Verbose: 0 : 14272, 1, 2023/12/28, 16:40:41.937, 248158831728, vstest.console.dll, Occupied slots:
0: D:\GeekBrains\My Git\NetworkApplicationCSharp\06_Lesson\ConsoleApp06STest\bin\Debug\net7.0\fine-code-coverage\build-output\ConsoleApp06STest.dll
TpTrace Verbose: 0 : 14272, 1, 2023/12/28, 16:40:41.940, 248158857077, vstest.console.dll, ParallelOperationManager.RunWorkInParallel: Started host in slot number 0 for work (source): D:\GeekBrains\My Git\NetworkApplicationCSharp\06_Lesson\ConsoleApp06STest\bin\Debug\net7.0\fine-code-coverage\build-output\ConsoleApp06STest.dll.
TpTrace Verbose: 0 : 14272, 1, 2023/12/28, 16:40:41.942, 248158875702, vstest.console.dll, ParallelOperationManager.RunWorkInParallel: We started 1 work items, which is the max parallel level. Won't start more work.
TpTrace Verbose: 0 : 14272, 1, 2023/12/28, 16:40:41.942, 248158878502, vstest.console.dll, ParallelOperationManager.RunWorkInParallel: We started 1 work items in here, returning True.
TpTrace Verbose: 0 : 14272, 5, 2023/12/28, 16:40:41.942, 248158880062, vstest.console.dll, ParallelProxyExecutionManager.StartTestRunOnConcurrentManager: Initializing uninitialized client. Started clients: 0
TpTrace Information: 0 : 14272, 1, 2023/12/28, 16:40:41.942, 248158881928, vstest.console.dll, TestRunRequest.ExecuteAsync: Started.
TpTrace Verbose: 0 : 14272, 5, 2023/12/28, 16:40:41.943, 248158883757, vstest.console.dll, DataCollectionRequestSender.InitializeCommunication : Initialize communication. 
TpTrace Verbose: 0 : 14272, 1, 2023/12/28, 16:40:41.943, 248158883847, vstest.console.dll, TestRunRequest.WaitForCompletion: Waiting with timeout -1.
TpTrace Information: 0 : 14272, 5, 2023/12/28, 16:40:41.950, 248158959061, vstest.console.dll, Listening on Endpoint : 127.0.0.1:55934
TpTrace Verbose: 0 : 14272, 5, 2023/12/28, 16:40:41.960, 248159057862, vstest.console.dll, DotnetDataCollectionLauncher: Adding  --runtimeconfig "C:\Program Files\dotnet\sdk\7.0.401\datacollector.runtimeconfig.json" in args
TpTrace Verbose: 0 : 14272, 5, 2023/12/28, 16:40:41.960, 248159060216, vstest.console.dll, DotnetDataCollectionLauncher: Adding  --depsfile "C:\Program Files\dotnet\sdk\7.0.401\datacollector.deps.json" in args
TpTrace Verbose: 0 : 14272, 5, 2023/12/28, 16:40:41.961, 248159063440, vstest.console.dll, DotnetDataCollectionLauncher: Full path of dotnet.exe is C:\Program Files\dotnet\dotnet.exe
TpTrace Information: 0 : 14272, 5, 2023/12/28, 16:40:41.968, 248159141219, vstest.console.dll, ProxyDataCollectionManager.Initialize: Launched datacollector processId: 2620 port: 55934
TpTrace Information: 0 : 14272, 5, 2023/12/28, 16:40:41.969, 248159145568, vstest.console.dll, ProxyDataCollectionManager.Initialize: waiting for connection with timeout: 90 seconds
TpTrace Verbose: 0 : 14272, 5, 2023/12/28, 16:40:41.969, 248159153327, vstest.console.dll, DataCollectionRequestSender.WaitForRequestHandlerConnection : Waiting for connection with timeout: 90000
TpTrace Verbose: 0 : 14272, 5, 2023/12/28, 16:40:42.223, 248161684300, vstest.console.dll, SocketCommunicationManager.WaitForClientConnection took: 252 ms, with 90000 ms timeout, and finished with True.
TpTrace Information: 0 : 14272, 7, 2023/12/28, 16:40:42.223, 248161686425, vstest.console.dll, Using the buffer size of 16384 bytes
TpTrace Information: 0 : 14272, 7, 2023/12/28, 16:40:42.223, 248161689267, vstest.console.dll, Accepted Client request and set the flag
TpTrace Verbose: 0 : 14272, 5, 2023/12/28, 16:40:42.223, 248161689997, vstest.console.dll, ProxyDataCollectionManager.InvokeDataCollectionServiceAction: Starting.
TpTrace Information: 0 : 14272, 5, 2023/12/28, 16:40:42.224, 248161693402, vstest.console.dll, ProxyDataCollectionManager.BeforeTestRunStart: Get environment variable and port for datacollector processId: 2620 port: 55934
TpTrace Verbose: 0 : 14272, 5, 2023/12/28, 16:40:42.224, 248161696608, vstest.console.dll, DataCollectionRequestSender.SendBeforeTestRunStartAndGetResult: Send BeforeTestRunStart message with settingsXml <RunSettings><RunConfiguration><ResultsDirectory>D:\GeekBrains\My Git\NetworkApplicationCSharp\06_Lesson\ConsoleApp06STest\bin\Debug\net7.0\fine-code-coverage\coverage-tool-output</ResultsDirectory><TargetPlatform>X64</TargetPlatform><TargetFrameworkVersion>.NETCoreApp,Version=v7.0</TargetFrameworkVersion><DesignMode>False</DesignMode><CollectSourceInformation>False</CollectSourceInformation><TestAdaptersPaths>C:\Program Files\dotnet\sdk\7.0.401\Extensions</TestAdaptersPaths></RunConfiguration><LoggerRunSettings><Loggers><Logger friendlyName="blame" enabled="True" /><Logger friendlyName="Console" uri="logger://microsoft/TestPlatform/ConsoleLogger/v1" assemblyQualifiedName="Microsoft.VisualStudio.TestPlatform.CommandLine.Internal.ConsoleLogger, vstest.console, Version=15.0.0.0, Culture=neutral, PublicKeyToken=b03f5f7f11d50a3a" codeBase="C:\Program Files\dotnet\sdk\7.0.401\vstest.console.dll" enabled="True" /></Loggers></LoggerRunSettings><DataCollectionRunSettings><DataCollectors><DataCollector friendlyName="blame" enabled="True"><Configuration><ResultsDirectory>D:\GeekBrains\My Git\NetworkApplicationCSharp\06_Lesson\ConsoleApp06STest\bin\Debug\net7.0\fine-code-coverage\coverage-tool-output</ResultsDirectory></Configuration></DataCollector></DataCollectors></DataCollectionRunSettings></RunSettings> and sources System.Collections.Generic.List`1[System.String]: 
TpTrace Verbose: 0 : 14272, 5, 2023/12/28, 16:40:42.350, 248162956945, vstest.console.dll, DataCollectionRequestSender.SendBeforeTestRunStartAndGetResult: Received message: (DataCollection.SendMessage) -> {"MessageType":"DataCollection.SendMessage","Payload":{"FriendlyName":null,"Uri":null,"TestCaseId":"00000000-0000-0000-0000-000000000000","Message":"Logging DataCollector Diagnostics in file: D:\\GeekBrains\\My Git\\NetworkApplicationCSharp\\06_Lesson\\ConsoleApp06STest\\bin\\Debug\\net7.0\\fine-code-coverage\\coverage-tool-output\\diagnostics.datacollector.23-12-28_16-40-41_96006_5.log","Level":0}}
TpTrace Verbose: 0 : 14272, 5, 2023/12/28, 16:40:42.492, 248164374523, vstest.console.dll, DataCollectionRequestSender.SendBeforeTestRunStartAndGetResult: Received message: (DataCollection.BeforeTestRunStartResult) -> {"MessageType":"DataCollection.BeforeTestRunStartResult","Payload":{"EnvironmentVariables":{},"DataCollectionEventsPort":55936}}
TpTrace Information: 0 : 14272, 5, 2023/12/28, 16:40:42.499, 248164445145, vstest.console.dll, ProxyDataCollectionManager.BeforeTestRunStart: SendBeforeTestRunStartAndGetResult successful, env variable from datacollector:   and testhost port: 55936
TpTrace Information: 0 : 14272, 5, 2023/12/28, 16:40:42.499, 248164447366, vstest.console.dll, ProxyDataCollectionManager.InvokeDataCollectionServiceAction: Completed.
TpTrace Verbose: 0 : 14272, 5, 2023/12/28, 16:40:42.499, 248164448500, vstest.console.dll, ParallelProxyExecutionManager.StartTestRunOnConcurrentManager: Initializing test run. Started clients: 0
TpTrace Verbose: 0 : 14272, 5, 2023/12/28, 16:40:42.499, 248164450339, vstest.console.dll, ProxyExecutionManager: Test host is always Lazy initialize.
TpTrace Verbose: 0 : 14272, 5, 2023/12/28, 16:40:42.500, 248164454611, vstest.console.dll, TestRequestSender.InitializeCommunication: initialize communication. 
TpTrace Information: 0 : 14272, 5, 2023/12/28, 16:40:42.500, 248164462501, vstest.console.dll, SocketServer.Start: Listening on endpoint : 127.0.0.1:55937
TpTrace Verbose: 0 : 14272, 5, 2023/12/28, 16:40:42.502, 248164476802, vstest.console.dll, DotnetTestHostmanager.GetTestHostProcessStartInfo: Platform environment 'X64' target architecture 'X64' framework '.NETCoreApp,Version=v7.0' OS 'Windows'
TpTrace Verbose: 0 : 14272, 5, 2023/12/28, 16:40:42.502, 248164480357, vstest.console.dll, DotnetTestHostmanager: Adding  --runtimeconfig "D:\GeekBrains\My Git\NetworkApplicationCSharp\06_Lesson\ConsoleApp06STest\bin\Debug\net7.0\fine-code-coverage\build-output\ConsoleApp06STest.runtimeconfig.json" in args
TpTrace Verbose: 0 : 14272, 5, 2023/12/28, 16:40:42.502, 248164481891, vstest.console.dll, DotnetTestHostmanager: Adding  --depsfile "D:\GeekBrains\My Git\NetworkApplicationCSharp\06_Lesson\ConsoleApp06STest\bin\Debug\net7.0\fine-code-coverage\build-output\ConsoleApp06STest.deps.json" in args
TpTrace Verbose: 0 : 14272, 5, 2023/12/28, 16:40:42.503, 248164486044, vstest.console.dll, DotnetTestHostmanager.IsWinOnArm: Current PROCESSOR_ARCHITECTURE from environment variable 'AMD64'
TpTrace Verbose: 0 : 14272, 5, 2023/12/28, 16:40:42.503, 248164487384, vstest.console.dll, DotnetTestHostmanager.IsWinOnArm: Is Windows on ARM 'False'
TpTrace Verbose: 0 : 14272, 5, 2023/12/28, 16:40:42.503, 248164488738, vstest.console.dll, DotnetTestHostManager: testhost.exe found at path: D:\GeekBrains\My Git\NetworkApplicationCSharp\06_Lesson\ConsoleApp06STest\bin\Debug\net7.0\fine-code-coverage\build-output\testhost.exe
TpTrace Verbose: 0 : 14272, 5, 2023/12/28, 16:40:42.503, 248164489932, vstest.console.dll, DotnetTestHostmanager: Full path of host exe is D:\GeekBrains\My Git\NetworkApplicationCSharp\06_Lesson\ConsoleApp06STest\bin\Debug\net7.0\fine-code-coverage\build-output\testhost.exe
TpTrace Verbose: 0 : 14272, 5, 2023/12/28, 16:40:42.503, 248164492242, vstest.console.dll, DotnetTestHostmanager.LaunchTestHostAsync: Found 'VSTEST_WINAPPHOST_DOTNET_ROOT' in env variables, value 'C:\Program Files\dotnet', forwarding to 'DOTNET_ROOT'
TpTrace Verbose: 0 : 14272, 5, 2023/12/28, 16:40:42.504, 248164495421, vstest.console.dll, DotnetTestHostManager: Starting process 'D:\GeekBrains\My Git\NetworkApplicationCSharp\06_Lesson\ConsoleApp06STest\bin\Debug\net7.0\fine-code-coverage\build-output\testhost.exe' with command line ' --runtimeconfig "D:\GeekBrains\My Git\NetworkApplicationCSharp\06_Lesson\ConsoleApp06STest\bin\Debug\net7.0\fine-code-coverage\build-output\ConsoleApp06STest.runtimeconfig.json" --depsfile "D:\GeekBrains\My Git\NetworkApplicationCSharp\06_Lesson\ConsoleApp06STest\bin\Debug\net7.0\fine-code-coverage\build-output\ConsoleApp06STest.deps.json" --port 55937 --endpoint 127.0.0.1:055937 --role client --parentprocessid 14272 --diag "D:\GeekBrains\My Git\NetworkApplicationCSharp\06_Lesson\ConsoleApp06STest\bin\Debug\net7.0\fine-code-coverage\coverage-tool-output\diagnostics.host.23-12-28_16-40-42_50162_5.log" --tracelevel 4 --datacollectionport 55936 --telemetryoptedin false'
TpTrace Verbose: 0 : 14272, 5, 2023/12/28, 16:40:42.513, 248164586781, vstest.console.dll, MulticastDelegateUtilities.SafeInvoke: HostProviderEvents.OnHostLaunched: Invoking callback 1/2 for Microsoft.VisualStudio.TestPlatform.CrossPlatEngine.Client.ProxyExecutionManagerWithDataCollection., took 2 ms.
TpTrace Verbose: 0 : 14272, 5, 2023/12/28, 16:40:42.514, 248164594917, vstest.console.dll, Test Runtime launched
TpTrace Verbose: 0 : 14272, 5, 2023/12/28, 16:40:42.514, 248164597447, vstest.console.dll, MulticastDelegateUtilities.SafeInvoke: HostProviderEvents.OnHostLaunched: Invoking callback 2/2 for Microsoft.VisualStudio.TestPlatform.CrossPlatEngine.Client.ProxyOperationManager., took 0 ms.
TpTrace Verbose: 0 : 14272, 5, 2023/12/28, 16:40:42.514, 248164601368, vstest.console.dll, TestRequestSender.WaitForRequestHandlerConnection: waiting for connection with timeout: 90000.
TpTrace Verbose: 0 : 14272, 5, 2023/12/28, 16:40:42.775, 248167212498, vstest.console.dll, TestRequestSender.WaitForRequestHandlerConnection: waiting took 261 ms, with timeout 90000 ms, and result 0, which is success.
TpTrace Verbose: 0 : 14272, 12, 2023/12/28, 16:40:42.775, 248167212485, vstest.console.dll, MulticastDelegateUtilities.SafeInvoke: SocketServer: ClientConnected: Invoking callback 1/1 for Microsoft.VisualStudio.TestPlatform.CommunicationUtilities.TestRequestSender., took 0 ms.
TpTrace Verbose: 0 : 14272, 12, 2023/12/28, 16:40:42.776, 248167217673, vstest.console.dll, SocketServer.OnClientConnected: Client connected for endPoint: 127.0.0.1:55937, starting MessageLoopAsync:
TpTrace Verbose: 0 : 14272, 12, 2023/12/28, 16:40:42.776, 248167223229, vstest.console.dll, TcpClientExtensions.MessageLoopAsync: Polling on remoteEndPoint: 127.0.0.1:55938 localEndPoint: 127.0.0.1:55937
TpTrace Verbose: 0 : 14272, 5, 2023/12/28, 16:40:42.778, 248167238919, vstest.console.dll, TestRequestSender.CheckVersionWithTestHost: Sending check version message: {"MessageType":"ProtocolVersion","Payload":7}
TpTrace Verbose: 0 : 14272, 12, 2023/12/28, 16:40:42.961, 248169065062, vstest.console.dll, TcpClientExtensions.MessageLoopAsync: NotifyDataAvailable remoteEndPoint: 127.0.0.1:55938 localEndPoint: 127.0.0.1:55937
TpTrace Verbose: 0 : 14272, 12, 2023/12/28, 16:40:42.961, 248169069327, vstest.console.dll, TestRequestSender.CheckVersionWithTestHost: onMessageReceived received message: (ProtocolVersion) -> {"MessageType":"ProtocolVersion","Payload":7}
TpTrace Verbose: 0 : 14272, 12, 2023/12/28, 16:40:42.962, 248169078890, vstest.console.dll, MulticastDelegateUtilities.SafeInvoke: LengthPrefixCommunicationChannel: MessageReceived: Invoking callback 1/1 for Microsoft.VisualStudio.TestPlatform.CommunicationUtilities.TestRequestSender+<>c__DisplayClass29_0., took 1 ms.
TpTrace Verbose: 0 : 14272, 5, 2023/12/28, 16:40:42.962, 248169080363, vstest.console.dll, TestPluginCache.GetExtensionPaths: Filtered extension paths: 
TpTrace Verbose: 0 : 14272, 12, 2023/12/28, 16:40:42.962, 248169081495, vstest.console.dll, TcpClientExtensions.MessageLoopAsync: Polling on remoteEndPoint: 127.0.0.1:55938 localEndPoint: 127.0.0.1:55937
TpTrace Verbose: 0 : 14272, 5, 2023/12/28, 16:40:42.962, 248169082556, vstest.console.dll, TestPluginCache.GetExtensionPaths: Added default extension paths: C:\Program Files\dotnet\sdk\7.0.401\Extensions\Microsoft.Diagnostics.NETCore.Client.dll
C:\Program Files\dotnet\sdk\7.0.401\Extensions\Microsoft.TestPlatform.Extensions.BlameDataCollector.dll
C:\Program Files\dotnet\sdk\7.0.401\Extensions\Microsoft.TestPlatform.Extensions.EventLogCollector.dll
C:\Program Files\dotnet\sdk\7.0.401\Extensions\Microsoft.TestPlatform.TestHostRuntimeProvider.dll
C:\Program Files\dotnet\sdk\7.0.401\Extensions\Microsoft.VisualStudio.TestPlatform.Extensions.Html.TestLogger.dll
C:\Program Files\dotnet\sdk\7.0.401\Extensions\Microsoft.VisualStudio.TestPlatform.Extensions.Trx.TestLogger.dll
TpTrace Verbose: 0 : 14272, 5, 2023/12/28, 16:40:42.963, 248169087205, vstest.console.dll, TestPluginCache.GetExtensionPaths: Added unfilterableExtensionPaths: 
TpTrace Verbose: 0 : 14272, 5, 2023/12/28, 16:40:42.968, 248169136469, vstest.console.dll, TestRequestSender.InitializeExecution: Sending initialize execution with message: {"Version":7,"MessageType":"TestExecution.Initialize","Payload":["D:\\GeekBrains\\My Git\\NetworkApplicationCSharp\\06_Lesson\\ConsoleApp06STest\\bin\\Debug\\net7.0\\fine-code-coverage\\build-output\\NUnit3.TestAdapter.dll"]}
TpTrace Verbose: 0 : 14272, 5, 2023/12/28, 16:40:42.968, 248169141614, vstest.console.dll, ParallelProxyExecutionManager.StartTestRunOnConcurrentManager: Execution starting. Started clients: 1
TpTrace Verbose: 0 : 14272, 5, 2023/12/28, 16:40:42.969, 248169149031, vstest.console.dll, TestRunRequest:SendTestRunMessage: Starting.
TpTrace Verbose: 0 : 14272, 5, 2023/12/28, 16:40:42.970, 248169153445, vstest.console.dll, MulticastDelegateUtilities.SafeInvoke: TestRun.LogMessages: Invoking callback 1/1 for Microsoft.VisualStudio.TestPlatform.CommandLine.TestRunResultAggregator., took 0 ms.
TpTrace Verbose: 0 : 14272, 4, 2023/12/28, 16:40:42.970, 248169156520, vstest.console.dll, MulticastDelegateUtilities.SafeInvoke: InternalTestLoggerEvents.SendTestRunMessage: Invoking callback 1/1 for Microsoft.VisualStudio.TestPlatform.CommandLine.Internal.ConsoleLogger., took 0 ms.
TpTrace Information: 0 : 14272, 5, 2023/12/28, 16:40:42.970, 248169157301, vstest.console.dll, TestRunRequest:SendTestRunMessage: Completed.
TpTrace Warning: 0 : 14272, 5, 2023/12/28, 16:40:42.971, 248169167319, vstest.console.dll, InferRunSettingsHelper.MakeRunsettingsCompatible: Removing the following settings: TargetPlatform from RunSettings file. To use those settings please move to latest version of Microsoft.NET.Test.Sdk
TpTrace Verbose: 0 : 14272, 12, 2023/12/28, 16:40:42.973, 248169183495, vstest.console.dll, TcpClientExtensions.MessageLoopAsync: NotifyDataAvailable remoteEndPoint: 127.0.0.1:55938 localEndPoint: 127.0.0.1:55937
TpTrace Verbose: 0 : 14272, 12, 2023/12/28, 16:40:42.973, 248169189946, vstest.console.dll, TestRequestSender.OnExecutionMessageReceived: Received message: {"Version":7,"MessageType":"TestSession.Message","Payload":{"MessageLevel":0,"Message":"Logging TestHost Diagnostics in file: D:\\GeekBrains\\My Git\\NetworkApplicationCSharp\\06_Lesson\\ConsoleApp06STest\\bin\\Debug\\net7.0\\fine-code-coverage\\coverage-tool-output\\diagnostics.host.23-12-28_16-40-42_50162_5.log"}}
TpTrace Verbose: 0 : 14272, 12, 2023/12/28, 16:40:42.982, 248169274982, vstest.console.dll, TestRunRequest:SendTestRunMessage: Starting.
TpTrace Verbose: 0 : 14272, 12, 2023/12/28, 16:40:42.982, 248169279452, vstest.console.dll, MulticastDelegateUtilities.SafeInvoke: TestRun.LogMessages: Invoking callback 1/1 for Microsoft.VisualStudio.TestPlatform.CommandLine.TestRunResultAggregator., took 0 ms.
TpTrace Verbose: 0 : 14272, 4, 2023/12/28, 16:40:42.982, 248169279643, vstest.console.dll, MulticastDelegateUtilities.SafeInvoke: InternalTestLoggerEvents.SendTestRunMessage: Invoking callback 1/1 for Microsoft.VisualStudio.TestPlatform.CommandLine.Internal.ConsoleLogger., took 0 ms.
TpTrace Information: 0 : 14272, 12, 2023/12/28, 16:40:42.982, 248169281206, vstest.console.dll, TestRunRequest:SendTestRunMessage: Completed.
TpTrace Verbose: 0 : 14272, 12, 2023/12/28, 16:40:42.983, 248169284798, vstest.console.dll, MulticastDelegateUtilities.SafeInvoke: LengthPrefixCommunicationChannel: MessageReceived: Invoking callback 1/1 for Microsoft.VisualStudio.TestPlatform.CommunicationUtilities.TestRequestSender+<>c__DisplayClass34_0., took 9 ms.
TpTrace Verbose: 0 : 14272, 12, 2023/12/28, 16:40:42.983, 248169286492, vstest.console.dll, TcpClientExtensions.MessageLoopAsync: Polling on remoteEndPoint: 127.0.0.1:55938 localEndPoint: 127.0.0.1:55937
TpTrace Verbose: 0 : 14272, 5, 2023/12/28, 16:40:42.987, 248169332548, vstest.console.dll, TestRequestSender.StartTestRun: Sending test run with message: {"Version":7,"MessageType":"TestExecution.StartWithSources","Payload":{"AdapterSourceMap":{"_none_":["D:\\GeekBrains\\My Git\\NetworkApplicationCSharp\\06_Lesson\\ConsoleApp06STest\\bin\\Debug\\net7.0\\fine-code-coverage\\build-output\\ConsoleApp06STest.dll"]},"RunSettings":"<RunSettings>\r\n  <RunConfiguration>\r\n    <ResultsDirectory>D:\\GeekBrains\\My Git\\NetworkApplicationCSharp\\06_Lesson\\ConsoleApp06STest\\bin\\Debug\\net7.0\\fine-code-coverage\\coverage-tool-output</ResultsDirectory>\r\n    <TargetFrameworkVersion>.NETCoreApp,Version=v7.0</TargetFrameworkVersion>\r\n    <DesignMode>False</DesignMode>\r\n    <CollectSourceInformation>False</CollectSourceInformation>\r\n  </RunConfiguration>\r\n  <LoggerRunSettings>\r\n    <Loggers>\r\n      <Logger friendlyName=\"blame\" enabled=\"True\" />\r\n      <Logger friendlyName=\"Console\" uri=\"logger://microsoft/TestPlatform/ConsoleLogger/v1\" assemblyQualifiedName=\"Microsoft.VisualStudio.TestPlatform.CommandLine.Internal.ConsoleLogger, vstest.console, Version=15.0.0.0, Culture=neutral, PublicKeyToken=b03f5f7f11d50a3a\" codeBase=\"C:\\Program Files\\dotnet\\sdk\\7.0.401\\vstest.console.dll\" enabled=\"True\" />\r\n    </Loggers>\r\n  </LoggerRunSettings>\r\n  <DataCollectionRunSettings>\r\n    <DataCollectors>\r\n      <DataCollector friendlyName=\"blame\" enabled=\"True\">\r\n        <Configuration>\r\n          <ResultsDirectory>D:\\GeekBrains\\My Git\\NetworkApplicationCSharp\\06_Lesson\\ConsoleApp06STest\\bin\\Debug\\net7.0\\fine-code-coverage\\coverage-tool-output</ResultsDirectory>\r\n        </Configuration>\r\n      </DataCollector>\r\n    </DataCollectors>\r\n  </DataCollectionRunSettings>\r\n</RunSettings>","TestExecutionContext":{"FrequencyOfRunStatsChangeEvent":10,"RunStatsChangeEventTimeout":"00:00:01.5000000","InIsolation":false,"KeepAlive":false,"AreTestCaseLevelEventsRequired":false,"IsDebug":false,"TestCaseFilter":null,"FilterOptions":null},"Package":null}}
TpTrace Verbose: 0 : 14272, 5, 2023/12/28, 16:40:42.988, 248169335699, vstest.console.dll, ParallelProxyExecutionManager.StartTestRunOnConcurrentManager: Execution started. Started clients: 1
TpTrace Verbose: 0 : 14272, 12, 2023/12/28, 16:40:43.227, 248171732785, vstest.console.dll, TcpClientExtensions.MessageLoopAsync: NotifyDataAvailable remoteEndPoint: 127.0.0.1:55938 localEndPoint: 127.0.0.1:55937
TpTrace Verbose: 0 : 14272, 12, 2023/12/28, 16:40:43.228, 248171735928, vstest.console.dll, TestRequestSender.OnExecutionMessageReceived: Received message: {"Version":7,"MessageType":"TestSession.Message","Payload":{"MessageLevel":0,"Message":"NUnit Adapter 4.4.0.0: Test execution started"}}
TpTrace Verbose: 0 : 14272, 12, 2023/12/28, 16:40:43.228, 248171741364, vstest.console.dll, TestRunRequest:SendTestRunMessage: Starting.
TpTrace Verbose: 0 : 14272, 12, 2023/12/28, 16:40:43.228, 248171743032, vstest.console.dll, MulticastDelegateUtilities.SafeInvoke: TestRun.LogMessages: Invoking callback 1/1 for Microsoft.VisualStudio.TestPlatform.CommandLine.TestRunResultAggregator., took 0 ms.
TpTrace Verbose: 0 : 14272, 4, 2023/12/28, 16:40:43.228, 248171743201, vstest.console.dll, MulticastDelegateUtilities.SafeInvoke: InternalTestLoggerEvents.SendTestRunMessage: Invoking callback 1/1 for Microsoft.VisualStudio.TestPlatform.CommandLine.Internal.ConsoleLogger., took 0 ms.
TpTrace Information: 0 : 14272, 12, 2023/12/28, 16:40:43.229, 248171744417, vstest.console.dll, TestRunRequest:SendTestRunMessage: Completed.
TpTrace Verbose: 0 : 14272, 12, 2023/12/28, 16:40:43.229, 248171746711, vstest.console.dll, MulticastDelegateUtilities.SafeInvoke: LengthPrefixCommunicationChannel: MessageReceived: Invoking callback 1/1 for Microsoft.VisualStudio.TestPlatform.CommunicationUtilities.TestRequestSender+<>c__DisplayClass34_0., took 1 ms.
TpTrace Verbose: 0 : 14272, 12, 2023/12/28, 16:40:43.229, 248171747837, vstest.console.dll, TcpClientExtensions.MessageLoopAsync: Polling on remoteEndPoint: 127.0.0.1:55938 localEndPoint: 127.0.0.1:55937
TpTrace Verbose: 0 : 14272, 12, 2023/12/28, 16:40:43.259, 248172046468, vstest.console.dll, TcpClientExtensions.MessageLoopAsync: NotifyDataAvailable remoteEndPoint: 127.0.0.1:55938 localEndPoint: 127.0.0.1:55937
TpTrace Verbose: 0 : 14272, 12, 2023/12/28, 16:40:43.259, 248172049487, vstest.console.dll, TestRequestSender.OnExecutionMessageReceived: Received message: {"Version":7,"MessageType":"TestSession.Message","Payload":{"MessageLevel":0,"Message":"Running all tests in D:\\GeekBrains\\My Git\\NetworkApplicationCSharp\\06_Lesson\\ConsoleApp06STest\\bin\\Debug\\net7.0\\fine-code-coverage\\build-output\\ConsoleApp06STest.dll"}}
TpTrace Verbose: 0 : 14272, 12, 2023/12/28, 16:40:43.259, 248172051843, vstest.console.dll, TestRunRequest:SendTestRunMessage: Starting.
TpTrace Verbose: 0 : 14272, 12, 2023/12/28, 16:40:43.259, 248172053351, vstest.console.dll, MulticastDelegateUtilities.SafeInvoke: TestRun.LogMessages: Invoking callback 1/1 for Microsoft.VisualStudio.TestPlatform.CommandLine.TestRunResultAggregator., took 0 ms.
TpTrace Verbose: 0 : 14272, 4, 2023/12/28, 16:40:43.260, 248172053547, vstest.console.dll, MulticastDelegateUtilities.SafeInvoke: InternalTestLoggerEvents.SendTestRunMessage: Invoking callback 1/1 for Microsoft.VisualStudio.TestPlatform.CommandLine.Internal.ConsoleLogger., took 0 ms.
TpTrace Information: 0 : 14272, 12, 2023/12/28, 16:40:43.260, 248172054774, vstest.console.dll, TestRunRequest:SendTestRunMessage: Completed.
TpTrace Verbose: 0 : 14272, 12, 2023/12/28, 16:40:43.260, 248172057152, vstest.console.dll, MulticastDelegateUtilities.SafeInvoke: LengthPrefixCommunicationChannel: MessageReceived: Invoking callback 1/1 for Microsoft.VisualStudio.TestPlatform.CommunicationUtilities.TestRequestSender+<>c__DisplayClass34_0., took 0 ms.
TpTrace Verbose: 0 : 14272, 12, 2023/12/28, 16:40:43.260, 248172058279, vstest.console.dll, TcpClientExtensions.MessageLoopAsync: Polling on remoteEndPoint: 127.0.0.1:55938 localEndPoint: 127.0.0.1:55937
TpTrace Verbose: 0 : 14272, 12, 2023/12/28, 16:40:43.447, 248173930040, vstest.console.dll, TcpClientExtensions.MessageLoopAsync: NotifyDataAvailable remoteEndPoint: 127.0.0.1:55938 localEndPoint: 127.0.0.1:55937
TpTrace Verbose: 0 : 14272, 12, 2023/12/28, 16:40:43.447, 248173932771, vstest.console.dll, TestRequestSender.OnExecutionMessageReceived: Received message: {"Version":7,"MessageType":"TestSession.Message","Payload":{"MessageLevel":0,"Message":"   NUnit3TestExecutor discovered 7 of 7 NUnit test cases using Current Discovery mode, Non-Explicit run"}}
TpTrace Verbose: 0 : 14272, 12, 2023/12/28, 16:40:43.448, 248173935349, vstest.console.dll, TestRunRequest:SendTestRunMessage: Starting.
TpTrace Verbose: 0 : 14272, 12, 2023/12/28, 16:40:43.448, 248173936879, vstest.console.dll, MulticastDelegateUtilities.SafeInvoke: TestRun.LogMessages: Invoking callback 1/1 for Microsoft.VisualStudio.TestPlatform.CommandLine.TestRunResultAggregator., took 0 ms.
TpTrace Verbose: 0 : 14272, 4, 2023/12/28, 16:40:43.448, 248173937058, vstest.console.dll, MulticastDelegateUtilities.SafeInvoke: InternalTestLoggerEvents.SendTestRunMessage: Invoking callback 1/1 for Microsoft.VisualStudio.TestPlatform.CommandLine.Internal.ConsoleLogger., took 0 ms.
TpTrace Information: 0 : 14272, 12, 2023/12/28, 16:40:43.448, 248173938360, vstest.console.dll, TestRunRequest:SendTestRunMessage: Completed.
TpTrace Verbose: 0 : 14272, 12, 2023/12/28, 16:40:43.448, 248173940944, vstest.console.dll, MulticastDelegateUtilities.SafeInvoke: LengthPrefixCommunicationChannel: MessageReceived: Invoking callback 1/1 for Microsoft.VisualStudio.TestPlatform.CommunicationUtilities.TestRequestSender+<>c__DisplayClass34_0., took 0 ms.
TpTrace Verbose: 0 : 14272, 12, 2023/12/28, 16:40:43.448, 248173942273, vstest.console.dll, TcpClientExtensions.MessageLoopAsync: Polling on remoteEndPoint: 127.0.0.1:55938 localEndPoint: 127.0.0.1:55937
TpTrace Verbose: 0 : 14272, 12, 2023/12/28, 16:40:44.449, 248183952516, vstest.console.dll, TcpClientExtensions.MessageLoopAsync: Polling on remoteEndPoint: 127.0.0.1:55938 localEndPoint: 127.0.0.1:55937
TpTrace Verbose: 0 : 14272, 12, 2023/12/28, 16:40:44.637, 248185832142, vstest.console.dll, TcpClientExtensions.MessageLoopAsync: NotifyDataAvailable remoteEndPoint: 127.0.0.1:55938 localEndPoint: 127.0.0.1:55937
TpTrace Verbose: 0 : 14272, 12, 2023/12/28, 16:40:44.638, 248185835357, vstest.console.dll, TestRequestSender.OnExecutionMessageReceived: Received message: {"Version":7,"MessageType":"TestExecution.StatsChange","Payload":{"NewTestResults":[],"TestRunStatistics":{"ExecutedTests":0,"Stats":{}},"ActiveTests":[{"Id":"b100cd05-c965-44df-7c54-39bffdb8ad83","FullyQualifiedName":"ConsoleApp06STest.Tests.CorrectRegisterFullNameOfUser1InBDTest","DisplayName":"CorrectRegisterFullNameOfUser1InBDTest","ExecutorUri":"executor://NUnit3TestExecutor","Source":"D:\\GeekBrains\\My Git\\NetworkApplicationCSharp\\06_Lesson\\ConsoleApp06STest\\bin\\Debug\\net7.0\\fine-code-coverage\\build-output\\ConsoleApp06STest.dll","CodeFilePath":null,"LineNumber":0,"Properties":[{"Key":{"Id":"NUnit.Seed","Label":"Seed","Category":"","Description":"","Attributes":0,"ValueType":"System.String"},"Value":"482835406"}]}]}}
TpTrace Verbose: 0 : 14272, 12, 2023/12/28, 16:40:44.663, 248186090266, vstest.console.dll, TestRunRequest:SendTestRunStatsChange: Starting.
TpTrace Verbose: 0 : 14272, 12, 2023/12/28, 16:40:44.664, 248186094036, vstest.console.dll, InProgress is CorrectRegisterFullNameOfUser1InBDTest
TpTrace Verbose: 0 : 14272, 12, 2023/12/28, 16:40:44.664, 248186096271, vstest.console.dll, MulticastDelegateUtilities.SafeInvoke: TestRun.RunStatsChanged: Invoking callbacks was skipped because there are no subscribers.
TpTrace Information: 0 : 14272, 12, 2023/12/28, 16:40:44.664, 248186097252, vstest.console.dll, TestRunRequest:SendTestRunStatsChange: Completed.
TpTrace Verbose: 0 : 14272, 12, 2023/12/28, 16:40:44.664, 248186098226, vstest.console.dll, MulticastDelegateUtilities.SafeInvoke: LengthPrefixCommunicationChannel: MessageReceived: Invoking callback 1/1 for Microsoft.VisualStudio.TestPlatform.CommunicationUtilities.TestRequestSender+<>c__DisplayClass34_0., took 26 ms.
TpTrace Verbose: 0 : 14272, 12, 2023/12/28, 16:40:44.664, 248186099183, vstest.console.dll, TcpClientExtensions.MessageLoopAsync: Polling on remoteEndPoint: 127.0.0.1:55938 localEndPoint: 127.0.0.1:55937
TpTrace Verbose: 0 : 14272, 12, 2023/12/28, 16:40:45.664, 248196101997, vstest.console.dll, TcpClientExtensions.MessageLoopAsync: Polling on remoteEndPoint: 127.0.0.1:55938 localEndPoint: 127.0.0.1:55937
TpTrace Verbose: 0 : 14272, 12, 2023/12/28, 16:40:45.733, 248196787791, vstest.console.dll, TcpClientExtensions.MessageLoopAsync: NotifyDataAvailable remoteEndPoint: 127.0.0.1:55938 localEndPoint: 127.0.0.1:55937
TpTrace Verbose: 0 : 14272, 12, 2023/12/28, 16:40:45.734, 248196793672, vstest.console.dll, TestRequestSender.OnExecutionMessageReceived: Received message: {"Version":7,"MessageType":"TestSession.Message","Payload":{"MessageLevel":1,"Message":"Сервер ожидает сообщения \r\n* * * 01/01/01 0:00:00 от Вася\r\nПолучено сообщение *  *  * * *\r\nMessage Reister, name =  Вася\r\n* * * 01/01/01 0:00:00 от Юля\r\nПолучено сообщение *  *  * * *\r\nMessage Reister, name =  Юля\r\n* * * 01/01/01 0:00:00 от Юля\r\nПолучено сообщение * Привет, Василий *  * * *\r\nMessage Relied, from =  Юля to  Вася \r\n* * * 01/01/01 0:00:00 от Вася\r\nПолучено сообщение * Привет, Юлька!!! *  * * *\r\nMessage Relied, from =  Вася to  Юля \r\nSystem.NullReferenceException: Object reference not set to an instance of an object.\r\n   at ConsoleApp06S.Services.Server.Start() in D:\\GeekBrains\\My Git\\NetworkApplicationCSharp\\06_Lesson\\ConsoleApp06S\\Services\\Server.cs:line 102\r\n"}}
TpTrace Verbose: 0 : 14272, 12, 2023/12/28, 16:40:45.734, 248196797398, vstest.console.dll, TestRunRequest:SendTestRunMessage: Starting.
TpTrace Verbose: 0 : 14272, 12, 2023/12/28, 16:40:45.734, 248196799550, vstest.console.dll, MulticastDelegateUtilities.SafeInvoke: TestRun.LogMessages: Invoking callback 1/1 for Microsoft.VisualStudio.TestPlatform.CommandLine.TestRunResultAggregator., took 0 ms.
TpTrace Information: 0 : 14272, 12, 2023/12/28, 16:40:45.734, 248196801276, vstest.console.dll, TestRunRequest:SendTestRunMessage: Completed.
TpTrace Verbose: 0 : 14272, 4, 2023/12/28, 16:40:45.734, 248196802715, vstest.console.dll, MulticastDelegateUtilities.SafeInvoke: InternalTestLoggerEvents.SendTestRunMessage: Invoking callback 1/1 for Microsoft.VisualStudio.TestPlatform.CommandLine.Internal.ConsoleLogger., took 0 ms.
TpTrace Verbose: 0 : 14272, 12, 2023/12/28, 16:40:45.734, 248196802847, vstest.console.dll, MulticastDelegateUtilities.SafeInvoke: LengthPrefixCommunicationChannel: MessageReceived: Invoking callback 1/1 for Microsoft.VisualStudio.TestPlatform.CommunicationUtilities.TestRequestSender+<>c__DisplayClass34_0., took 0 ms.
TpTrace Verbose: 0 : 14272, 12, 2023/12/28, 16:40:45.735, 248196806524, vstest.console.dll, TcpClientExtensions.MessageLoopAsync: Polling on remoteEndPoint: 127.0.0.1:55938 localEndPoint: 127.0.0.1:55937
TpTrace Verbose: 0 : 14272, 12, 2023/12/28, 16:40:45.773, 248197192959, vstest.console.dll, TcpClientExtensions.MessageLoopAsync: NotifyDataAvailable remoteEndPoint: 127.0.0.1:55938 localEndPoint: 127.0.0.1:55937
TpTrace Verbose: 0 : 14272, 12, 2023/12/28, 16:40:45.774, 248197196033, vstest.console.dll, TestRequestSender.OnExecutionMessageReceived: Received message: {"Version":7,"MessageType":"TestSession.Message","Payload":{"MessageLevel":1,"Message":"Сервер ожидает сообщения \r\n* * * 01/01/01 0:00:00 от Вася\r\nПолучено сообщение *  *  * * *\r\nMessage Reister, name =  Вася\r\n* * * 01/01/01 0:00:00 от Юля\r\nПолучено сообщение *  *  * * *\r\nMessage Reister, name =  Юля\r\n* * * 01/01/01 0:00:00 от Юля\r\nПолучено сообщение * Привет, Василий *  * * *\r\nMessage Relied, from =  Юля to  Вася \r\n* * * 01/01/01 0:00:00 от Вася\r\nПолучено сообщение * Привет, Юлька!!! *  * * *\r\nMessage Relied, from =  Вася to  Юля \r\nSystem.NullReferenceException: Object reference not set to an instance of an object.\r\n   at ConsoleApp06S.Services.Server.Start() in D:\\GeekBrains\\My Git\\NetworkApplicationCSharp\\06_Lesson\\ConsoleApp06S\\Services\\Server.cs:line 102\r\n"}}
TpTrace Verbose: 0 : 14272, 12, 2023/12/28, 16:40:45.774, 248197198828, vstest.console.dll, TestRunRequest:SendTestRunMessage: Starting.
TpTrace Verbose: 0 : 14272, 12, 2023/12/28, 16:40:45.774, 248197200681, vstest.console.dll, MulticastDelegateUtilities.SafeInvoke: TestRun.LogMessages: Invoking callback 1/1 for Microsoft.VisualStudio.TestPlatform.CommandLine.TestRunResultAggregator., took 0 ms.
TpTrace Information: 0 : 14272, 12, 2023/12/28, 16:40:45.774, 248197202404, vstest.console.dll, TestRunRequest:SendTestRunMessage: Completed.
TpTrace Verbose: 0 : 14272, 12, 2023/12/28, 16:40:45.775, 248197203884, vstest.console.dll, MulticastDelegateUtilities.SafeInvoke: LengthPrefixCommunicationChannel: MessageReceived: Invoking callback 1/1 for Microsoft.VisualStudio.TestPlatform.CommunicationUtilities.TestRequestSender+<>c__DisplayClass34_0., took 0 ms.
TpTrace Verbose: 0 : 14272, 12, 2023/12/28, 16:40:45.775, 248197205325, vstest.console.dll, TcpClientExtensions.MessageLoopAsync: Polling on remoteEndPoint: 127.0.0.1:55938 localEndPoint: 127.0.0.1:55937
TpTrace Verbose: 0 : 14272, 4, 2023/12/28, 16:40:45.775, 248197211523, vstest.console.dll, MulticastDelegateUtilities.SafeInvoke: InternalTestLoggerEvents.SendTestRunMessage: Invoking callback 1/1 for Microsoft.VisualStudio.TestPlatform.CommandLine.Internal.ConsoleLogger., took 0 ms.
TpTrace Verbose: 0 : 14272, 12, 2023/12/28, 16:40:45.979, 248199246211, vstest.console.dll, TcpClientExtensions.MessageLoopAsync: NotifyDataAvailable remoteEndPoint: 127.0.0.1:55938 localEndPoint: 127.0.0.1:55937
TpTrace Verbose: 0 : 14272, 12, 2023/12/28, 16:40:45.979, 248199250112, vstest.console.dll, TestRequestSender.OnExecutionMessageReceived: Received message: {"Version":7,"MessageType":"TestSession.Message","Payload":{"MessageLevel":1,"Message":"Сервер ожидает сообщения \r\n* * * 01/01/01 0:00:00 от Вася\r\nПолучено сообщение *  *  * * *\r\nMessage Reister, name =  Вася\r\n* * * 01/01/01 0:00:00 от Юля\r\nПолучено сообщение *  *  * * *\r\nMessage Reister, name =  Юля\r\n* * * 01/01/01 0:00:00 от Юля\r\nПолучено сообщение * Привет, Василий *  * * *\r\nMessage Relied, from =  Юля to  Вася \r\n* * * 01/01/01 0:00:00 от Вася\r\nПолучено сообщение * Привет, Юлька!!! *  * * *\r\nMessage Relied, from =  Вася to  Юля \r\nSystem.NullReferenceException: Object reference not set to an instance of an object.\r\n   at ConsoleApp06S.Services.Server.Start() in D:\\GeekBrains\\My Git\\NetworkApplicationCSharp\\06_Lesson\\ConsoleApp06S\\Services\\Server.cs:line 102\r\n"}}
TpTrace Verbose: 0 : 14272, 12, 2023/12/28, 16:40:45.979, 248199252952, vstest.console.dll, TestRunRequest:SendTestRunMessage: Starting.
TpTrace Verbose: 0 : 14272, 12, 2023/12/28, 16:40:45.980, 248199254754, vstest.console.dll, MulticastDelegateUtilities.SafeInvoke: TestRun.LogMessages: Invoking callback 1/1 for Microsoft.VisualStudio.TestPlatform.CommandLine.TestRunResultAggregator., took 0 ms.
TpTrace Information: 0 : 14272, 12, 2023/12/28, 16:40:45.980, 248199256151, vstest.console.dll, TestRunRequest:SendTestRunMessage: Completed.
TpTrace Verbose: 0 : 14272, 12, 2023/12/28, 16:40:45.980, 248199257613, vstest.console.dll, MulticastDelegateUtilities.SafeInvoke: LengthPrefixCommunicationChannel: MessageReceived: Invoking callback 1/1 for Microsoft.VisualStudio.TestPlatform.CommunicationUtilities.TestRequestSender+<>c__DisplayClass34_0., took 0 ms.
TpTrace Verbose: 0 : 14272, 12, 2023/12/28, 16:40:45.980, 248199259041, vstest.console.dll, TcpClientExtensions.MessageLoopAsync: Polling on remoteEndPoint: 127.0.0.1:55938 localEndPoint: 127.0.0.1:55937
TpTrace Verbose: 0 : 14272, 4, 2023/12/28, 16:40:45.981, 248199273197, vstest.console.dll, MulticastDelegateUtilities.SafeInvoke: InternalTestLoggerEvents.SendTestRunMessage: Invoking callback 1/1 for Microsoft.VisualStudio.TestPlatform.CommandLine.Internal.ConsoleLogger., took 1 ms.
TpTrace Verbose: 0 : 14272, 12, 2023/12/28, 16:40:46.059, 248200048839, vstest.console.dll, TcpClientExtensions.MessageLoopAsync: NotifyDataAvailable remoteEndPoint: 127.0.0.1:55938 localEndPoint: 127.0.0.1:55937
TpTrace Verbose: 0 : 14272, 12, 2023/12/28, 16:40:46.059, 248200052673, vstest.console.dll, TestRequestSender.OnExecutionMessageReceived: Received message: {"Version":7,"MessageType":"TestSession.Message","Payload":{"MessageLevel":1,"Message":"Сервер ожидает сообщения \r\n* * * 01/01/01 0:00:00 от Вася\r\nПолучено сообщение *  *  * * *\r\nMessage Reister, name =  Вася\r\n* * * 01/01/01 0:00:00 от Юля\r\nПолучено сообщение *  *  * * *\r\nMessage Reister, name =  Юля\r\n* * * 01/01/01 0:00:00 от Юля\r\nПолучено сообщение * Привет, Василий *  * * *\r\nMessage Relied, from =  Юля to  Вася \r\n* * * 01/01/01 0:00:00 от Вася\r\nПолучено сообщение * Привет, Юлька!!! *  * * *\r\nMessage Relied, from =  Вася to  Юля \r\nSystem.NullReferenceException: Object reference not set to an instance of an object.\r\n   at ConsoleApp06S.Services.Server.Start() in D:\\GeekBrains\\My Git\\NetworkApplicationCSharp\\06_Lesson\\ConsoleApp06S\\Services\\Server.cs:line 102\r\n"}}
TpTrace Verbose: 0 : 14272, 12, 2023/12/28, 16:40:46.060, 248200056254, vstest.console.dll, TestRunRequest:SendTestRunMessage: Starting.
TpTrace Verbose: 0 : 14272, 12, 2023/12/28, 16:40:46.060, 248200058233, vstest.console.dll, MulticastDelegateUtilities.SafeInvoke: TestRun.LogMessages: Invoking callback 1/1 for Microsoft.VisualStudio.TestPlatform.CommandLine.TestRunResultAggregator., took 0 ms.
TpTrace Information: 0 : 14272, 12, 2023/12/28, 16:40:46.060, 248200060326, vstest.console.dll, TestRunRequest:SendTestRunMessage: Completed.
TpTrace Verbose: 0 : 14272, 12, 2023/12/28, 16:40:46.060, 248200062338, vstest.console.dll, MulticastDelegateUtilities.SafeInvoke: LengthPrefixCommunicationChannel: MessageReceived: Invoking callback 1/1 for Microsoft.VisualStudio.TestPlatform.CommunicationUtilities.TestRequestSender+<>c__DisplayClass34_0., took 0 ms.
TpTrace Verbose: 0 : 14272, 12, 2023/12/28, 16:40:46.061, 248200063684, vstest.console.dll, TcpClientExtensions.MessageLoopAsync: Polling on remoteEndPoint: 127.0.0.1:55938 localEndPoint: 127.0.0.1:55937
TpTrace Verbose: 0 : 14272, 4, 2023/12/28, 16:40:46.062, 248200073833, vstest.console.dll, MulticastDelegateUtilities.SafeInvoke: InternalTestLoggerEvents.SendTestRunMessage: Invoking callback 1/1 for Microsoft.VisualStudio.TestPlatform.CommandLine.Internal.ConsoleLogger., took 0 ms.
TpTrace Verbose: 0 : 14272, 12, 2023/12/28, 16:40:46.159, 248201048839, vstest.console.dll, TcpClientExtensions.MessageLoopAsync: NotifyDataAvailable remoteEndPoint: 127.0.0.1:55938 localEndPoint: 127.0.0.1:55937
TpTrace Verbose: 0 : 14272, 12, 2023/12/28, 16:40:46.160, 248201053501, vstest.console.dll, TestRequestSender.OnExecutionMessageReceived: Received message: {"Version":7,"MessageType":"TestExecution.StatsChange","Payload":{"NewTestResults":[{"TestCase":{"Id":"b100cd05-c965-44df-7c54-39bffdb8ad83","FullyQualifiedName":"ConsoleApp06STest.Tests.CorrectRegisterFullNameOfUser1InBDTest","DisplayName":"CorrectRegisterFullNameOfUser1InBDTest","ExecutorUri":"executor://NUnit3TestExecutor","Source":"D:\\GeekBrains\\My Git\\NetworkApplicationCSharp\\06_Lesson\\ConsoleApp06STest\\bin\\Debug\\net7.0\\fine-code-coverage\\build-output\\ConsoleApp06STest.dll","CodeFilePath":null,"LineNumber":0,"Properties":[{"Key":{"Id":"NUnit.Seed","Label":"Seed","Category":"","Description":"","Attributes":0,"ValueType":"System.String"},"Value":"482835406"}]},"Attachments":[],"Outcome":1,"ErrorMessage":null,"ErrorStackTrace":null,"DisplayName":"CorrectRegisterFullNameOfUser1InBDTest","Messages":[{"Category":"StdOutMsgs","Text":"Сервер ожидает сообщения \r\n* * * 01/01/01 0:00:00 от Вася\r\nПолучено сообщение *  *  * * *\r\nMessage Reister, name =  Вася\r\n* * * 01/01/01 0:00:00 от Юля\r\nПолучено сообщение *  *  * * *\r\nMessage Reister, name =  Юля\r\n* * * 01/01/01 0:00:00 от Юля\r\nПолучено сообщение * Привет, Василий *  * * *\r\nMessage Relied, from =  Юля to  Вася \r\n* * * 01/01/01 0:00:00 от Вася\r\nПолучено сообщение * Привет, Юлька!!! *  * * *\r\nMessage Relied, from =  Вася to  Юля \r\nSystem.NullReferenceException: Object reference not set to an instance of an object.\r\n   at ConsoleApp06S.Services.Server.Start() in D:\\GeekBrains\\My Git\\NetworkApplicationCSharp\\06_Lesson\\ConsoleApp06S\\Services\\Server.cs:line 102\r\n"}],"ComputerName":"DESKTOP-IFVARIJ","Duration":"00:00:02.1963240","StartTime":"2023-12-28T13:40:43.5097041+00:00","EndTime":"2023-12-28T13:40:45.7058572+00:00","Properties":[{"Key":{"Id":"NUnit.Seed","Label":"Seed","Category":"","Description":"","Attributes":0,"ValueType":"System.String"},"Value":"482835406"}]},{"TestCase":{"Id":"f973f57d-85fd-b0fa-65e9-4c98a1f00ca8","FullyQualifiedName":"ConsoleApp06STest.Tests.CorrectRegisterFullNameOfUser2InBDTest","DisplayName":"CorrectRegisterFullNameOfUser2InBDTest","ExecutorUri":"executor://NUnit3TestExecutor","Source":"D:\\GeekBrains\\My Git\\NetworkApplicationCSharp\\06_Lesson\\ConsoleApp06STest\\bin\\Debug\\net7.0\\fine-code-coverage\\build-output\\ConsoleApp06STest.dll","CodeFilePath":null,"LineNumber":0,"Properties":[{"Key":{"Id":"NUnit.Seed","Label":"Seed","Category":"","Description":"","Attributes":0,"ValueType":"System.String"},"Value":"168929810"}]},"Attachments":[],"Outcome":1,"ErrorMessage":null,"ErrorStackTrace":null,"DisplayName":"CorrectRegisterFullNameOfUser2InBDTest","Messages":[{"Category":"StdOutMsgs","Text":"Сервер ожидает сообщения \r\n* * * 01/01/01 0:00:00 от Вася\r\nПолучено сообщение *  *  * * *\r\nMessage Reister, name =  Вася\r\n* * * 01/01/01 0:00:00 от Юля\r\nПолучено сообщение *  *  * * *\r\nMessage Reister, name =  Юля\r\n* * * 01/01/01 0:00:00 от Юля\r\nПолучено сообщение * Привет, Василий *  * * *\r\nMessage Relied, from =  Юля to  Вася \r\n* * * 01/01/01 0:00:00 от Вася\r\nПолучено сообщение * Привет, Юлька!!! *  * * *\r\nMessage Relied, from =  Вася to  Юля \r\nSystem.NullReferenceException: Object reference not set to an instance of an object.\r\n   at ConsoleApp06S.Services.Server.Start() in D:\\GeekBrains\\My Git\\NetworkApplicationCSharp\\06_Lesson\\ConsoleApp06S\\Services\\Server.cs:line 102\r\n"}],"ComputerName":"DESKTOP-IFVARIJ","Duration":"00:00:00.0598860","StartTime":"2023-12-28T13:40:45.709552+00:00","EndTime":"2023-12-28T13:40:45.7694386+00:00","Properties":[{"Key":{"Id":"NUnit.Seed","Label":"Seed","Category":"","Description":"","Attributes":0,"ValueType":"System.String"},"Value":"168929810"}]},{"TestCase":{"Id":"60eaf053-0b23-aeee-7caa-dfcae7596f33","FullyQualifiedName":"ConsoleApp06STest.Tests.CorrectTextOfMessageFromUser1ToUser2InBDTest","DisplayName":"CorrectTextOfMessageFromUser1ToUser2InBDTest","ExecutorUri":"executor://NUnit3TestExecutor","Source":"D:\\GeekBrains\\My Git\\NetworkApplicationCSharp\\06_Lesson\\ConsoleApp06STest\\bin\\Debug\\net7.0\\fine-code-coverage\\build-output\\ConsoleApp06STest.dll","CodeFilePath":null,"LineNumber":0,"Properties":[{"Key":{"Id":"NUnit.Seed","Label":"Seed","Category":"","Description":"","Attributes":0,"ValueType":"System.String"},"Value":"13016618"}]},"Attachments":[],"Outcome":1,"ErrorMessage":null,"ErrorStackTrace":null,"DisplayName":"CorrectTextOfMessageFromUser1ToUser2InBDTest","Messages":[{"Category":"StdOutMsgs","Text":"Сервер ожидает сообщения \r\n* * * 01/01/01 0:00:00 от Вася\r\nПолучено сообщение *  *  * * *\r\nMessage Reister, name =  Вася\r\n* * * 01/01/01 0:00:00 от Юля\r\nПолучено сообщение *  *  * * *\r\nMessage Reister, name =  Юля\r\n* * * 01/01/01 0:00:00 от Юля\r\nПолучено сообщение * Привет, Василий *  * * *\r\nMessage Relied, from =  Юля to  Вася \r\n* * * 01/01/01 0:00:00 от Вася\r\nПолучено сообщение * Привет, Юлька!!! *  * * *\r\nMessage Relied, from =  Вася to  Юля \r\nSystem.NullReferenceException: Object reference not set to an instance of an object.\r\n   at ConsoleApp06S.Services.Server.Start() in D:\\GeekBrains\\My Git\\NetworkApplicationCSharp\\06_Lesson\\ConsoleApp06S\\Services\\Server.cs:line 102\r\n"}],"ComputerName":"DESKTOP-IFVARIJ","Duration":"00:00:00.2082010","StartTime":"2023-12-28T13:40:45.7695693+00:00","EndTime":"2023-12-28T13:40:45.9777698+00:00","Properties":[{"Key":{"Id":"NUnit.Seed","Label":"Seed","Category":"","Description":"","Attributes":0,"ValueType":"System.String"},"Value":"13016618"}]},{"TestCase":{"Id":"8181951e-35eb-ddcd-b123-c0aae22b3070","FullyQualifiedName":"ConsoleApp06STest.Tests.CorrectTextOfMessageFromUser2ToUser1InBDTest","DisplayName":"CorrectTextOfMessageFromUser2ToUser1InBDTest","ExecutorUri":"executor://NUnit3TestExecutor","Source":"D:\\GeekBrains\\My Git\\NetworkApplicationCSharp\\06_Lesson\\ConsoleApp06STest\\bin\\Debug\\net7.0\\fine-code-coverage\\build-output\\ConsoleApp06STest.dll","CodeFilePath":null,"LineNumber":0,"Properties":[{"Key":{"Id":"NUnit.Seed","Label":"Seed","Category":"","Description":"","Attributes":0,"ValueType":"System.String"},"Value":"1119762310"}]},"Attachments":[],"Outcome":1,"ErrorMessage":null,"ErrorStackTrace":null,"DisplayName":"CorrectTextOfMessageFromUser2ToUser1InBDTest","Messages":[{"Category":"StdOutMsgs","Text":"Сервер ожидает сообщения \r\n* * * 01/01/01 0:00:00 от Вася\r\nПолучено сообщение *  *  * * *\r\nMessage Reister, name =  Вася\r\n* * * 01/01/01 0:00:00 от Юля\r\nПолучено сообщение *  *  * * *\r\nMessage Reister, name =  Юля\r\n* * * 01/01/01 0:00:00 от Юля\r\nПолучено сообщение * Привет, Василий *  * * *\r\nMessage Relied, from =  Юля to  Вася \r\n* * * 01/01/01 0:00:00 от Вася\r\nПолучено сообщение * Привет, Юлька!!! *  * * *\r\nMessage Relied, from =  Вася to  Юля \r\nSystem.NullReferenceException: Object reference not set to an instance of an object.\r\n   at ConsoleApp06S.Services.Server.Start() in D:\\GeekBrains\\My Git\\NetworkApplicationCSharp\\06_Lesson\\ConsoleApp06S\\Services\\Server.cs:line 102\r\n"}],"ComputerName":"DESKTOP-IFVARIJ","Duration":"00:00:00.0702280","StartTime":"2023-12-28T13:40:45.9880103+00:00","EndTime":"2023-12-28T13:40:46.0582389+00:00","Properties":[{"Key":{"Id":"NUnit.Seed","Label":"Seed","Category":"","Description":"","Attributes":0,"ValueType":"System.String"},"Value":"1119762310"}]}],"TestRunStatistics":{"ExecutedTests":4,"Stats":{"Passed":4}},"ActiveTests":[{"Id":"9c75be89-45f8-0fb7-cf77-4a56ca6231e6","FullyQualifiedName":"ConsoleApp06STest.Tests.Register2UsersInBDTest","DisplayName":"Register2UsersInBDTest","ExecutorUri":"executor://NUnit3TestExecutor","Source":"D:\\GeekBrains\\My Git\\NetworkApplicationCSharp\\06_Lesson\\ConsoleApp06STest\\bin\\Debug\\net7.0\\fine-code-coverage\\build-output\\ConsoleApp06STest.dll","CodeFilePath":null,"LineNumber":0,"Properties":[{"Key":{"Id":"NUnit.Seed","Label":"Seed","Category":"","Description":"","Attributes":0,"ValueType":"System.String"},"Value":"1802941871"}]}]}}
TpTrace Verbose: 0 : 14272, 12, 2023/12/28, 16:40:46.177, 248201232937, vstest.console.dll, TestRunRequest:SendTestRunStatsChange: Starting.
TpTrace Verbose: 0 : 14272, 12, 2023/12/28, 16:40:46.178, 248201235485, vstest.console.dll, InProgress is Register2UsersInBDTest
TpTrace Verbose: 0 : 14272, 12, 2023/12/28, 16:40:46.179, 248201243798, vstest.console.dll, MulticastDelegateUtilities.SafeInvoke: TestRun.RunStatsChanged: Invoking callbacks was skipped because there are no subscribers.
TpTrace Information: 0 : 14272, 12, 2023/12/28, 16:40:46.179, 248201245622, vstest.console.dll, TestRunRequest:SendTestRunStatsChange: Completed.
TpTrace Verbose: 0 : 14272, 12, 2023/12/28, 16:40:46.179, 248201247098, vstest.console.dll, MulticastDelegateUtilities.SafeInvoke: LengthPrefixCommunicationChannel: MessageReceived: Invoking callback 1/1 for Microsoft.VisualStudio.TestPlatform.CommunicationUtilities.TestRequestSender+<>c__DisplayClass34_0., took 19 ms.
TpTrace Verbose: 0 : 14272, 12, 2023/12/28, 16:40:46.179, 248201248671, vstest.console.dll, TcpClientExtensions.MessageLoopAsync: Polling on remoteEndPoint: 127.0.0.1:55938 localEndPoint: 127.0.0.1:55937
TpTrace Verbose: 0 : 14272, 4, 2023/12/28, 16:40:46.184, 248201297166, vstest.console.dll, MulticastDelegateUtilities.SafeInvoke: InternalTestLoggerEvents.SendTestResult: Invoking callback 1/1 for Microsoft.VisualStudio.TestPlatform.CommandLine.Internal.ConsoleLogger., took 5 ms.
TpTrace Verbose: 0 : 14272, 4, 2023/12/28, 16:40:46.185, 248201304034, vstest.console.dll, MulticastDelegateUtilities.SafeInvoke: InternalTestLoggerEvents.SendTestResult: Invoking callback 1/1 for Microsoft.VisualStudio.TestPlatform.CommandLine.Internal.ConsoleLogger., took 0 ms.
TpTrace Verbose: 0 : 14272, 4, 2023/12/28, 16:40:46.185, 248201306518, vstest.console.dll, MulticastDelegateUtilities.SafeInvoke: InternalTestLoggerEvents.SendTestResult: Invoking callback 1/1 for Microsoft.VisualStudio.TestPlatform.CommandLine.Internal.ConsoleLogger., took 0 ms.
TpTrace Verbose: 0 : 14272, 4, 2023/12/28, 16:40:46.185, 248201310390, vstest.console.dll, MulticastDelegateUtilities.SafeInvoke: InternalTestLoggerEvents.SendTestResult: Invoking callback 1/1 for Microsoft.VisualStudio.TestPlatform.CommandLine.Internal.ConsoleLogger., took 0 ms.
TpTrace Verbose: 0 : 14272, 12, 2023/12/28, 16:40:46.185, 248201311171, vstest.console.dll, TcpClientExtensions.MessageLoopAsync: NotifyDataAvailable remoteEndPoint: 127.0.0.1:55938 localEndPoint: 127.0.0.1:55937
TpTrace Verbose: 0 : 14272, 12, 2023/12/28, 16:40:46.186, 248201315500, vstest.console.dll, TestRequestSender.OnExecutionMessageReceived: Received message: {"Version":7,"MessageType":"TestSession.Message","Payload":{"MessageLevel":1,"Message":"Сервер ожидает сообщения \r\n* * * 01/01/01 0:00:00 от Вася\r\nПолучено сообщение *  *  * * *\r\nMessage Reister, name =  Вася\r\n* * * 01/01/01 0:00:00 от Юля\r\nПолучено сообщение *  *  * * *\r\nMessage Reister, name =  Юля\r\n* * * 01/01/01 0:00:00 от Юля\r\nПолучено сообщение * Привет, Василий *  * * *\r\nMessage Relied, from =  Юля to  Вася \r\n* * * 01/01/01 0:00:00 от Вася\r\nПолучено сообщение * Привет, Юлька!!! *  * * *\r\nMessage Relied, from =  Вася to  Юля \r\nSystem.NullReferenceException: Object reference not set to an instance of an object.\r\n   at ConsoleApp06S.Services.Server.Start() in D:\\GeekBrains\\My Git\\NetworkApplicationCSharp\\06_Lesson\\ConsoleApp06S\\Services\\Server.cs:line 102\r\n"}}
TpTrace Verbose: 0 : 14272, 12, 2023/12/28, 16:40:46.186, 248201318153, vstest.console.dll, TestRunRequest:SendTestRunMessage: Starting.
TpTrace Verbose: 0 : 14272, 12, 2023/12/28, 16:40:46.186, 248201319965, vstest.console.dll, MulticastDelegateUtilities.SafeInvoke: TestRun.LogMessages: Invoking callback 1/1 for Microsoft.VisualStudio.TestPlatform.CommandLine.TestRunResultAggregator., took 0 ms.
TpTrace Information: 0 : 14272, 12, 2023/12/28, 16:40:46.186, 248201321872, vstest.console.dll, TestRunRequest:SendTestRunMessage: Completed.
TpTrace Verbose: 0 : 14272, 12, 2023/12/28, 16:40:46.186, 248201323314, vstest.console.dll, MulticastDelegateUtilities.SafeInvoke: LengthPrefixCommunicationChannel: MessageReceived: Invoking callback 1/1 for Microsoft.VisualStudio.TestPlatform.CommunicationUtilities.TestRequestSender+<>c__DisplayClass34_0., took 0 ms.
TpTrace Verbose: 0 : 14272, 12, 2023/12/28, 16:40:46.187, 248201324724, vstest.console.dll, TcpClientExtensions.MessageLoopAsync: Polling on remoteEndPoint: 127.0.0.1:55938 localEndPoint: 127.0.0.1:55937
TpTrace Verbose: 0 : 14272, 4, 2023/12/28, 16:40:46.187, 248201329091, vstest.console.dll, MulticastDelegateUtilities.SafeInvoke: InternalTestLoggerEvents.SendTestRunMessage: Invoking callback 1/1 for Microsoft.VisualStudio.TestPlatform.CommandLine.Internal.ConsoleLogger., took 0 ms.
TpTrace Verbose: 0 : 14272, 12, 2023/12/28, 16:40:46.246, 248201917163, vstest.console.dll, TcpClientExtensions.MessageLoopAsync: NotifyDataAvailable remoteEndPoint: 127.0.0.1:55938 localEndPoint: 127.0.0.1:55937
TpTrace Verbose: 0 : 14272, 12, 2023/12/28, 16:40:46.246, 248201920399, vstest.console.dll, TestRequestSender.OnExecutionMessageReceived: Received message: {"Version":7,"MessageType":"TestSession.Message","Payload":{"MessageLevel":1,"Message":"Сервер ожидает сообщения \r\n* * * 01/01/01 0:00:00 от Вася\r\nПолучено сообщение *  *  * * *\r\nMessage Reister, name =  Вася\r\n* * * 01/01/01 0:00:00 от Юля\r\nПолучено сообщение *  *  * * *\r\nMessage Reister, name =  Юля\r\n* * * 01/01/01 0:00:00 от Юля\r\nПолучено сообщение * Привет, Василий *  * * *\r\nMessage Relied, from =  Юля to  Вася \r\n* * * 01/01/01 0:00:00 от Вася\r\nПолучено сообщение * Привет, Юлька!!! *  * * *\r\nMessage Relied, from =  Вася to  Юля \r\nSystem.NullReferenceException: Object reference not set to an instance of an object.\r\n   at ConsoleApp06S.Services.Server.Start() in D:\\GeekBrains\\My Git\\NetworkApplicationCSharp\\06_Lesson\\ConsoleApp06S\\Services\\Server.cs:line 102\r\n"}}
TpTrace Verbose: 0 : 14272, 12, 2023/12/28, 16:40:46.246, 248201923272, vstest.console.dll, TestRunRequest:SendTestRunMessage: Starting.
TpTrace Verbose: 0 : 14272, 12, 2023/12/28, 16:40:46.247, 248201925126, vstest.console.dll, MulticastDelegateUtilities.SafeInvoke: TestRun.LogMessages: Invoking callback 1/1 for Microsoft.VisualStudio.TestPlatform.CommandLine.TestRunResultAggregator., took 0 ms.
TpTrace Information: 0 : 14272, 12, 2023/12/28, 16:40:46.247, 248201926570, vstest.console.dll, TestRunRequest:SendTestRunMessage: Completed.
TpTrace Verbose: 0 : 14272, 12, 2023/12/28, 16:40:46.247, 248201928040, vstest.console.dll, MulticastDelegateUtilities.SafeInvoke: LengthPrefixCommunicationChannel: MessageReceived: Invoking callback 1/1 for Microsoft.VisualStudio.TestPlatform.CommunicationUtilities.TestRequestSender+<>c__DisplayClass34_0., took 0 ms.
TpTrace Verbose: 0 : 14272, 12, 2023/12/28, 16:40:46.247, 248201929399, vstest.console.dll, TcpClientExtensions.MessageLoopAsync: Polling on remoteEndPoint: 127.0.0.1:55938 localEndPoint: 127.0.0.1:55937
TpTrace Verbose: 0 : 14272, 4, 2023/12/28, 16:40:46.247, 248201931652, vstest.console.dll, MulticastDelegateUtilities.SafeInvoke: InternalTestLoggerEvents.SendTestRunMessage: Invoking callback 1/1 for Microsoft.VisualStudio.TestPlatform.CommandLine.Internal.ConsoleLogger., took 0 ms.
TpTrace Verbose: 0 : 14272, 12, 2023/12/28, 16:40:46.290, 248202361016, vstest.console.dll, TcpClientExtensions.MessageLoopAsync: NotifyDataAvailable remoteEndPoint: 127.0.0.1:55938 localEndPoint: 127.0.0.1:55937
TpTrace Verbose: 0 : 14272, 12, 2023/12/28, 16:40:46.291, 248202364081, vstest.console.dll, TestRequestSender.OnExecutionMessageReceived: Received message: {"Version":7,"MessageType":"TestSession.Message","Payload":{"MessageLevel":1,"Message":"Сервер ожидает сообщения \r\n* * * 01/01/01 0:00:00 от Вася\r\nПолучено сообщение *  *  * * *\r\nMessage Reister, name =  Вася\r\n* * * 01/01/01 0:00:00 от Юля\r\nПолучено сообщение *  *  * * *\r\nMessage Reister, name =  Юля\r\n* * * 01/01/01 0:00:00 от Юля\r\nПолучено сообщение * Привет, Василий *  * * *\r\nMessage Relied, from =  Юля to  Вася \r\n* * * 01/01/01 0:00:00 от Вася\r\nПолучено сообщение * Привет, Юлька!!! *  * * *\r\nMessage Relied, from =  Вася to  Юля \r\nSystem.NullReferenceException: Object reference not set to an instance of an object.\r\n   at ConsoleApp06S.Services.Server.Start() in D:\\GeekBrains\\My Git\\NetworkApplicationCSharp\\06_Lesson\\ConsoleApp06S\\Services\\Server.cs:line 102\r\n"}}
TpTrace Verbose: 0 : 14272, 12, 2023/12/28, 16:40:46.291, 248202366908, vstest.console.dll, TestRunRequest:SendTestRunMessage: Starting.
TpTrace Verbose: 0 : 14272, 12, 2023/12/28, 16:40:46.291, 248202368807, vstest.console.dll, MulticastDelegateUtilities.SafeInvoke: TestRun.LogMessages: Invoking callback 1/1 for Microsoft.VisualStudio.TestPlatform.CommandLine.TestRunResultAggregator., took 0 ms.
TpTrace Information: 0 : 14272, 12, 2023/12/28, 16:40:46.291, 248202370318, vstest.console.dll, TestRunRequest:SendTestRunMessage: Completed.
TpTrace Verbose: 0 : 14272, 4, 2023/12/28, 16:40:46.291, 248202372109, vstest.console.dll, MulticastDelegateUtilities.SafeInvoke: InternalTestLoggerEvents.SendTestRunMessage: Invoking callback 1/1 for Microsoft.VisualStudio.TestPlatform.CommandLine.Internal.ConsoleLogger., took 0 ms.
TpTrace Verbose: 0 : 14272, 12, 2023/12/28, 16:40:46.291, 248202372212, vstest.console.dll, MulticastDelegateUtilities.SafeInvoke: LengthPrefixCommunicationChannel: MessageReceived: Invoking callback 1/1 for Microsoft.VisualStudio.TestPlatform.CommunicationUtilities.TestRequestSender+<>c__DisplayClass34_0., took 0 ms.
TpTrace Verbose: 0 : 14272, 12, 2023/12/28, 16:40:46.292, 248202378941, vstest.console.dll, TcpClientExtensions.MessageLoopAsync: Polling on remoteEndPoint: 127.0.0.1:55938 localEndPoint: 127.0.0.1:55937
TpTrace Verbose: 0 : 14272, 12, 2023/12/28, 16:40:46.306, 248202513748, vstest.console.dll, TcpClientExtensions.MessageLoopAsync: NotifyDataAvailable remoteEndPoint: 127.0.0.1:55938 localEndPoint: 127.0.0.1:55937
TpTrace Verbose: 0 : 14272, 12, 2023/12/28, 16:40:46.306, 248202516408, vstest.console.dll, TestRequestSender.OnExecutionMessageReceived: Received message: {"Version":7,"MessageType":"TestSession.Message","Payload":{"MessageLevel":0,"Message":"NUnit Adapter 4.4.0.0: Test execution complete"}}
TpTrace Verbose: 0 : 14272, 12, 2023/12/28, 16:40:46.306, 248202519087, vstest.console.dll, TestRunRequest:SendTestRunMessage: Starting.
TpTrace Verbose: 0 : 14272, 12, 2023/12/28, 16:40:46.306, 248202520905, vstest.console.dll, MulticastDelegateUtilities.SafeInvoke: TestRun.LogMessages: Invoking callback 1/1 for Microsoft.VisualStudio.TestPlatform.CommandLine.TestRunResultAggregator., took 0 ms.
TpTrace Verbose: 0 : 14272, 4, 2023/12/28, 16:40:46.306, 248202521353, vstest.console.dll, MulticastDelegateUtilities.SafeInvoke: InternalTestLoggerEvents.SendTestRunMessage: Invoking callback 1/1 for Microsoft.VisualStudio.TestPlatform.CommandLine.Internal.ConsoleLogger., took 0 ms.
TpTrace Information: 0 : 14272, 12, 2023/12/28, 16:40:46.306, 248202522523, vstest.console.dll, TestRunRequest:SendTestRunMessage: Completed.
TpTrace Verbose: 0 : 14272, 12, 2023/12/28, 16:40:46.307, 248202525519, vstest.console.dll, MulticastDelegateUtilities.SafeInvoke: LengthPrefixCommunicationChannel: MessageReceived: Invoking callback 1/1 for Microsoft.VisualStudio.TestPlatform.CommunicationUtilities.TestRequestSender+<>c__DisplayClass34_0., took 0 ms.
TpTrace Verbose: 0 : 14272, 12, 2023/12/28, 16:40:46.307, 248202527018, vstest.console.dll, TcpClientExtensions.MessageLoopAsync: Polling on remoteEndPoint: 127.0.0.1:55938 localEndPoint: 127.0.0.1:55937
TpTrace Verbose: 0 : 14272, 12, 2023/12/28, 16:40:46.339, 248202853063, vstest.console.dll, TcpClientExtensions.MessageLoopAsync: NotifyDataAvailable remoteEndPoint: 127.0.0.1:55938 localEndPoint: 127.0.0.1:55937
TpTrace Verbose: 0 : 14272, 12, 2023/12/28, 16:40:46.340, 248202862666, vstest.console.dll, TestRequestSender.OnExecutionMessageReceived: Received message: {"Version":7,"MessageType":"TestExecution.Completed","Payload":{"TestRunCompleteArgs":{"TestRunStatistics":{"ExecutedTests":7,"Stats":{"Passed":7}},"IsCanceled":false,"IsAborted":false,"Error":null,"AttachmentSets":[],"InvokedDataCollectors":[],"ElapsedTimeInRunningTests":"00:00:03.1255957","Metrics":{},"DiscoveredExtensions":{"TestDiscoverers":["NUnit.VisualStudio.TestAdapter.NUnit3TestDiscoverer, NUnit3.TestAdapter, Version=4.4.0.0, Culture=neutral, PublicKeyToken=4cb40d35494691ac"],"TestExecutors":["executor://NUnit3TestExecutor"],"TestExecutors2":[],"TestSettingsProviders":[]}},"LastRunTests":{"NewTestResults":[{"TestCase":{"Id":"9c75be89-45f8-0fb7-cf77-4a56ca6231e6","FullyQualifiedName":"ConsoleApp06STest.Tests.Register2UsersInBDTest","DisplayName":"Register2UsersInBDTest","ExecutorUri":"executor://NUnit3TestExecutor","Source":"D:\\GeekBrains\\My Git\\NetworkApplicationCSharp\\06_Lesson\\ConsoleApp06STest\\bin\\Debug\\net7.0\\fine-code-coverage\\build-output\\ConsoleApp06STest.dll","CodeFilePath":null,"LineNumber":0,"Properties":[{"Key":{"Id":"NUnit.Seed","Label":"Seed","Category":"","Description":"","Attributes":0,"ValueType":"System.String"},"Value":"1802941871"}]},"Attachments":[],"Outcome":1,"ErrorMessage":null,"ErrorStackTrace":null,"DisplayName":"Register2UsersInBDTest","Messages":[{"Category":"StdOutMsgs","Text":"Сервер ожидает сообщения \r\n* * * 01/01/01 0:00:00 от Вася\r\nПолучено сообщение *  *  * * *\r\nMessage Reister, name =  Вася\r\n* * * 01/01/01 0:00:00 от Юля\r\nПолучено сообщение *  *  * * *\r\nMessage Reister, name =  Юля\r\n* * * 01/01/01 0:00:00 от Юля\r\nПолучено сообщение * Привет, Василий *  * * *\r\nMessage Relied, from =  Юля to  Вася \r\n* * * 01/01/01 0:00:00 от Вася\r\nПолучено сообщение * Привет, Юлька!!! *  * * *\r\nMessage Relied, from =  Вася to  Юля \r\nSystem.NullReferenceException: Object reference not set to an instance of an object.\r\n   at ConsoleApp06S.Services.Server.Start() in D:\\GeekBrains\\My Git\\NetworkApplicationCSharp\\06_Lesson\\ConsoleApp06S\\Services\\Server.cs:line 102\r\n"}],"ComputerName":"DESKTOP-IFVARIJ","Duration":"00:00:00.1260100","StartTime":"2023-12-28T13:40:46.0582899+00:00","EndTime":"2023-12-28T13:40:46.184299+00:00","Properties":[{"Key":{"Id":"NUnit.Seed","Label":"Seed","Category":"","Description":"","Attributes":0,"ValueType":"System.String"},"Value":"1802941871"}]},{"TestCase":{"Id":"c19b31a6-b940-0377-c269-a01a3c975df0","FullyQualifiedName":"ConsoleApp06STest.Tests.Test0","DisplayName":"Test0","ExecutorUri":"executor://NUnit3TestExecutor","Source":"D:\\GeekBrains\\My Git\\NetworkApplicationCSharp\\06_Lesson\\ConsoleApp06STest\\bin\\Debug\\net7.0\\fine-code-coverage\\build-output\\ConsoleApp06STest.dll","CodeFilePath":null,"LineNumber":0,"Properties":[{"Key":{"Id":"NUnit.Seed","Label":"Seed","Category":"","Description":"","Attributes":0,"ValueType":"System.String"},"Value":"2023363209"}]},"Attachments":[],"Outcome":1,"ErrorMessage":null,"ErrorStackTrace":null,"DisplayName":"Test0","Messages":[{"Category":"StdOutMsgs","Text":"Сервер ожидает сообщения \r\n* * * 01/01/01 0:00:00 от Вася\r\nПолучено сообщение *  *  * * *\r\nMessage Reister, name =  Вася\r\n* * * 01/01/01 0:00:00 от Юля\r\nПолучено сообщение *  *  * * *\r\nMessage Reister, name =  Юля\r\n* * * 01/01/01 0:00:00 от Юля\r\nПолучено сообщение * Привет, Василий *  * * *\r\nMessage Relied, from =  Юля to  Вася \r\n* * * 01/01/01 0:00:00 от Вася\r\nПолучено сообщение * Привет, Юлька!!! *  * * *\r\nMessage Relied, from =  Вася to  Юля \r\nSystem.NullReferenceException: Object reference not set to an instance of an object.\r\n   at ConsoleApp06S.Services.Server.Start() in D:\\GeekBrains\\My Git\\NetworkApplicationCSharp\\06_Lesson\\ConsoleApp06S\\Services\\Server.cs:line 102\r\n"}],"ComputerName":"DESKTOP-IFVARIJ","Duration":"00:00:00.0519150","StartTime":"2023-12-28T13:40:46.187806+00:00","EndTime":"2023-12-28T13:40:46.239721+00:00","Properties":[{"Key":{"Id":"NUnit.Seed","Label":"Seed","Category":"","Description":"","Attributes":0,"ValueType":"System.String"},"Value":"2023363209"}]},{"TestCase":{"Id":"811128ef-47fb-0f6b-fb9c-e22163b3a237","FullyQualifiedName":"ConsoleApp06STest.Tests.Test1","DisplayName":"Test1","ExecutorUri":"executor://NUnit3TestExecutor","Source":"D:\\GeekBrains\\My Git\\NetworkApplicationCSharp\\06_Lesson\\ConsoleApp06STest\\bin\\Debug\\net7.0\\fine-code-coverage\\build-output\\ConsoleApp06STest.dll","CodeFilePath":null,"LineNumber":0,"Properties":[{"Key":{"Id":"NUnit.Seed","Label":"Seed","Category":"","Description":"","Attributes":0,"ValueType":"System.String"},"Value":"832642467"}]},"Attachments":[],"Outcome":1,"ErrorMessage":null,"ErrorStackTrace":null,"DisplayName":"Test1","Messages":[{"Category":"StdOutMsgs","Text":"Сервер ожидает сообщения \r\n* * * 01/01/01 0:00:00 от Вася\r\nПолучено сообщение *  *  * * *\r\nMessage Reister, name =  Вася\r\n* * * 01/01/01 0:00:00 от Юля\r\nПолучено сообщение *  *  * * *\r\nMessage Reister, name =  Юля\r\n* * * 01/01/01 0:00:00 от Юля\r\nПолучено сообщение * Привет, Василий *  * * *\r\nMessage Relied, from =  Юля to  Вася \r\n* * * 01/01/01 0:00:00 от Вася\r\nПолучено сообщение * Привет, Юлька!!! *  * * *\r\nMessage Relied, from =  Вася to  Юля \r\nSystem.NullReferenceException: Object reference not set to an instance of an object.\r\n   at ConsoleApp06S.Services.Server.Start() in D:\\GeekBrains\\My Git\\NetworkApplicationCSharp\\06_Lesson\\ConsoleApp06S\\Services\\Server.cs:line 102\r\n"}],"ComputerName":"DESKTOP-IFVARIJ","Duration":"00:00:00.0495450","StartTime":"2023-12-28T13:40:46.2398063+00:00","EndTime":"2023-12-28T13:40:46.2893512+00:00","Properties":[{"Key":{"Id":"NUnit.Seed","Label":"Seed","Category":"","Description":"","Attributes":0,"ValueType":"System.String"},"Value":"832642467"}]}],"TestRunStatistics":{"ExecutedTests":7,"Stats":{"Passed":7}},"ActiveTests":[]},"RunAttachments":[],"ExecutorUris":["executor://nunit3testexecutor/"]}}
TpTrace Verbose: 0 : 14272, 12, 2023/12/28, 16:40:46.341, 248202866466, vstest.console.dll, TestRequestSender.EndSession: Sending end session.
TpTrace Verbose: 0 : 14272, 12, 2023/12/28, 16:40:46.341, 248202869947, vstest.console.dll, ProxyOperationManager.Close: waiting for test host to exit for 100 ms
TpTrace Verbose: 0 : 14272, 7, 2023/12/28, 16:40:46.395, 248203407794, vstest.console.dll, TestHostManagerCallbacks.ctor: Experimental forwarding output is disabled.
TpTrace Warning: 0 : 14272, 7, 2023/12/28, 16:40:46.395, 248203410579, vstest.console.dll, TestHostManagerCallbacks.ErrorReceivedCallback Test host standard error line: 
TpTrace Verbose: 0 : 14272, 7, 2023/12/28, 16:40:46.421, 248203665303, vstest.console.dll, TestHostProvider.ExitCallBack: Host exited starting callback.
TpTrace Information: 0 : 14272, 7, 2023/12/28, 16:40:46.421, 248203669420, vstest.console.dll, TestHostManagerCallbacks.ExitCallBack: Testhost processId: 14796 exited with exitcode: 0 error: ''
TpTrace Verbose: 0 : 14272, 7, 2023/12/28, 16:40:46.425, 248203709296, vstest.console.dll, DotnetTestHostManager.OnHostExited: invoking OnHostExited callback
TpTrace Verbose: 0 : 14272, 7, 2023/12/28, 16:40:46.425, 248203710897, vstest.console.dll, CrossPlatEngine.TestHostManagerHostExited: calling on client process exit callback.
TpTrace Information: 0 : 14272, 7, 2023/12/28, 16:40:46.425, 248203712446, vstest.console.dll, TestRequestSender.OnClientProcessExit: Test host process exited. Standard error: 
TpTrace Information: 0 : 14272, 12, 2023/12/28, 16:40:46.426, 248203713938, vstest.console.dll, SocketServer.Stop: Stop server endPoint: 127.0.0.1:55937
TpTrace Information: 0 : 14272, 7, 2023/12/28, 16:40:46.426, 248203715397, vstest.console.dll, SocketServer.Stop: Stop server endPoint: 127.0.0.1:55937
TpTrace Information: 0 : 14272, 12, 2023/12/28, 16:40:46.426, 248203715803, vstest.console.dll, SocketServer.Stop: Cancellation requested. Stopping message loop.
TpTrace Information: 0 : 14272, 7, 2023/12/28, 16:40:46.426, 248203716901, vstest.console.dll, SocketServer.Stop: Cancellation requested. Stopping message loop.
TpTrace Information: 0 : 14272, 12, 2023/12/28, 16:40:46.426, 248203719982, vstest.console.dll, Closing the connection
TpTrace Verbose: 0 : 14272, 7, 2023/12/28, 16:40:46.426, 248203719814, vstest.console.dll, MulticastDelegateUtilities.SafeInvoke: HostProviderEvents.OnHostExited: Invoking callback 1/1 for Microsoft.VisualStudio.TestPlatform.CrossPlatEngine.Client.ProxyOperationManager., took 0 ms.
TpTrace Verbose: 0 : 14272, 12, 2023/12/28, 16:40:46.427, 248203725660, vstest.console.dll, ProxyDataCollectionManager.InvokeDataCollectionServiceAction: Starting.
TpTrace Information: 0 : 14272, 12, 2023/12/28, 16:40:46.427, 248203726890, vstest.console.dll, ProxyDataCollectionManager.AfterTestRunEnd: Get attachment set and invoked data collectors processId: 2620 port: 55934
TpTrace Verbose: 0 : 14272, 12, 2023/12/28, 16:40:46.427, 248203728091, vstest.console.dll, DataCollectionRequestSender.SendAfterTestRunStartAndGetResult: Send AfterTestRunEnd message with isCancelled: False
TpTrace Verbose: 0 : 14272, 12, 2023/12/28, 16:40:46.441, 248203869427, vstest.console.dll, DataCollectionRequestSender.SendAfterTestRunStartAndGetResult: Received message: (DataCollection.AfterTestRunEndResult) -> {"MessageType":"DataCollection.AfterTestRunEndResult","Payload":{"AttachmentSets":[],"InvokedDataCollectors":[{"Uri":"datacollector://Microsoft/TestPlatform/Extensions/Blame/v1","FriendlyName":"Blame","AssemblyQualifiedName":"Microsoft.TestPlatform.Extensions.BlameDataCollector.BlameCollector, Microsoft.TestPlatform.Extensions.BlameDataCollector, Version=15.0.0.0, Culture=neutral, PublicKeyToken=b03f5f7f11d50a3a","FilePath":"C:\\Program Files\\dotnet\\sdk\\7.0.401\\Extensions\\Microsoft.TestPlatform.Extensions.BlameDataCollector.dll","HasAttachmentProcessor":false}],"Metrics":{}}}
TpTrace Information: 0 : 14272, 12, 2023/12/28, 16:40:46.452, 248203978782, vstest.console.dll, ProxyDataCollectionManager.InvokeDataCollectionServiceAction: Completed.
TpTrace Warning: 0 : 14272, 10, 2023/12/28, 16:40:46.469, 248204143479, vstest.console.dll, DataCollectionLauncher.ErrorReceivedCallback datacollector standard error line: 
TpTrace Information: 0 : 14272, 10, 2023/12/28, 16:40:46.481, 248204268987, vstest.console.dll, DataCollectionLauncher.ExitCallBack: Data collector exited with exitcode: 0 error: ''
TpTrace Verbose: 0 : 14272, 12, 2023/12/28, 16:40:46.516, 248204621225, vstest.console.dll, TestRunRequest:SendTestRunStatsChange: Starting.
TpTrace Verbose: 0 : 14272, 12, 2023/12/28, 16:40:46.517, 248204623410, vstest.console.dll, MulticastDelegateUtilities.SafeInvoke: TestRun.RunStatsChanged: Invoking callbacks was skipped because there are no subscribers.
TpTrace Verbose: 0 : 14272, 4, 2023/12/28, 16:40:46.517, 248204624447, vstest.console.dll, MulticastDelegateUtilities.SafeInvoke: InternalTestLoggerEvents.SendTestResult: Invoking callback 1/1 for Microsoft.VisualStudio.TestPlatform.CommandLine.Internal.ConsoleLogger., took 0 ms.
TpTrace Information: 0 : 14272, 12, 2023/12/28, 16:40:46.517, 248204624470, vstest.console.dll, TestRunRequest:SendTestRunStatsChange: Completed.
TpTrace Verbose: 0 : 14272, 4, 2023/12/28, 16:40:46.517, 248204625885, vstest.console.dll, MulticastDelegateUtilities.SafeInvoke: InternalTestLoggerEvents.SendTestResult: Invoking callback 1/1 for Microsoft.VisualStudio.TestPlatform.CommandLine.Internal.ConsoleLogger., took 0 ms.
TpTrace Verbose: 0 : 14272, 4, 2023/12/28, 16:40:46.517, 248204627863, vstest.console.dll, MulticastDelegateUtilities.SafeInvoke: InternalTestLoggerEvents.SendTestResult: Invoking callback 1/1 for Microsoft.VisualStudio.TestPlatform.CommandLine.Internal.ConsoleLogger., took 0 ms.
TpTrace Verbose: 0 : 14272, 12, 2023/12/28, 16:40:46.518, 248204633851, vstest.console.dll, ParallelProxyExecutionManager: HandlePartialRunComplete: Total workloads = 1, Total started clients = 1 Total completed clients = 1, Run complete = True, Run canceled: False.
TpTrace Verbose: 0 : 14272, 12, 2023/12/28, 16:40:46.518, 248204634942, vstest.console.dll, ParallelProxyExecutionManager: HandlePartialRunComplete: All runs completed stopping all managers.
TpTrace Verbose: 0 : 14272, 12, 2023/12/28, 16:40:46.518, 248204635967, vstest.console.dll, ParallelOperationManager.StopAllManagers: Stopping all managers.
TpTrace Verbose: 0 : 14272, 12, 2023/12/28, 16:40:46.518, 248204637213, vstest.console.dll, ParallelOperationManager.ClearSlots: Clearing all slots. Slots should accept more work: False
TpTrace Verbose: 0 : 14272, 12, 2023/12/28, 16:40:46.518, 248204638460, vstest.console.dll, ParallelOperationManager.SetOccupiedSlotCount: Setting slot counts AvailableSlotCount = 1, OccupiedSlotCount = 0.
TpTrace Verbose: 0 : 14272, 12, 2023/12/28, 16:40:46.518, 248204639756, vstest.console.dll, Occupied slots:

TpTrace Verbose: 0 : 14272, 4, 2023/12/28, 16:40:46.530, 248204757471, vstest.console.dll, MulticastDelegateUtilities.SafeInvoke: InternalTestLoggerEvents.SendTestRunComplete: Invoking callback 1/2 for Microsoft.TestPlatform.Extensions.BlameDataCollector.BlameLogger., took 0 ms.
TpTrace Verbose: 0 : 14272, 4, 2023/12/28, 16:40:46.539, 248204850937, vstest.console.dll, MulticastDelegateUtilities.SafeInvoke: InternalTestLoggerEvents.SendTestRunComplete: Invoking callback 2/2 for Microsoft.VisualStudio.TestPlatform.CommandLine.Internal.ConsoleLogger., took 9 ms.
TpTrace Verbose: 0 : 14272, 12, 2023/12/28, 16:40:46.540, 248204856482, vstest.console.dll, TestRunRequest:TestRunComplete: Starting. IsAborted:False IsCanceled:False.
TpTrace Verbose: 0 : 14272, 12, 2023/12/28, 16:40:46.540, 248204859352, vstest.console.dll, ParallelOperationManager.DoActionOnAllManagers: Calling an action on all managers.
TpTrace Verbose: 0 : 14272, 12, 2023/12/28, 16:40:46.542, 248204879685, vstest.console.dll, TestLoggerManager.HandleTestRunComplete: Ignoring as the object is disposed.
TpTrace Verbose: 0 : 14272, 12, 2023/12/28, 16:40:46.543, 248204884389, vstest.console.dll, MulticastDelegateUtilities.SafeInvoke: TestRun.TestRunComplete: Invoking callback 1/2 for Microsoft.VisualStudio.TestPlatform.CommandLine.TestRunResultAggregator., took 0 ms.
TpTrace Verbose: 0 : 14272, 12, 2023/12/28, 16:40:46.543, 248204886992, vstest.console.dll, MulticastDelegateUtilities.SafeInvoke: TestRun.TestRunComplete: Invoking callback 2/2 for Microsoft.VisualStudio.TestPlatform.CommandLine.Processors.RunTestsArgumentExecutor+TestRunRequestEventsRegistrar., took 0 ms.
TpTrace Information: 0 : 14272, 12, 2023/12/28, 16:40:46.543, 248204889100, vstest.console.dll, TestRunRequest:TestRunComplete: Completed.
TpTrace Verbose: 0 : 14272, 1, 2023/12/28, 16:40:46.543, 248204889358, vstest.console.dll, TestRunRequest.Dispose: Starting.
TpTrace Verbose: 0 : 14272, 12, 2023/12/28, 16:40:46.543, 248204890252, vstest.console.dll, TestRequestSender.SetOperationComplete: Setting operation complete.
TpTrace Information: 0 : 14272, 1, 2023/12/28, 16:40:46.543, 248204891599, vstest.console.dll, TestRunRequest.Dispose: Completed.
TpTrace Information: 0 : 14272, 12, 2023/12/28, 16:40:46.543, 248204892417, vstest.console.dll, SocketServer.Stop: Stop server endPoint: 127.0.0.1:55937
TpTrace Information: 0 : 14272, 1, 2023/12/28, 16:40:46.544, 248204893592, vstest.console.dll, TestRequestManager.RunTests: run tests completed.
TpTrace Information: 0 : 14272, 12, 2023/12/28, 16:40:46.544, 248204894322, vstest.console.dll, SocketServer.Stop: Cancellation requested. Stopping message loop.
TpTrace Verbose: 0 : 14272, 12, 2023/12/28, 16:40:46.544, 248204896680, vstest.console.dll, MulticastDelegateUtilities.SafeInvoke: LengthPrefixCommunicationChannel: MessageReceived: Invoking callback 1/1 for Microsoft.VisualStudio.TestPlatform.CommunicationUtilities.TestRequestSender+<>c__DisplayClass34_0., took 203 ms.
TpTrace Information: 0 : 14272, 1, 2023/12/28, 16:40:46.544, 248204896861, vstest.console.dll, RunTestsArgumentProcessor:Execute: Test run is completed.
TpTrace Information: 0 : 14272, 12, 2023/12/28, 16:40:46.544, 248204897868, vstest.console.dll, SocketServer.PrivateStop: Stopping server endPoint: 127.0.0.1:55937 error: 
TpTrace Verbose: 0 : 14272, 1, 2023/12/28, 16:40:46.544, 248204901396, vstest.console.dll, Executor.Execute: Exiting with exit code of 0
TpTrace Verbose: 0 : 14272, 12, 2023/12/28, 16:40:46.545, 248204905186, vstest.console.dll, LengthPrefixCommunicationChannel.Dispose: Dispose reader and writer.
TpTrace Information: 0 : 14272, 12, 2023/12/28, 16:40:46.545, 248204907418, vstest.console.dll, SocketServer.Stop: Raise disconnected event endPoint: 127.0.0.1:55937 error: 
