TpTrace Verbose: 0 : 14796, 1, 2023/12/28, 16:40:42.741, 248166871427, testhost.dll, Version: 17.7.1 Current process architecture: X64
TpTrace Verbose: 0 : 14796, 1, 2023/12/28, 16:40:42.746, 248166916156, testhost.dll, Runtime location: C:\Program Files\dotnet\shared\Microsoft.NETCore.App\7.0.11
TpTrace Information: 0 : 14796, 1, 2023/12/28, 16:40:42.750, 248166956572, testhost.dll, DefaultEngineInvoker.Invoke: Testhost process started with args :[--port, 55937],[--endpoint, 127.0.0.1:055937],[--role, client],[--parentprocessid, 14272],[--diag, D:\GeekBrains\My Git\NetworkApplicationCSharp\06_Lesson\ConsoleApp06STest\bin\Debug\net7.0\fine-code-coverage\coverage-tool-output\diagnostics.host.23-12-28_16-40-42_50162_5.log],[--tracelevel, 4],[--datacollectionport, 55936],[--telemetryoptedin, false]
TpTrace Information: 0 : 14796, 1, 2023/12/28, 16:40:42.751, 248166966582, testhost.dll, Setting up debug trace listener.
TpTrace Verbose: 0 : 14796, 1, 2023/12/28, 16:40:42.751, 248166969335, testhost.dll, TestPlatformTraceListener.Setup: Replacing listener System.Diagnostics.DefaultTraceListener with TestHostTraceListener.
TpTrace Verbose: 0 : 14796, 1, 2023/12/28, 16:40:42.751, 248166971907, testhost.dll, TestPlatformTraceListener.Setup: Added test platform trace listener.
TpTrace Information: 0 : 14796, 1, 2023/12/28, 16:40:42.752, 248166977087, testhost.dll, DefaultEngineInvoker.SetParentProcessExitCallback: Monitoring parent process with id: '14272'
TpTrace Information: 0 : 14796, 1, 2023/12/28, 16:40:42.757, 248167033325, testhost.dll, DefaultEngineInvoker.GetConnectionInfo: Initialize communication on endpoint address: '127.0.0.1:055937'
TpTrace Information: 0 : 14796, 1, 2023/12/28, 16:40:42.769, 248167147588, testhost.dll, SocketClient.Start: connecting to server endpoint: 127.0.0.1:055937
TpTrace Information: 0 : 14796, 1, 2023/12/28, 16:40:42.779, 248167246185, testhost.dll, DefaultEngineInvoker.ConnectToDatacollector: Connecting to datacollector, port: 55936
TpTrace Information: 0 : 14796, 9, 2023/12/28, 16:40:42.780, 248167256051, testhost.dll, SocketClient.OnServerConnected: connected to server endpoint: 127.0.0.1:055937
TpTrace Information: 0 : 14796, 1, 2023/12/28, 16:40:42.780, 248167262395, testhost.dll, Trying to connect to server on socket : 127.0.0.1:55936 
TpTrace Verbose: 0 : 14796, 1, 2023/12/28, 16:40:42.781, 248167267068, testhost.dll, SocketCommunicationManager : SetupClientAsync : Attempting to connect to the server.
TpTrace Verbose: 0 : 14796, 9, 2023/12/28, 16:40:42.783, 248167287807, testhost.dll, MulticastDelegateUtilities.SafeInvoke: SocketClient: ServerConnected: Invoking callback 1/1 for Microsoft.VisualStudio.TestPlatform.CommunicationUtilities.TestRequestHandler., took 1 ms.
TpTrace Verbose: 0 : 14796, 9, 2023/12/28, 16:40:42.783, 248167290522, testhost.dll, Connected to server, and starting MessageLoopAsync
TpTrace Information: 0 : 14796, 11, 2023/12/28, 16:40:42.784, 248167295849, testhost.dll, Connected to the server successfully 
TpTrace Information: 0 : 14796, 11, 2023/12/28, 16:40:42.784, 248167297633, testhost.dll, Using the buffer size of 16384 bytes
TpTrace Verbose: 0 : 14796, 1, 2023/12/28, 16:40:42.784, 248167300464, testhost.dll, SocketCommunicationManager.WaitForServerConnection took: 0 ms, with 90000 ms timeout, and finished with True.
TpTrace Information: 0 : 14796, 1, 2023/12/28, 16:40:42.784, 248167303307, testhost.dll, DefaultEngineInvoker.Invoke: Start Request Processing.
TpTrace Information: 0 : 14796, 12, 2023/12/28, 16:40:42.786, 248167315041, testhost.dll, DefaultEngineInvoker.StartProcessingAsync: Connected to vstest.console, Starting process requests.
TpTrace Verbose: 0 : 14796, 9, 2023/12/28, 16:40:42.786, 248167318145, testhost.dll, TcpClientExtensions.MessageLoopAsync: Polling on remoteEndPoint: [::ffff:127.0.0.1]:55937 localEndPoint: [::ffff:127.0.0.1]:55938
TpTrace Verbose: 0 : 14796, 9, 2023/12/28, 16:40:42.786, 248167319691, testhost.dll, TcpClientExtensions.MessageLoopAsync: NotifyDataAvailable remoteEndPoint: [::ffff:127.0.0.1]:55937 localEndPoint: [::ffff:127.0.0.1]:55938
TpTrace Information: 0 : 14796, 9, 2023/12/28, 16:40:42.801, 248167467929, testhost.dll, TestRequestHandler.OnMessageReceived: received message: (ProtocolVersion) -> {"MessageType":"ProtocolVersion","Payload":7}
TpTrace Verbose: 0 : 14796, 9, 2023/12/28, 16:40:42.972, 248169178850, testhost.dll, TestRequestHandler.SendData: sending data from testhost: {"Version":7,"MessageType":"TestSession.Message","Payload":{"MessageLevel":0,"Message":"Logging TestHost Diagnostics in file: D:\\GeekBrains\\My Git\\NetworkApplicationCSharp\\06_Lesson\\ConsoleApp06STest\\bin\\Debug\\net7.0\\fine-code-coverage\\coverage-tool-output\\diagnostics.host.23-12-28_16-40-42_50162_5.log"}}
TpTrace Verbose: 0 : 14796, 9, 2023/12/28, 16:40:42.973, 248169183547, testhost.dll, MulticastDelegateUtilities.SafeInvoke: LengthPrefixCommunicationChannel: MessageReceived: Invoking callback 1/1 for Microsoft.VisualStudio.TestPlatform.CommunicationUtilities.TestRequestHandler., took 181 ms.
TpTrace Verbose: 0 : 14796, 9, 2023/12/28, 16:40:42.973, 248169185147, testhost.dll, TcpClientExtensions.MessageLoopAsync: Polling on remoteEndPoint: [::ffff:127.0.0.1]:55937 localEndPoint: [::ffff:127.0.0.1]:55938
TpTrace Verbose: 0 : 14796, 9, 2023/12/28, 16:40:42.973, 248169186733, testhost.dll, TcpClientExtensions.MessageLoopAsync: NotifyDataAvailable remoteEndPoint: [::ffff:127.0.0.1]:55937 localEndPoint: [::ffff:127.0.0.1]:55938
TpTrace Information: 0 : 14796, 9, 2023/12/28, 16:40:42.973, 248169191995, testhost.dll, TestRequestHandler.OnMessageReceived: received message: (TestExecution.Initialize) -> {"Version":7,"MessageType":"TestExecution.Initialize","Payload":["D:\\GeekBrains\\My Git\\NetworkApplicationCSharp\\06_Lesson\\ConsoleApp06STest\\bin\\Debug\\net7.0\\fine-code-coverage\\build-output\\NUnit3.TestAdapter.dll"]}
TpTrace Verbose: 0 : 14796, 9, 2023/12/28, 16:40:42.986, 248169314518, testhost.dll, MulticastDelegateUtilities.SafeInvoke: LengthPrefixCommunicationChannel: MessageReceived: Invoking callback 1/1 for Microsoft.VisualStudio.TestPlatform.CommunicationUtilities.TestRequestHandler., took 12 ms.
TpTrace Verbose: 0 : 14796, 9, 2023/12/28, 16:40:42.986, 248169317640, testhost.dll, TcpClientExtensions.MessageLoopAsync: Polling on remoteEndPoint: [::ffff:127.0.0.1]:55937 localEndPoint: [::ffff:127.0.0.1]:55938
TpTrace Information: 0 : 14796, 4, 2023/12/28, 16:40:42.986, 248169322842, testhost.dll, TestRequestHandler.OnMessageReceived: Running job 'TestExecution.Initialize'.
TpTrace Verbose: 0 : 14796, 9, 2023/12/28, 16:40:42.988, 248169335549, testhost.dll, TcpClientExtensions.MessageLoopAsync: NotifyDataAvailable remoteEndPoint: [::ffff:127.0.0.1]:55937 localEndPoint: [::ffff:127.0.0.1]:55938
TpTrace Information: 0 : 14796, 9, 2023/12/28, 16:40:42.988, 248169338786, testhost.dll, TestRequestHandler.OnMessageReceived: received message: (TestExecution.StartWithSources) -> {"Version":7,"MessageType":"TestExecution.StartWithSources","Payload":{"AdapterSourceMap":{"_none_":["D:\\GeekBrains\\My Git\\NetworkApplicationCSharp\\06_Lesson\\ConsoleApp06STest\\bin\\Debug\\net7.0\\fine-code-coverage\\build-output\\ConsoleApp06STest.dll"]},"RunSettings":"<RunSettings>\r\n  <RunConfiguration>\r\n    <ResultsDirectory>D:\\GeekBrains\\My Git\\NetworkApplicationCSharp\\06_Lesson\\ConsoleApp06STest\\bin\\Debug\\net7.0\\fine-code-coverage\\coverage-tool-output</ResultsDirectory>\r\n    <TargetFrameworkVersion>.NETCoreApp,Version=v7.0</TargetFrameworkVersion>\r\n    <DesignMode>False</DesignMode>\r\n    <CollectSourceInformation>False</CollectSourceInformation>\r\n  </RunConfiguration>\r\n  <LoggerRunSettings>\r\n    <Loggers>\r\n      <Logger friendlyName=\"blame\" enabled=\"True\" />\r\n      <Logger friendlyName=\"Console\" uri=\"logger://microsoft/TestPlatform/ConsoleLogger/v1\" assemblyQualifiedName=\"Microsoft.VisualStudio.TestPlatform.CommandLine.Internal.ConsoleLogger, vstest.console, Version=15.0.0.0, Culture=neutral, PublicKeyToken=b03f5f7f11d50a3a\" codeBase=\"C:\\Program Files\\dotnet\\sdk\\7.0.401\\vstest.console.dll\" enabled=\"True\" />\r\n    </Loggers>\r\n  </LoggerRunSettings>\r\n  <DataCollectionRunSettings>\r\n    <DataCollectors>\r\n      <DataCollector friendlyName=\"blame\" enabled=\"True\">\r\n        <Configuration>\r\n          <ResultsDirectory>D:\\GeekBrains\\My Git\\NetworkApplicationCSharp\\06_Lesson\\ConsoleApp06STest\\bin\\Debug\\net7.0\\fine-code-coverage\\coverage-tool-output</ResultsDirectory>\r\n        </Configuration>\r\n      </DataCollector>\r\n    </DataCollectors>\r\n  </DataCollectionRunSettings>\r\n</RunSettings>","TestExecutionContext":{"FrequencyOfRunStatsChangeEvent":10,"RunStatsChangeEventTimeout":"00:00:01.5000000","InIsolation":false,"KeepAlive":false,"AreTestCaseLevelEventsRequired":false,"IsDebug":false,"TestCaseFilter":null,"FilterOptions":null},"Package":null}}
TpTrace Verbose: 0 : 14796, 4, 2023/12/28, 16:40:42.990, 248169357917, testhost.dll, TestExecutorService: Loading the extensions
TpTrace Verbose: 0 : 14796, 4, 2023/12/28, 16:40:42.992, 248169380948, testhost.dll, TestPluginCache.DiscoverTestExtensions: finding test extensions in assemblies ends with: TestAdapter.dll TPluginInfo: Microsoft.VisualStudio.TestPlatform.Common.ExtensionFramework.Utilities.TestExecutorPluginInformation TExtension: Microsoft.VisualStudio.TestPlatform.ObjectModel.Adapter.ITestExecutor
TpTrace Verbose: 0 : 14796, 4, 2023/12/28, 16:40:42.995, 248169407675, testhost.dll, TestPluginCache.GetExtensionPaths: Filtered extension paths: 
TpTrace Verbose: 0 : 14796, 4, 2023/12/28, 16:40:42.996, 248169415437, testhost.dll, TestPluginCache.GetExtensionPaths: Added default extension paths: D:\GeekBrains\My Git\NetworkApplicationCSharp\06_Lesson\ConsoleApp06STest\bin\Debug\net7.0\fine-code-coverage\build-output\NUnit3.TestAdapter.dll
TpTrace Verbose: 0 : 14796, 4, 2023/12/28, 16:40:42.996, 248169416899, testhost.dll, TestPluginCache.GetExtensionPaths: Added unfilterableExtensionPaths: 
TpTrace Information: 0 : 14796, 4, 2023/12/28, 16:40:42.998, 248169441643, testhost.dll, AssemblyResolver.ctor: Creating AssemblyResolver with searchDirectories D:\GeekBrains\My Git\NetworkApplicationCSharp\06_Lesson\ConsoleApp06STest\bin\Debug\net7.0\fine-code-coverage\build-output
TpTrace Verbose: 0 : 14796, 4, 2023/12/28, 16:40:43.000, 248169456555, testhost.dll, TestPluginCache.DiscoverTestExtensions: Discovering the extensions using extension path.
TpTrace Verbose: 0 : 14796, 4, 2023/12/28, 16:40:43.000, 248169459160, testhost.dll, TestPluginCache.GetExtensionPaths: Filtered extension paths: 
TpTrace Verbose: 0 : 14796, 4, 2023/12/28, 16:40:43.000, 248169460428, testhost.dll, TestPluginCache.GetExtensionPaths: Added default extension paths: D:\GeekBrains\My Git\NetworkApplicationCSharp\06_Lesson\ConsoleApp06STest\bin\Debug\net7.0\fine-code-coverage\build-output\NUnit3.TestAdapter.dll
TpTrace Verbose: 0 : 14796, 4, 2023/12/28, 16:40:43.000, 248169461567, testhost.dll, TestPluginCache.GetExtensionPaths: Added unfilterableExtensionPaths: 
TpTrace Verbose: 0 : 14796, 4, 2023/12/28, 16:40:43.001, 248169463890, testhost.dll, TestPluginCache.DiscoverTestExtensions: Discovering the extensions using allExtensionPaths: D:\GeekBrains\My Git\NetworkApplicationCSharp\06_Lesson\ConsoleApp06STest\bin\Debug\net7.0\fine-code-coverage\build-output\NUnit3.TestAdapter.dll
TpTrace Information: 0 : 14796, 4, 2023/12/28, 16:40:43.001, 248169471987, testhost.dll, AssemblyResolver.AddSearchDirectories: Adding more searchDirectories D:\GeekBrains\My Git\NetworkApplicationCSharp\06_Lesson\ConsoleApp06STest\bin\Debug\net7.0\fine-code-coverage\build-output
TpTrace Information: 0 : 14796, 4, 2023/12/28, 16:40:43.004, 248169502112, testhost.dll, AssemblyResolver.OnResolve: NUnit3.TestAdapter: Resolving assembly.
TpTrace Information: 0 : 14796, 4, 2023/12/28, 16:40:43.005, 248169504336, testhost.dll, AssemblyResolver.OnResolve: NUnit3.TestAdapter: Searching in: 'D:\GeekBrains\My Git\NetworkApplicationCSharp\06_Lesson\ConsoleApp06STest\bin\Debug\net7.0\fine-code-coverage\build-output'.
TpTrace Information: 0 : 14796, 4, 2023/12/28, 16:40:43.016, 248169617618, testhost.dll, AssemblyResolver.OnResolve: NUnit3.TestAdapter: Loading assembly 'D:\GeekBrains\My Git\NetworkApplicationCSharp\06_Lesson\ConsoleApp06STest\bin\Debug\net7.0\fine-code-coverage\build-output\NUnit3.TestAdapter.dll'.
TpTrace Information: 0 : 14796, 4, 2023/12/28, 16:40:43.017, 248169626493, testhost.dll, AssemblyResolver.OnResolve: Resolved assembly: NUnit3.TestAdapter, from path: D:\GeekBrains\My Git\NetworkApplicationCSharp\06_Lesson\ConsoleApp06STest\bin\Debug\net7.0\fine-code-coverage\build-output\NUnit3.TestAdapter.dll
TpTrace Verbose: 0 : 14796, 9, 2023/12/28, 16:40:43.019, 248169652603, testhost.dll, MulticastDelegateUtilities.SafeInvoke: LengthPrefixCommunicationChannel: MessageReceived: Invoking callback 1/1 for Microsoft.VisualStudio.TestPlatform.CommunicationUtilities.TestRequestHandler., took 31 ms.
TpTrace Verbose: 0 : 14796, 9, 2023/12/28, 16:40:43.020, 248169654542, testhost.dll, TcpClientExtensions.MessageLoopAsync: Polling on remoteEndPoint: [::ffff:127.0.0.1]:55937 localEndPoint: [::ffff:127.0.0.1]:55938
TpTrace Verbose: 0 : 14796, 4, 2023/12/28, 16:40:43.052, 248169982717, testhost.dll, MetadataReaderExtensionsHelper: Discovering extensions inside assembly 'NUnit3.TestAdapter, Version=4.4.0.0, Culture=neutral, PublicKeyToken=4cb40d35494691ac' file path 'D:\GeekBrains\My Git\NetworkApplicationCSharp\06_Lesson\ConsoleApp06STest\bin\Debug\net7.0\fine-code-coverage\build-output\NUnit3.TestAdapter.dll'
TpTrace Information: 0 : 14796, 4, 2023/12/28, 16:40:43.056, 248170022690, testhost.dll, AssemblyResolver.OnResolve: nunit.engine.api: Resolving assembly.
TpTrace Information: 0 : 14796, 4, 2023/12/28, 16:40:43.057, 248170024931, testhost.dll, AssemblyResolver.OnResolve: nunit.engine.api: Searching in: 'D:\GeekBrains\My Git\NetworkApplicationCSharp\06_Lesson\ConsoleApp06STest\bin\Debug\net7.0\fine-code-coverage\build-output'.
TpTrace Information: 0 : 14796, 4, 2023/12/28, 16:40:43.057, 248170029692, testhost.dll, AssemblyResolver.OnResolve: nunit.engine.api: Loading assembly 'D:\GeekBrains\My Git\NetworkApplicationCSharp\06_Lesson\ConsoleApp06STest\bin\Debug\net7.0\fine-code-coverage\build-output\nunit.engine.api.dll'.
TpTrace Information: 0 : 14796, 4, 2023/12/28, 16:40:43.058, 248170034280, testhost.dll, AssemblyResolver.OnResolve: Resolved assembly: nunit.engine.api, from path: D:\GeekBrains\My Git\NetworkApplicationCSharp\06_Lesson\ConsoleApp06STest\bin\Debug\net7.0\fine-code-coverage\build-output\nunit.engine.api.dll
TpTrace Information: 0 : 14796, 4, 2023/12/28, 16:40:43.063, 248170083825, testhost.dll, GetTestExtensionFromType: Register extension with identifier data 'executor://NUnit3TestExecutor' and type 'NUnit.VisualStudio.TestAdapter.NUnit3TestExecutor, NUnit3.TestAdapter, Version=4.4.0.0, Culture=neutral, PublicKeyToken=4cb40d35494691ac' inside file 'D:\GeekBrains\My Git\NetworkApplicationCSharp\06_Lesson\ConsoleApp06STest\bin\Debug\net7.0\fine-code-coverage\build-output\NUnit3.TestAdapter.dll'
TpTrace Verbose: 0 : 14796, 4, 2023/12/28, 16:40:43.065, 248170110437, testhost.dll, TestPluginCache: Discovered the extensions using extension path ''.
TpTrace Verbose: 0 : 14796, 4, 2023/12/28, 16:40:43.066, 248170117977, testhost.dll, TestPluginCache: Discoverers are ''.
TpTrace Verbose: 0 : 14796, 4, 2023/12/28, 16:40:43.066, 248170119318, testhost.dll, TestPluginCache: Executors are 'executor://NUnit3TestExecutor'.
TpTrace Verbose: 0 : 14796, 4, 2023/12/28, 16:40:43.066, 248170120720, testhost.dll, TestPluginCache: Executors2 are ''.
TpTrace Verbose: 0 : 14796, 4, 2023/12/28, 16:40:43.066, 248170122126, testhost.dll, TestPluginCache: Setting providers are ''.
TpTrace Verbose: 0 : 14796, 4, 2023/12/28, 16:40:43.067, 248170123609, testhost.dll, TestPluginCache: Loggers are ''.
TpTrace Verbose: 0 : 14796, 4, 2023/12/28, 16:40:43.067, 248170125041, testhost.dll, TestPluginCache: TestHosts are ''.
TpTrace Verbose: 0 : 14796, 4, 2023/12/28, 16:40:43.067, 248170126441, testhost.dll, TestPluginCache: DataCollectors are ''.
TpTrace Verbose: 0 : 14796, 4, 2023/12/28, 16:40:43.069, 248170151513, testhost.dll, TestPluginCache.DiscoverTestExtensions: finding test extensions in assemblies ends with: TestAdapter.dll TPluginInfo: Microsoft.VisualStudio.TestPlatform.Common.ExtensionFramework.Utilities.TestExecutorPluginInformation2 TExtension: Microsoft.VisualStudio.TestPlatform.ObjectModel.Adapter.ITestExecutor2
TpTrace Verbose: 0 : 14796, 4, 2023/12/28, 16:40:43.070, 248170156596, testhost.dll, TestPluginCache.GetExtensionPaths: Filtered extension paths: 
TpTrace Verbose: 0 : 14796, 4, 2023/12/28, 16:40:43.070, 248170157822, testhost.dll, TestPluginCache.GetExtensionPaths: Added default extension paths: D:\GeekBrains\My Git\NetworkApplicationCSharp\06_Lesson\ConsoleApp06STest\bin\Debug\net7.0\fine-code-coverage\build-output\NUnit3.TestAdapter.dll
TpTrace Verbose: 0 : 14796, 4, 2023/12/28, 16:40:43.070, 248170158803, testhost.dll, TestPluginCache.GetExtensionPaths: Added unfilterableExtensionPaths: 
TpTrace Information: 0 : 14796, 4, 2023/12/28, 16:40:43.070, 248170161666, testhost.dll, AssemblyResolver.AddSearchDirectories: Adding more searchDirectories D:\GeekBrains\My Git\NetworkApplicationCSharp\06_Lesson\ConsoleApp06STest\bin\Debug\net7.0\fine-code-coverage\build-output
TpTrace Verbose: 0 : 14796, 4, 2023/12/28, 16:40:43.070, 248170162887, testhost.dll, TestPluginCache.DiscoverTestExtensions: Discovering the extensions using extension path.
TpTrace Verbose: 0 : 14796, 4, 2023/12/28, 16:40:43.071, 248170164001, testhost.dll, TestPluginCache.GetExtensionPaths: Filtered extension paths: 
TpTrace Verbose: 0 : 14796, 4, 2023/12/28, 16:40:43.071, 248170164947, testhost.dll, TestPluginCache.GetExtensionPaths: Added default extension paths: D:\GeekBrains\My Git\NetworkApplicationCSharp\06_Lesson\ConsoleApp06STest\bin\Debug\net7.0\fine-code-coverage\build-output\NUnit3.TestAdapter.dll
TpTrace Verbose: 0 : 14796, 4, 2023/12/28, 16:40:43.071, 248170165883, testhost.dll, TestPluginCache.GetExtensionPaths: Added unfilterableExtensionPaths: 
TpTrace Verbose: 0 : 14796, 4, 2023/12/28, 16:40:43.071, 248170166841, testhost.dll, TestPluginCache.DiscoverTestExtensions: Discovering the extensions using allExtensionPaths: D:\GeekBrains\My Git\NetworkApplicationCSharp\06_Lesson\ConsoleApp06STest\bin\Debug\net7.0\fine-code-coverage\build-output\NUnit3.TestAdapter.dll
TpTrace Information: 0 : 14796, 4, 2023/12/28, 16:40:43.071, 248170168042, testhost.dll, AssemblyResolver.AddSearchDirectories: Adding more searchDirectories D:\GeekBrains\My Git\NetworkApplicationCSharp\06_Lesson\ConsoleApp06STest\bin\Debug\net7.0\fine-code-coverage\build-output
TpTrace Verbose: 0 : 14796, 4, 2023/12/28, 16:40:43.071, 248170169486, testhost.dll, MetadataReaderExtensionsHelper: Discovering extensions inside assembly 'NUnit3.TestAdapter, Version=4.4.0.0, Culture=neutral, PublicKeyToken=4cb40d35494691ac' file path 'D:\GeekBrains\My Git\NetworkApplicationCSharp\06_Lesson\ConsoleApp06STest\bin\Debug\net7.0\fine-code-coverage\build-output\NUnit3.TestAdapter.dll'
TpTrace Verbose: 0 : 14796, 4, 2023/12/28, 16:40:43.072, 248170180831, testhost.dll, TestPluginCache: Discovered the extensions using extension path ''.
TpTrace Verbose: 0 : 14796, 4, 2023/12/28, 16:40:43.072, 248170182018, testhost.dll, TestPluginCache: Discoverers are ''.
TpTrace Verbose: 0 : 14796, 4, 2023/12/28, 16:40:43.072, 248170183110, testhost.dll, TestPluginCache: Executors are 'executor://NUnit3TestExecutor'.
TpTrace Verbose: 0 : 14796, 4, 2023/12/28, 16:40:43.073, 248170185448, testhost.dll, TestPluginCache: Executors2 are ''.
TpTrace Verbose: 0 : 14796, 4, 2023/12/28, 16:40:43.073, 248170186533, testhost.dll, TestPluginCache: Setting providers are ''.
TpTrace Verbose: 0 : 14796, 4, 2023/12/28, 16:40:43.073, 248170187524, testhost.dll, TestPluginCache: Loggers are ''.
TpTrace Verbose: 0 : 14796, 4, 2023/12/28, 16:40:43.073, 248170188499, testhost.dll, TestPluginCache: TestHosts are ''.
TpTrace Verbose: 0 : 14796, 4, 2023/12/28, 16:40:43.073, 248170189563, testhost.dll, TestPluginCache: DataCollectors are ''.
TpTrace Information: 0 : 14796, 4, 2023/12/28, 16:40:43.078, 248170241065, testhost.dll, TestPluginManager.CreateTestExtension: Attempting to load test extension: NUnit.VisualStudio.TestAdapter.NUnit3TestExecutor
TpTrace Verbose: 0 : 14796, 4, 2023/12/28, 16:40:43.080, 248170253743, testhost.dll, TestExecutorExtensionManager: Loading executor Microsoft.VisualStudio.TestPlatform.Common.ExtensionDecorators.SerialTestRunDecorator
TpTrace Verbose: 0 : 14796, 4, 2023/12/28, 16:40:43.080, 248170255521, testhost.dll, TestExecutorService: Loaded the executors
TpTrace Verbose: 0 : 14796, 4, 2023/12/28, 16:40:43.081, 248170264019, testhost.dll, TestPluginCache.DiscoverTestExtensions: finding test extensions in assemblies ends with: TestAdapter.dll TPluginInfo: Microsoft.VisualStudio.TestPlatform.Common.ExtensionFramework.Utilities.TestSettingsProviderPluginInformation TExtension: Microsoft.VisualStudio.TestPlatform.ObjectModel.Adapter.ISettingsProvider
TpTrace Verbose: 0 : 14796, 4, 2023/12/28, 16:40:43.081, 248170266334, testhost.dll, TestPluginCache.GetExtensionPaths: Filtered extension paths: 
TpTrace Verbose: 0 : 14796, 4, 2023/12/28, 16:40:43.081, 248170267428, testhost.dll, TestPluginCache.GetExtensionPaths: Added default extension paths: D:\GeekBrains\My Git\NetworkApplicationCSharp\06_Lesson\ConsoleApp06STest\bin\Debug\net7.0\fine-code-coverage\build-output\NUnit3.TestAdapter.dll
TpTrace Verbose: 0 : 14796, 4, 2023/12/28, 16:40:43.081, 248170268480, testhost.dll, TestPluginCache.GetExtensionPaths: Added unfilterableExtensionPaths: 
TpTrace Information: 0 : 14796, 4, 2023/12/28, 16:40:43.081, 248170270758, testhost.dll, AssemblyResolver.AddSearchDirectories: Adding more searchDirectories D:\GeekBrains\My Git\NetworkApplicationCSharp\06_Lesson\ConsoleApp06STest\bin\Debug\net7.0\fine-code-coverage\build-output
TpTrace Verbose: 0 : 14796, 4, 2023/12/28, 16:40:43.081, 248170271910, testhost.dll, TestPluginCache.DiscoverTestExtensions: Discovering the extensions using extension path.
TpTrace Verbose: 0 : 14796, 4, 2023/12/28, 16:40:43.081, 248170273014, testhost.dll, TestPluginCache.GetExtensionPaths: Filtered extension paths: 
TpTrace Verbose: 0 : 14796, 4, 2023/12/28, 16:40:43.082, 248170274028, testhost.dll, TestPluginCache.GetExtensionPaths: Added default extension paths: D:\GeekBrains\My Git\NetworkApplicationCSharp\06_Lesson\ConsoleApp06STest\bin\Debug\net7.0\fine-code-coverage\build-output\NUnit3.TestAdapter.dll
TpTrace Verbose: 0 : 14796, 4, 2023/12/28, 16:40:43.082, 248170275200, testhost.dll, TestPluginCache.GetExtensionPaths: Added unfilterableExtensionPaths: 
TpTrace Verbose: 0 : 14796, 4, 2023/12/28, 16:40:43.082, 248170276308, testhost.dll, TestPluginCache.DiscoverTestExtensions: Discovering the extensions using allExtensionPaths: D:\GeekBrains\My Git\NetworkApplicationCSharp\06_Lesson\ConsoleApp06STest\bin\Debug\net7.0\fine-code-coverage\build-output\NUnit3.TestAdapter.dll
TpTrace Information: 0 : 14796, 4, 2023/12/28, 16:40:43.082, 248170277525, testhost.dll, AssemblyResolver.AddSearchDirectories: Adding more searchDirectories D:\GeekBrains\My Git\NetworkApplicationCSharp\06_Lesson\ConsoleApp06STest\bin\Debug\net7.0\fine-code-coverage\build-output
TpTrace Verbose: 0 : 14796, 4, 2023/12/28, 16:40:43.082, 248170279108, testhost.dll, MetadataReaderExtensionsHelper: Discovering extensions inside assembly 'NUnit3.TestAdapter, Version=4.4.0.0, Culture=neutral, PublicKeyToken=4cb40d35494691ac' file path 'D:\GeekBrains\My Git\NetworkApplicationCSharp\06_Lesson\ConsoleApp06STest\bin\Debug\net7.0\fine-code-coverage\build-output\NUnit3.TestAdapter.dll'
TpTrace Verbose: 0 : 14796, 4, 2023/12/28, 16:40:43.083, 248170288288, testhost.dll, TestPluginCache: Discovered the extensions using extension path ''.
TpTrace Verbose: 0 : 14796, 4, 2023/12/28, 16:40:43.083, 248170289648, testhost.dll, TestPluginCache: Discoverers are ''.
TpTrace Verbose: 0 : 14796, 4, 2023/12/28, 16:40:43.083, 248170290680, testhost.dll, TestPluginCache: Executors are 'executor://NUnit3TestExecutor'.
TpTrace Verbose: 0 : 14796, 4, 2023/12/28, 16:40:43.083, 248170291688, testhost.dll, TestPluginCache: Executors2 are ''.
TpTrace Verbose: 0 : 14796, 4, 2023/12/28, 16:40:43.083, 248170293059, testhost.dll, TestPluginCache: Setting providers are ''.
TpTrace Verbose: 0 : 14796, 4, 2023/12/28, 16:40:43.084, 248170294220, testhost.dll, TestPluginCache: Loggers are ''.
TpTrace Verbose: 0 : 14796, 4, 2023/12/28, 16:40:43.084, 248170295228, testhost.dll, TestPluginCache: TestHosts are ''.
TpTrace Verbose: 0 : 14796, 4, 2023/12/28, 16:40:43.084, 248170296202, testhost.dll, TestPluginCache: DataCollectors are ''.
TpTrace Verbose: 0 : 14796, 4, 2023/12/28, 16:40:43.085, 248170306055, testhost.dll, TestExecutorService: Loaded the settings providers
TpTrace Information: 0 : 14796, 4, 2023/12/28, 16:40:43.085, 248170307287, testhost.dll, TestExecutorService: Loaded the extensions
TpTrace Information: 0 : 14796, 4, 2023/12/28, 16:40:43.086, 248170314646, testhost.dll, TestRequestHandler.OnMessageReceived: Running job 'TestExecution.StartWithSources'.
TpTrace Verbose: 0 : 14796, 4, 2023/12/28, 16:40:43.168, 248171138907, testhost.dll, MulticastDelegateUtilities.SafeInvoke: TestCaseEventsHandler.RaiseSessionStart: Invoking callbacks was skipped because there are no subscribers.
TpTrace Information: 0 : 14796, 4, 2023/12/28, 16:40:43.170, 248171162386, testhost.dll, TestDiscoveryManager: Discovering tests from sources D:\GeekBrains\My Git\NetworkApplicationCSharp\06_Lesson\ConsoleApp06STest\bin\Debug\net7.0\fine-code-coverage\build-output\ConsoleApp06STest.dll
TpTrace Verbose: 0 : 14796, 4, 2023/12/28, 16:40:43.173, 248171184006, testhost.dll, TestPluginCache.DiscoverTestExtensions: finding test extensions in assemblies ends with: TestAdapter.dll TPluginInfo: Microsoft.VisualStudio.TestPlatform.Common.ExtensionFramework.Utilities.TestDiscovererPluginInformation TExtension: Microsoft.VisualStudio.TestPlatform.ObjectModel.Adapter.ITestDiscoverer
TpTrace Verbose: 0 : 14796, 4, 2023/12/28, 16:40:43.173, 248171185927, testhost.dll, TestPluginCache.GetExtensionPaths: Filtered extension paths: 
TpTrace Verbose: 0 : 14796, 4, 2023/12/28, 16:40:43.173, 248171187042, testhost.dll, TestPluginCache.GetExtensionPaths: Added default extension paths: D:\GeekBrains\My Git\NetworkApplicationCSharp\06_Lesson\ConsoleApp06STest\bin\Debug\net7.0\fine-code-coverage\build-output\NUnit3.TestAdapter.dll
TpTrace Verbose: 0 : 14796, 4, 2023/12/28, 16:40:43.173, 248171188065, testhost.dll, TestPluginCache.GetExtensionPaths: Added unfilterableExtensionPaths: 
TpTrace Information: 0 : 14796, 4, 2023/12/28, 16:40:43.173, 248171189916, testhost.dll, AssemblyResolver.AddSearchDirectories: Adding more searchDirectories D:\GeekBrains\My Git\NetworkApplicationCSharp\06_Lesson\ConsoleApp06STest\bin\Debug\net7.0\fine-code-coverage\build-output
TpTrace Verbose: 0 : 14796, 4, 2023/12/28, 16:40:43.173, 248171191045, testhost.dll, TestPluginCache.DiscoverTestExtensions: Discovering the extensions using extension path.
TpTrace Verbose: 0 : 14796, 4, 2023/12/28, 16:40:43.173, 248171192079, testhost.dll, TestPluginCache.GetExtensionPaths: Filtered extension paths: 
TpTrace Verbose: 0 : 14796, 4, 2023/12/28, 16:40:43.173, 248171193178, testhost.dll, TestPluginCache.GetExtensionPaths: Added default extension paths: D:\GeekBrains\My Git\NetworkApplicationCSharp\06_Lesson\ConsoleApp06STest\bin\Debug\net7.0\fine-code-coverage\build-output\NUnit3.TestAdapter.dll
TpTrace Verbose: 0 : 14796, 4, 2023/12/28, 16:40:43.174, 248171194195, testhost.dll, TestPluginCache.GetExtensionPaths: Added unfilterableExtensionPaths: 
TpTrace Verbose: 0 : 14796, 4, 2023/12/28, 16:40:43.174, 248171195258, testhost.dll, TestPluginCache.DiscoverTestExtensions: Discovering the extensions using allExtensionPaths: D:\GeekBrains\My Git\NetworkApplicationCSharp\06_Lesson\ConsoleApp06STest\bin\Debug\net7.0\fine-code-coverage\build-output\NUnit3.TestAdapter.dll
TpTrace Information: 0 : 14796, 4, 2023/12/28, 16:40:43.174, 248171196443, testhost.dll, AssemblyResolver.AddSearchDirectories: Adding more searchDirectories D:\GeekBrains\My Git\NetworkApplicationCSharp\06_Lesson\ConsoleApp06STest\bin\Debug\net7.0\fine-code-coverage\build-output
TpTrace Verbose: 0 : 14796, 4, 2023/12/28, 16:40:43.174, 248171198216, testhost.dll, MetadataReaderExtensionsHelper: Discovering extensions inside assembly 'NUnit3.TestAdapter, Version=4.4.0.0, Culture=neutral, PublicKeyToken=4cb40d35494691ac' file path 'D:\GeekBrains\My Git\NetworkApplicationCSharp\06_Lesson\ConsoleApp06STest\bin\Debug\net7.0\fine-code-coverage\build-output\NUnit3.TestAdapter.dll'
TpTrace Information: 0 : 14796, 4, 2023/12/28, 16:40:43.178, 248171237134, testhost.dll, GetTestExtensionFromType: Register extension with identifier data 'NUnit.VisualStudio.TestAdapter.NUnit3TestDiscoverer, NUnit3.TestAdapter, Version=4.4.0.0, Culture=neutral, PublicKeyToken=4cb40d35494691ac' and type 'NUnit.VisualStudio.TestAdapter.NUnit3TestDiscoverer, NUnit3.TestAdapter, Version=4.4.0.0, Culture=neutral, PublicKeyToken=4cb40d35494691ac' inside file 'D:\GeekBrains\My Git\NetworkApplicationCSharp\06_Lesson\ConsoleApp06STest\bin\Debug\net7.0\fine-code-coverage\build-output\NUnit3.TestAdapter.dll'
TpTrace Verbose: 0 : 14796, 4, 2023/12/28, 16:40:43.178, 248171240786, testhost.dll, TestPluginCache: Discovered the extensions using extension path ''.
TpTrace Verbose: 0 : 14796, 4, 2023/12/28, 16:40:43.178, 248171242098, testhost.dll, TestPluginCache: Discoverers are 'NUnit.VisualStudio.TestAdapter.NUnit3TestDiscoverer, NUnit3.TestAdapter, Version=4.4.0.0, Culture=neutral, PublicKeyToken=4cb40d35494691ac'.
TpTrace Verbose: 0 : 14796, 4, 2023/12/28, 16:40:43.178, 248171243201, testhost.dll, TestPluginCache: Executors are 'executor://NUnit3TestExecutor'.
TpTrace Verbose: 0 : 14796, 4, 2023/12/28, 16:40:43.179, 248171244218, testhost.dll, TestPluginCache: Executors2 are ''.
TpTrace Verbose: 0 : 14796, 4, 2023/12/28, 16:40:43.179, 248171245238, testhost.dll, TestPluginCache: Setting providers are ''.
TpTrace Verbose: 0 : 14796, 4, 2023/12/28, 16:40:43.179, 248171246221, testhost.dll, TestPluginCache: Loggers are ''.
TpTrace Verbose: 0 : 14796, 4, 2023/12/28, 16:40:43.179, 248171247186, testhost.dll, TestPluginCache: TestHosts are ''.
TpTrace Verbose: 0 : 14796, 4, 2023/12/28, 16:40:43.179, 248171248181, testhost.dll, TestPluginCache: DataCollectors are ''.
TpTrace Information: 0 : 14796, 4, 2023/12/28, 16:40:43.184, 248171295553, testhost.dll, PEReaderHelper.GetAssemblyType: Determined assemblyType:'Managed' for source: 'D:\GeekBrains\My Git\NetworkApplicationCSharp\06_Lesson\ConsoleApp06STest\bin\Debug\net7.0\fine-code-coverage\build-output\ConsoleApp06STest.dll'
TpTrace Verbose: 0 : 14796, 4, 2023/12/28, 16:40:43.189, 248171352646, testhost.dll, BaseRunTests.RunTestInternalWithExecutors: Running tests for executor://NUnit3TestExecutor
TpTrace Information: 0 : 14796, 4, 2023/12/28, 16:40:43.198, 248171436192, testhost.dll, AssemblyResolver.OnResolve: nunit.engine: Resolving assembly.
TpTrace Information: 0 : 14796, 4, 2023/12/28, 16:40:43.198, 248171439454, testhost.dll, AssemblyResolver.OnResolve: nunit.engine: Searching in: 'D:\GeekBrains\My Git\NetworkApplicationCSharp\06_Lesson\ConsoleApp06STest\bin\Debug\net7.0\fine-code-coverage\build-output'.
TpTrace Information: 0 : 14796, 4, 2023/12/28, 16:40:43.199, 248171445657, testhost.dll, AssemblyResolver.OnResolve: nunit.engine: Loading assembly 'D:\GeekBrains\My Git\NetworkApplicationCSharp\06_Lesson\ConsoleApp06STest\bin\Debug\net7.0\fine-code-coverage\build-output\nunit.engine.dll'.
TpTrace Information: 0 : 14796, 4, 2023/12/28, 16:40:43.199, 248171451657, testhost.dll, AssemblyResolver.OnResolve: Resolved assembly: nunit.engine, from path: D:\GeekBrains\My Git\NetworkApplicationCSharp\06_Lesson\ConsoleApp06STest\bin\Debug\net7.0\fine-code-coverage\build-output\nunit.engine.dll
TpTrace Information: 0 : 14796, 4, 2023/12/28, 16:40:43.200, 248171453762, testhost.dll, AssemblyResolver.OnResolve: nunit.engine.core: Resolving assembly.
TpTrace Information: 0 : 14796, 4, 2023/12/28, 16:40:43.200, 248171455499, testhost.dll, AssemblyResolver.OnResolve: nunit.engine.core: Searching in: 'D:\GeekBrains\My Git\NetworkApplicationCSharp\06_Lesson\ConsoleApp06STest\bin\Debug\net7.0\fine-code-coverage\build-output'.
TpTrace Information: 0 : 14796, 4, 2023/12/28, 16:40:43.200, 248171460884, testhost.dll, AssemblyResolver.OnResolve: nunit.engine.core: Loading assembly 'D:\GeekBrains\My Git\NetworkApplicationCSharp\06_Lesson\ConsoleApp06STest\bin\Debug\net7.0\fine-code-coverage\build-output\nunit.engine.core.dll'.
TpTrace Information: 0 : 14796, 4, 2023/12/28, 16:40:43.201, 248171467336, testhost.dll, AssemblyResolver.OnResolve: Resolved assembly: nunit.engine.core, from path: D:\GeekBrains\My Git\NetworkApplicationCSharp\06_Lesson\ConsoleApp06STest\bin\Debug\net7.0\fine-code-coverage\build-output\nunit.engine.core.dll
TpTrace Information: 0 : 14796, 4, 2023/12/28, 16:40:43.227, 248171726868, testhost.dll, NUnit Adapter 4.4.0.0: Test execution started
TpTrace Verbose: 0 : 14796, 4, 2023/12/28, 16:40:43.227, 248171730147, testhost.dll, TestRequestHandler.SendData: sending data from testhost: {"Version":7,"MessageType":"TestSession.Message","Payload":{"MessageLevel":0,"Message":"NUnit Adapter 4.4.0.0: Test execution started"}}
TpTrace Verbose: 0 : 14796, 4, 2023/12/28, 16:40:43.227, 248171732920, testhost.dll, MulticastDelegateUtilities.SafeInvoke: TestRunMessageLoggerProxy.SendMessage: Invoking callback 1/1 for Microsoft.VisualStudio.TestPlatform.CrossPlatEngine.Execution.RunTestsWithSources., took 0 ms.
TpTrace Information: 0 : 14796, 4, 2023/12/28, 16:40:43.258, 248172041223, testhost.dll, Running all tests in D:\GeekBrains\My Git\NetworkApplicationCSharp\06_Lesson\ConsoleApp06STest\bin\Debug\net7.0\fine-code-coverage\build-output\ConsoleApp06STest.dll
TpTrace Verbose: 0 : 14796, 4, 2023/12/28, 16:40:43.259, 248172044001, testhost.dll, TestRequestHandler.SendData: sending data from testhost: {"Version":7,"MessageType":"TestSession.Message","Payload":{"MessageLevel":0,"Message":"Running all tests in D:\\GeekBrains\\My Git\\NetworkApplicationCSharp\\06_Lesson\\ConsoleApp06STest\\bin\\Debug\\net7.0\\fine-code-coverage\\build-output\\ConsoleApp06STest.dll"}}
TpTrace Verbose: 0 : 14796, 4, 2023/12/28, 16:40:43.259, 248172046305, testhost.dll, MulticastDelegateUtilities.SafeInvoke: TestRunMessageLoggerProxy.SendMessage: Invoking callback 1/1 for Microsoft.VisualStudio.TestPlatform.CrossPlatEngine.Execution.RunTestsWithSources., took 0 ms.
TpTrace Information: 0 : 14796, 4, 2023/12/28, 16:40:43.276, 248172216000, testhost.dll, AssemblyResolver.OnResolve: testcentric.engine.metadata: Resolving assembly.
TpTrace Information: 0 : 14796, 4, 2023/12/28, 16:40:43.276, 248172218382, testhost.dll, AssemblyResolver.OnResolve: testcentric.engine.metadata: Searching in: 'D:\GeekBrains\My Git\NetworkApplicationCSharp\06_Lesson\ConsoleApp06STest\bin\Debug\net7.0\fine-code-coverage\build-output'.
TpTrace Information: 0 : 14796, 4, 2023/12/28, 16:40:43.277, 248172223932, testhost.dll, AssemblyResolver.OnResolve: testcentric.engine.metadata: Loading assembly 'D:\GeekBrains\My Git\NetworkApplicationCSharp\06_Lesson\ConsoleApp06STest\bin\Debug\net7.0\fine-code-coverage\build-output\testcentric.engine.metadata.dll'.
TpTrace Information: 0 : 14796, 4, 2023/12/28, 16:40:43.277, 248172229186, testhost.dll, AssemblyResolver.OnResolve: Resolved assembly: testcentric.engine.metadata, from path: D:\GeekBrains\My Git\NetworkApplicationCSharp\06_Lesson\ConsoleApp06STest\bin\Debug\net7.0\fine-code-coverage\build-output\testcentric.engine.metadata.dll
TpTrace Information: 0 : 14796, 4, 2023/12/28, 16:40:43.447, 248173923541, testhost.dll,    NUnit3TestExecutor discovered 7 of 7 NUnit test cases using Current Discovery mode, Non-Explicit run
TpTrace Verbose: 0 : 14796, 4, 2023/12/28, 16:40:43.447, 248173926962, testhost.dll, TestRequestHandler.SendData: sending data from testhost: {"Version":7,"MessageType":"TestSession.Message","Payload":{"MessageLevel":0,"Message":"   NUnit3TestExecutor discovered 7 of 7 NUnit test cases using Current Discovery mode, Non-Explicit run"}}
TpTrace Verbose: 0 : 14796, 4, 2023/12/28, 16:40:43.447, 248173929960, testhost.dll, MulticastDelegateUtilities.SafeInvoke: TestRunMessageLoggerProxy.SendMessage: Invoking callback 1/1 for Microsoft.VisualStudio.TestPlatform.CrossPlatEngine.Execution.RunTestsWithSources., took 0 ms.
TpTrace Verbose: 0 : 14796, 14, 2023/12/28, 16:40:43.511, 248174573107, testhost.dll, TestExecutionRecorder.RecordStart: Starting test: ConsoleApp06STest.Tests.CorrectRegisterFullNameOfUser1InBDTest.
TpTrace Verbose: 0 : 14796, 14, 2023/12/28, 16:40:43.600, 248175456086, testhost.dll, MulticastDelegateUtilities.SafeInvoke: TestCaseEventsHandler.RaiseTestCaseStart: Invoking callback 1/1 for Microsoft.VisualStudio.TestPlatform.CrossPlatEngine.DataCollection.ProxyOutOfProcDataCollectionManager., took 70 ms.
TpTrace Verbose: 0 : 14796, 9, 2023/12/28, 16:40:44.020, 248179662910, testhost.dll, TcpClientExtensions.MessageLoopAsync: Polling on remoteEndPoint: [::ffff:127.0.0.1]:55937 localEndPoint: [::ffff:127.0.0.1]:55938
TpTrace Information: 0 : 14796, 11, 2023/12/28, 16:40:44.610, 248185556197, testhost.dll, Sending test run statistics
TpTrace Verbose: 0 : 14796, 11, 2023/12/28, 16:40:44.637, 248185828142, testhost.dll, TestRequestHandler.SendData: sending data from testhost: {"Version":7,"MessageType":"TestExecution.StatsChange","Payload":{"NewTestResults":[],"TestRunStatistics":{"ExecutedTests":0,"Stats":{}},"ActiveTests":[{"Id":"b100cd05-c965-44df-7c54-39bffdb8ad83","FullyQualifiedName":"ConsoleApp06STest.Tests.CorrectRegisterFullNameOfUser1InBDTest","DisplayName":"CorrectRegisterFullNameOfUser1InBDTest","ExecutorUri":"executor://NUnit3TestExecutor","Source":"D:\\GeekBrains\\My Git\\NetworkApplicationCSharp\\06_Lesson\\ConsoleApp06STest\\bin\\Debug\\net7.0\\fine-code-coverage\\build-output\\ConsoleApp06STest.dll","CodeFilePath":null,"LineNumber":0,"Properties":[{"Key":{"Id":"NUnit.Seed","Label":"Seed","Category":"","Description":"","Attributes":0,"ValueType":"System.String"},"Value":"482835406"}]}]}}
TpTrace Verbose: 0 : 14796, 11, 2023/12/28, 16:40:44.637, 248185832358, testhost.dll, TestRunCache: OnNewTestResult: Notified the onCacheHit callback.
TpTrace Verbose: 0 : 14796, 9, 2023/12/28, 16:40:45.021, 248189672492, testhost.dll, TcpClientExtensions.MessageLoopAsync: Polling on remoteEndPoint: [::ffff:127.0.0.1]:55937 localEndPoint: [::ffff:127.0.0.1]:55938
TpTrace Warning: 0 : 14796, 14, 2023/12/28, 16:40:45.732, 248196781901, testhost.dll, Сервер ожидает сообщения 
* * * 01/01/01 0:00:00 от Вася
Получено сообщение *  *  * * *
Message Reister, name =  Вася
* * * 01/01/01 0:00:00 от Юля
Получено сообщение *  *  * * *
Message Reister, name =  Юля
* * * 01/01/01 0:00:00 от Юля
Получено сообщение * Привет, Василий *  * * *
Message Relied, from =  Юля to  Вася 
* * * 01/01/01 0:00:00 от Вася
Получено сообщение * Привет, Юлька!!! *  * * *
Message Relied, from =  Вася to  Юля 
System.NullReferenceException: Object reference not set to an instance of an object.
   at ConsoleApp06S.Services.Server.Start() in D:\GeekBrains\My Git\NetworkApplicationCSharp\06_Lesson\ConsoleApp06S\Services\Server.cs:line 102

TpTrace Verbose: 0 : 14796, 14, 2023/12/28, 16:40:45.733, 248196785482, testhost.dll, TestRequestHandler.SendData: sending data from testhost: {"Version":7,"MessageType":"TestSession.Message","Payload":{"MessageLevel":1,"Message":"Сервер ожидает сообщения \r\n* * * 01/01/01 0:00:00 от Вася\r\nПолучено сообщение *  *  * * *\r\nMessage Reister, name =  Вася\r\n* * * 01/01/01 0:00:00 от Юля\r\nПолучено сообщение *  *  * * *\r\nMessage Reister, name =  Юля\r\n* * * 01/01/01 0:00:00 от Юля\r\nПолучено сообщение * Привет, Василий *  * * *\r\nMessage Relied, from =  Юля to  Вася \r\n* * * 01/01/01 0:00:00 от Вася\r\nПолучено сообщение * Привет, Юлька!!! *  * * *\r\nMessage Relied, from =  Вася to  Юля \r\nSystem.NullReferenceException: Object reference not set to an instance of an object.\r\n   at ConsoleApp06S.Services.Server.Start() in D:\\GeekBrains\\My Git\\NetworkApplicationCSharp\\06_Lesson\\ConsoleApp06S\\Services\\Server.cs:line 102\r\n"}}
TpTrace Verbose: 0 : 14796, 14, 2023/12/28, 16:40:45.733, 248196787746, testhost.dll, MulticastDelegateUtilities.SafeInvoke: TestRunMessageLoggerProxy.SendMessage: Invoking callback 1/1 for Microsoft.VisualStudio.TestPlatform.CrossPlatEngine.Execution.RunTestsWithSources., took 0 ms.
TpTrace Verbose: 0 : 14796, 14, 2023/12/28, 16:40:45.734, 248196795143, testhost.dll, TestExecutionRecorder.RecordEnd: test: ConsoleApp06STest.Tests.CorrectRegisterFullNameOfUser1InBDTest execution completed.
TpTrace Warning: 0 : 14796, 14, 2023/12/28, 16:40:45.735, 248196804696, testhost.dll, TestRunCache: InProgressTests is null
TpTrace Verbose: 0 : 14796, 14, 2023/12/28, 16:40:45.758, 248197034196, testhost.dll, MulticastDelegateUtilities.SafeInvoke: TestCaseEventsHandler.RaiseTestCaseEnd: Invoking callback 1/1 for Microsoft.VisualStudio.TestPlatform.CrossPlatEngine.DataCollection.ProxyOutOfProcDataCollectionManager., took 21 ms.
TpTrace Verbose: 0 : 14796, 14, 2023/12/28, 16:40:45.759, 248197045839, testhost.dll, TestExecutionRecorder.RecordResult: Received result for test: ConsoleApp06STest.Tests.CorrectRegisterFullNameOfUser1InBDTest.
TpTrace Verbose: 0 : 14796, 14, 2023/12/28, 16:40:45.760, 248197059674, testhost.dll, MulticastDelegateUtilities.SafeInvoke: TestCaseEventsHandler.RaiseTestCaseEnd: Invoking callback 1/1 for Microsoft.VisualStudio.TestPlatform.CrossPlatEngine.DataCollection.ProxyOutOfProcDataCollectionManager., took 0 ms.
TpTrace Warning: 0 : 14796, 14, 2023/12/28, 16:40:45.768, 248197134179, testhost.dll, TestRunCache: InProgressTests is null
TpTrace Warning: 0 : 14796, 14, 2023/12/28, 16:40:45.768, 248197139298, testhost.dll, TestRunCache: No test found corresponding to testResult 'CorrectRegisterFullNameOfUser1InBDTest' in inProgress list.
TpTrace Verbose: 0 : 14796, 14, 2023/12/28, 16:40:45.769, 248197145423, testhost.dll, TestExecutionRecorder.RecordStart: Starting test: ConsoleApp06STest.Tests.CorrectRegisterFullNameOfUser2InBDTest.
TpTrace Verbose: 0 : 14796, 14, 2023/12/28, 16:40:45.771, 248197173361, testhost.dll, MulticastDelegateUtilities.SafeInvoke: TestCaseEventsHandler.RaiseTestCaseStart: Invoking callback 1/1 for Microsoft.VisualStudio.TestPlatform.CrossPlatEngine.DataCollection.ProxyOutOfProcDataCollectionManager., took 2 ms.
TpTrace Warning: 0 : 14796, 14, 2023/12/28, 16:40:45.773, 248197187598, testhost.dll, Сервер ожидает сообщения 
* * * 01/01/01 0:00:00 от Вася
Получено сообщение *  *  * * *
Message Reister, name =  Вася
* * * 01/01/01 0:00:00 от Юля
Получено сообщение *  *  * * *
Message Reister, name =  Юля
* * * 01/01/01 0:00:00 от Юля
Получено сообщение * Привет, Василий *  * * *
Message Relied, from =  Юля to  Вася 
* * * 01/01/01 0:00:00 от Вася
Получено сообщение * Привет, Юлька!!! *  * * *
Message Relied, from =  Вася to  Юля 
System.NullReferenceException: Object reference not set to an instance of an object.
   at ConsoleApp06S.Services.Server.Start() in D:\GeekBrains\My Git\NetworkApplicationCSharp\06_Lesson\ConsoleApp06S\Services\Server.cs:line 102

TpTrace Verbose: 0 : 14796, 14, 2023/12/28, 16:40:45.773, 248197190624, testhost.dll, TestRequestHandler.SendData: sending data from testhost: {"Version":7,"MessageType":"TestSession.Message","Payload":{"MessageLevel":1,"Message":"Сервер ожидает сообщения \r\n* * * 01/01/01 0:00:00 от Вася\r\nПолучено сообщение *  *  * * *\r\nMessage Reister, name =  Вася\r\n* * * 01/01/01 0:00:00 от Юля\r\nПолучено сообщение *  *  * * *\r\nMessage Reister, name =  Юля\r\n* * * 01/01/01 0:00:00 от Юля\r\nПолучено сообщение * Привет, Василий *  * * *\r\nMessage Relied, from =  Юля to  Вася \r\n* * * 01/01/01 0:00:00 от Вася\r\nПолучено сообщение * Привет, Юлька!!! *  * * *\r\nMessage Relied, from =  Вася to  Юля \r\nSystem.NullReferenceException: Object reference not set to an instance of an object.\r\n   at ConsoleApp06S.Services.Server.Start() in D:\\GeekBrains\\My Git\\NetworkApplicationCSharp\\06_Lesson\\ConsoleApp06S\\Services\\Server.cs:line 102\r\n"}}
TpTrace Verbose: 0 : 14796, 14, 2023/12/28, 16:40:45.773, 248197192842, testhost.dll, MulticastDelegateUtilities.SafeInvoke: TestRunMessageLoggerProxy.SendMessage: Invoking callback 1/1 for Microsoft.VisualStudio.TestPlatform.CrossPlatEngine.Execution.RunTestsWithSources., took 0 ms.
TpTrace Verbose: 0 : 14796, 14, 2023/12/28, 16:40:45.774, 248197194998, testhost.dll, TestExecutionRecorder.RecordEnd: test: ConsoleApp06STest.Tests.CorrectRegisterFullNameOfUser2InBDTest execution completed.
TpTrace Verbose: 0 : 14796, 14, 2023/12/28, 16:40:45.777, 248197232236, testhost.dll, MulticastDelegateUtilities.SafeInvoke: TestCaseEventsHandler.RaiseTestCaseEnd: Invoking callback 1/1 for Microsoft.VisualStudio.TestPlatform.CrossPlatEngine.DataCollection.ProxyOutOfProcDataCollectionManager., took 3 ms.
TpTrace Verbose: 0 : 14796, 14, 2023/12/28, 16:40:45.778, 248197235689, testhost.dll, TestExecutionRecorder.RecordResult: Received result for test: ConsoleApp06STest.Tests.CorrectRegisterFullNameOfUser2InBDTest.
TpTrace Verbose: 0 : 14796, 14, 2023/12/28, 16:40:45.778, 248197240265, testhost.dll, MulticastDelegateUtilities.SafeInvoke: TestCaseEventsHandler.RaiseTestCaseEnd: Invoking callback 1/1 for Microsoft.VisualStudio.TestPlatform.CrossPlatEngine.DataCollection.ProxyOutOfProcDataCollectionManager., took 0 ms.
TpTrace Warning: 0 : 14796, 14, 2023/12/28, 16:40:45.779, 248197247885, testhost.dll, TestRunCache: InProgressTests is null
TpTrace Warning: 0 : 14796, 14, 2023/12/28, 16:40:45.779, 248197249204, testhost.dll, TestRunCache: No test found corresponding to testResult 'CorrectRegisterFullNameOfUser2InBDTest' in inProgress list.
TpTrace Verbose: 0 : 14796, 14, 2023/12/28, 16:40:45.779, 248197252158, testhost.dll, TestExecutionRecorder.RecordStart: Starting test: ConsoleApp06STest.Tests.CorrectTextOfMessageFromUser1ToUser2InBDTest.
TpTrace Verbose: 0 : 14796, 14, 2023/12/28, 16:40:45.782, 248197275046, testhost.dll, MulticastDelegateUtilities.SafeInvoke: TestCaseEventsHandler.RaiseTestCaseStart: Invoking callback 1/1 for Microsoft.VisualStudio.TestPlatform.CrossPlatEngine.DataCollection.ProxyOutOfProcDataCollectionManager., took 2 ms.
TpTrace Warning: 0 : 14796, 14, 2023/12/28, 16:40:45.978, 248199238779, testhost.dll, Сервер ожидает сообщения 
* * * 01/01/01 0:00:00 от Вася
Получено сообщение *  *  * * *
Message Reister, name =  Вася
* * * 01/01/01 0:00:00 от Юля
Получено сообщение *  *  * * *
Message Reister, name =  Юля
* * * 01/01/01 0:00:00 от Юля
Получено сообщение * Привет, Василий *  * * *
Message Relied, from =  Юля to  Вася 
* * * 01/01/01 0:00:00 от Вася
Получено сообщение * Привет, Юлька!!! *  * * *
Message Relied, from =  Вася to  Юля 
System.NullReferenceException: Object reference not set to an instance of an object.
   at ConsoleApp06S.Services.Server.Start() in D:\GeekBrains\My Git\NetworkApplicationCSharp\06_Lesson\ConsoleApp06S\Services\Server.cs:line 102

TpTrace Verbose: 0 : 14796, 14, 2023/12/28, 16:40:45.978, 248199243051, testhost.dll, TestRequestHandler.SendData: sending data from testhost: {"Version":7,"MessageType":"TestSession.Message","Payload":{"MessageLevel":1,"Message":"Сервер ожидает сообщения \r\n* * * 01/01/01 0:00:00 от Вася\r\nПолучено сообщение *  *  * * *\r\nMessage Reister, name =  Вася\r\n* * * 01/01/01 0:00:00 от Юля\r\nПолучено сообщение *  *  * * *\r\nMessage Reister, name =  Юля\r\n* * * 01/01/01 0:00:00 от Юля\r\nПолучено сообщение * Привет, Василий *  * * *\r\nMessage Relied, from =  Юля to  Вася \r\n* * * 01/01/01 0:00:00 от Вася\r\nПолучено сообщение * Привет, Юлька!!! *  * * *\r\nMessage Relied, from =  Вася to  Юля \r\nSystem.NullReferenceException: Object reference not set to an instance of an object.\r\n   at ConsoleApp06S.Services.Server.Start() in D:\\GeekBrains\\My Git\\NetworkApplicationCSharp\\06_Lesson\\ConsoleApp06S\\Services\\Server.cs:line 102\r\n"}}
TpTrace Verbose: 0 : 14796, 14, 2023/12/28, 16:40:45.979, 248199246380, testhost.dll, MulticastDelegateUtilities.SafeInvoke: TestRunMessageLoggerProxy.SendMessage: Invoking callback 1/1 for Microsoft.VisualStudio.TestPlatform.CrossPlatEngine.Execution.RunTestsWithSources., took 0 ms.
TpTrace Verbose: 0 : 14796, 14, 2023/12/28, 16:40:45.979, 248199248212, testhost.dll, TestExecutionRecorder.RecordEnd: test: ConsoleApp06STest.Tests.CorrectTextOfMessageFromUser1ToUser2InBDTest execution completed.
TpTrace Verbose: 0 : 14796, 14, 2023/12/28, 16:40:45.981, 248199272339, testhost.dll, MulticastDelegateUtilities.SafeInvoke: TestCaseEventsHandler.RaiseTestCaseEnd: Invoking callback 1/1 for Microsoft.VisualStudio.TestPlatform.CrossPlatEngine.DataCollection.ProxyOutOfProcDataCollectionManager., took 2 ms.
TpTrace Verbose: 0 : 14796, 14, 2023/12/28, 16:40:45.982, 248199274436, testhost.dll, TestExecutionRecorder.RecordResult: Received result for test: ConsoleApp06STest.Tests.CorrectTextOfMessageFromUser1ToUser2InBDTest.
TpTrace Verbose: 0 : 14796, 14, 2023/12/28, 16:40:45.982, 248199276470, testhost.dll, MulticastDelegateUtilities.SafeInvoke: TestCaseEventsHandler.RaiseTestCaseEnd: Invoking callback 1/1 for Microsoft.VisualStudio.TestPlatform.CrossPlatEngine.DataCollection.ProxyOutOfProcDataCollectionManager., took 0 ms.
TpTrace Warning: 0 : 14796, 14, 2023/12/28, 16:40:45.982, 248199278250, testhost.dll, TestRunCache: InProgressTests is null
TpTrace Warning: 0 : 14796, 14, 2023/12/28, 16:40:45.982, 248199279804, testhost.dll, TestRunCache: No test found corresponding to testResult 'CorrectTextOfMessageFromUser1ToUser2InBDTest' in inProgress list.
TpTrace Verbose: 0 : 14796, 14, 2023/12/28, 16:40:45.983, 248199288585, testhost.dll, TestExecutionRecorder.RecordStart: Starting test: ConsoleApp06STest.Tests.CorrectTextOfMessageFromUser2ToUser1InBDTest.
TpTrace Verbose: 0 : 14796, 14, 2023/12/28, 16:40:45.986, 248199314265, testhost.dll, MulticastDelegateUtilities.SafeInvoke: TestCaseEventsHandler.RaiseTestCaseStart: Invoking callback 1/1 for Microsoft.VisualStudio.TestPlatform.CrossPlatEngine.DataCollection.ProxyOutOfProcDataCollectionManager., took 2 ms.
TpTrace Verbose: 0 : 14796, 9, 2023/12/28, 16:40:46.022, 248199681568, testhost.dll, TcpClientExtensions.MessageLoopAsync: Polling on remoteEndPoint: [::ffff:127.0.0.1]:55937 localEndPoint: [::ffff:127.0.0.1]:55938
TpTrace Warning: 0 : 14796, 14, 2023/12/28, 16:40:46.058, 248200041977, testhost.dll, Сервер ожидает сообщения 
* * * 01/01/01 0:00:00 от Вася
Получено сообщение *  *  * * *
Message Reister, name =  Вася
* * * 01/01/01 0:00:00 от Юля
Получено сообщение *  *  * * *
Message Reister, name =  Юля
* * * 01/01/01 0:00:00 от Юля
Получено сообщение * Привет, Василий *  * * *
Message Relied, from =  Юля to  Вася 
* * * 01/01/01 0:00:00 от Вася
Получено сообщение * Привет, Юлька!!! *  * * *
Message Relied, from =  Вася to  Юля 
System.NullReferenceException: Object reference not set to an instance of an object.
   at ConsoleApp06S.Services.Server.Start() in D:\GeekBrains\My Git\NetworkApplicationCSharp\06_Lesson\ConsoleApp06S\Services\Server.cs:line 102

TpTrace Verbose: 0 : 14796, 14, 2023/12/28, 16:40:46.059, 248200045831, testhost.dll, TestRequestHandler.SendData: sending data from testhost: {"Version":7,"MessageType":"TestSession.Message","Payload":{"MessageLevel":1,"Message":"Сервер ожидает сообщения \r\n* * * 01/01/01 0:00:00 от Вася\r\nПолучено сообщение *  *  * * *\r\nMessage Reister, name =  Вася\r\n* * * 01/01/01 0:00:00 от Юля\r\nПолучено сообщение *  *  * * *\r\nMessage Reister, name =  Юля\r\n* * * 01/01/01 0:00:00 от Юля\r\nПолучено сообщение * Привет, Василий *  * * *\r\nMessage Relied, from =  Юля to  Вася \r\n* * * 01/01/01 0:00:00 от Вася\r\nПолучено сообщение * Привет, Юлька!!! *  * * *\r\nMessage Relied, from =  Вася to  Юля \r\nSystem.NullReferenceException: Object reference not set to an instance of an object.\r\n   at ConsoleApp06S.Services.Server.Start() in D:\\GeekBrains\\My Git\\NetworkApplicationCSharp\\06_Lesson\\ConsoleApp06S\\Services\\Server.cs:line 102\r\n"}}
TpTrace Verbose: 0 : 14796, 14, 2023/12/28, 16:40:46.059, 248200049003, testhost.dll, MulticastDelegateUtilities.SafeInvoke: TestRunMessageLoggerProxy.SendMessage: Invoking callback 1/1 for Microsoft.VisualStudio.TestPlatform.CrossPlatEngine.Execution.RunTestsWithSources., took 0 ms.
TpTrace Verbose: 0 : 14796, 14, 2023/12/28, 16:40:46.059, 248200050840, testhost.dll, TestExecutionRecorder.RecordEnd: test: ConsoleApp06STest.Tests.CorrectTextOfMessageFromUser2ToUser1InBDTest execution completed.
TpTrace Verbose: 0 : 14796, 14, 2023/12/28, 16:40:46.061, 248200072765, testhost.dll, MulticastDelegateUtilities.SafeInvoke: TestCaseEventsHandler.RaiseTestCaseEnd: Invoking callback 1/1 for Microsoft.VisualStudio.TestPlatform.CrossPlatEngine.DataCollection.ProxyOutOfProcDataCollectionManager., took 1 ms.
TpTrace Verbose: 0 : 14796, 14, 2023/12/28, 16:40:46.062, 248200074872, testhost.dll, TestExecutionRecorder.RecordResult: Received result for test: ConsoleApp06STest.Tests.CorrectTextOfMessageFromUser2ToUser1InBDTest.
TpTrace Verbose: 0 : 14796, 14, 2023/12/28, 16:40:46.062, 248200076724, testhost.dll, MulticastDelegateUtilities.SafeInvoke: TestCaseEventsHandler.RaiseTestCaseEnd: Invoking callback 1/1 for Microsoft.VisualStudio.TestPlatform.CrossPlatEngine.DataCollection.ProxyOutOfProcDataCollectionManager., took 0 ms.
TpTrace Warning: 0 : 14796, 14, 2023/12/28, 16:40:46.062, 248200078624, testhost.dll, TestRunCache: InProgressTests is null
TpTrace Warning: 0 : 14796, 14, 2023/12/28, 16:40:46.062, 248200080154, testhost.dll, TestRunCache: No test found corresponding to testResult 'CorrectTextOfMessageFromUser2ToUser1InBDTest' in inProgress list.
TpTrace Verbose: 0 : 14796, 14, 2023/12/28, 16:40:46.063, 248200083801, testhost.dll, TestExecutionRecorder.RecordStart: Starting test: ConsoleApp06STest.Tests.Register2UsersInBDTest.
TpTrace Verbose: 0 : 14796, 14, 2023/12/28, 16:40:46.066, 248200114828, testhost.dll, MulticastDelegateUtilities.SafeInvoke: TestCaseEventsHandler.RaiseTestCaseStart: Invoking callback 1/1 for Microsoft.VisualStudio.TestPlatform.CrossPlatEngine.DataCollection.ProxyOutOfProcDataCollectionManager., took 2 ms.
TpTrace Information: 0 : 14796, 7, 2023/12/28, 16:40:46.139, 248200849316, testhost.dll, Sending test run statistics
TpTrace Verbose: 0 : 14796, 7, 2023/12/28, 16:40:46.158, 248201041384, testhost.dll, TestRequestHandler.SendData: sending data from testhost: {"Version":7,"MessageType":"TestExecution.StatsChange","Payload":{"NewTestResults":[{"TestCase":{"Id":"b100cd05-c965-44df-7c54-39bffdb8ad83","FullyQualifiedName":"ConsoleApp06STest.Tests.CorrectRegisterFullNameOfUser1InBDTest","DisplayName":"CorrectRegisterFullNameOfUser1InBDTest","ExecutorUri":"executor://NUnit3TestExecutor","Source":"D:\\GeekBrains\\My Git\\NetworkApplicationCSharp\\06_Lesson\\ConsoleApp06STest\\bin\\Debug\\net7.0\\fine-code-coverage\\build-output\\ConsoleApp06STest.dll","CodeFilePath":null,"LineNumber":0,"Properties":[{"Key":{"Id":"NUnit.Seed","Label":"Seed","Category":"","Description":"","Attributes":0,"ValueType":"System.String"},"Value":"482835406"}]},"Attachments":[],"Outcome":1,"ErrorMessage":null,"ErrorStackTrace":null,"DisplayName":"CorrectRegisterFullNameOfUser1InBDTest","Messages":[{"Category":"StdOutMsgs","Text":"Сервер ожидает сообщения \r\n* * * 01/01/01 0:00:00 от Вася\r\nПолучено сообщение *  *  * * *\r\nMessage Reister, name =  Вася\r\n* * * 01/01/01 0:00:00 от Юля\r\nПолучено сообщение *  *  * * *\r\nMessage Reister, name =  Юля\r\n* * * 01/01/01 0:00:00 от Юля\r\nПолучено сообщение * Привет, Василий *  * * *\r\nMessage Relied, from =  Юля to  Вася \r\n* * * 01/01/01 0:00:00 от Вася\r\nПолучено сообщение * Привет, Юлька!!! *  * * *\r\nMessage Relied, from =  Вася to  Юля \r\nSystem.NullReferenceException: Object reference not set to an instance of an object.\r\n   at ConsoleApp06S.Services.Server.Start() in D:\\GeekBrains\\My Git\\NetworkApplicationCSharp\\06_Lesson\\ConsoleApp06S\\Services\\Server.cs:line 102\r\n"}],"ComputerName":"DESKTOP-IFVARIJ","Duration":"00:00:02.1963240","StartTime":"2023-12-28T13:40:43.5097041+00:00","EndTime":"2023-12-28T13:40:45.7058572+00:00","Properties":[{"Key":{"Id":"NUnit.Seed","Label":"Seed","Category":"","Description":"","Attributes":0,"ValueType":"System.String"},"Value":"482835406"}]},{"TestCase":{"Id":"f973f57d-85fd-b0fa-65e9-4c98a1f00ca8","FullyQualifiedName":"ConsoleApp06STest.Tests.CorrectRegisterFullNameOfUser2InBDTest","DisplayName":"CorrectRegisterFullNameOfUser2InBDTest","ExecutorUri":"executor://NUnit3TestExecutor","Source":"D:\\GeekBrains\\My Git\\NetworkApplicationCSharp\\06_Lesson\\ConsoleApp06STest\\bin\\Debug\\net7.0\\fine-code-coverage\\build-output\\ConsoleApp06STest.dll","CodeFilePath":null,"LineNumber":0,"Properties":[{"Key":{"Id":"NUnit.Seed","Label":"Seed","Category":"","Description":"","Attributes":0,"ValueType":"System.String"},"Value":"168929810"}]},"Attachments":[],"Outcome":1,"ErrorMessage":null,"ErrorStackTrace":null,"DisplayName":"CorrectRegisterFullNameOfUser2InBDTest","Messages":[{"Category":"StdOutMsgs","Text":"Сервер ожидает сообщения \r\n* * * 01/01/01 0:00:00 от Вася\r\nПолучено сообщение *  *  * * *\r\nMessage Reister, name =  Вася\r\n* * * 01/01/01 0:00:00 от Юля\r\nПолучено сообщение *  *  * * *\r\nMessage Reister, name =  Юля\r\n* * * 01/01/01 0:00:00 от Юля\r\nПолучено сообщение * Привет, Василий *  * * *\r\nMessage Relied, from =  Юля to  Вася \r\n* * * 01/01/01 0:00:00 от Вася\r\nПолучено сообщение * Привет, Юлька!!! *  * * *\r\nMessage Relied, from =  Вася to  Юля \r\nSystem.NullReferenceException: Object reference not set to an instance of an object.\r\n   at ConsoleApp06S.Services.Server.Start() in D:\\GeekBrains\\My Git\\NetworkApplicationCSharp\\06_Lesson\\ConsoleApp06S\\Services\\Server.cs:line 102\r\n"}],"ComputerName":"DESKTOP-IFVARIJ","Duration":"00:00:00.0598860","StartTime":"2023-12-28T13:40:45.709552+00:00","EndTime":"2023-12-28T13:40:45.7694386+00:00","Properties":[{"Key":{"Id":"NUnit.Seed","Label":"Seed","Category":"","Description":"","Attributes":0,"ValueType":"System.String"},"Value":"168929810"}]},{"TestCase":{"Id":"60eaf053-0b23-aeee-7caa-dfcae7596f33","FullyQualifiedName":"ConsoleApp06STest.Tests.CorrectTextOfMessageFromUser1ToUser2InBDTest","DisplayName":"CorrectTextOfMessageFromUser1ToUser2InBDTest","ExecutorUri":"executor://NUnit3TestExecutor","Source":"D:\\GeekBrains\\My Git\\NetworkApplicationCSharp\\06_Lesson\\ConsoleApp06STest\\bin\\Debug\\net7.0\\fine-code-coverage\\build-output\\ConsoleApp06STest.dll","CodeFilePath":null,"LineNumber":0,"Properties":[{"Key":{"Id":"NUnit.Seed","Label":"Seed","Category":"","Description":"","Attributes":0,"ValueType":"System.String"},"Value":"13016618"}]},"Attachments":[],"Outcome":1,"ErrorMessage":null,"ErrorStackTrace":null,"DisplayName":"CorrectTextOfMessageFromUser1ToUser2InBDTest","Messages":[{"Category":"StdOutMsgs","Text":"Сервер ожидает сообщения \r\n* * * 01/01/01 0:00:00 от Вася\r\nПолучено сообщение *  *  * * *\r\nMessage Reister, name =  Вася\r\n* * * 01/01/01 0:00:00 от Юля\r\nПолучено сообщение *  *  * * *\r\nMessage Reister, name =  Юля\r\n* * * 01/01/01 0:00:00 от Юля\r\nПолучено сообщение * Привет, Василий *  * * *\r\nMessage Relied, from =  Юля to  Вася \r\n* * * 01/01/01 0:00:00 от Вася\r\nПолучено сообщение * Привет, Юлька!!! *  * * *\r\nMessage Relied, from =  Вася to  Юля \r\nSystem.NullReferenceException: Object reference not set to an instance of an object.\r\n   at ConsoleApp06S.Services.Server.Start() in D:\\GeekBrains\\My Git\\NetworkApplicationCSharp\\06_Lesson\\ConsoleApp06S\\Services\\Server.cs:line 102\r\n"}],"ComputerName":"DESKTOP-IFVARIJ","Duration":"00:00:00.2082010","StartTime":"2023-12-28T13:40:45.7695693+00:00","EndTime":"2023-12-28T13:40:45.9777698+00:00","Properties":[{"Key":{"Id":"NUnit.Seed","Label":"Seed","Category":"","Description":"","Attributes":0,"ValueType":"System.String"},"Value":"13016618"}]},{"TestCase":{"Id":"8181951e-35eb-ddcd-b123-c0aae22b3070","FullyQualifiedName":"ConsoleApp06STest.Tests.CorrectTextOfMessageFromUser2ToUser1InBDTest","DisplayName":"CorrectTextOfMessageFromUser2ToUser1InBDTest","ExecutorUri":"executor://NUnit3TestExecutor","Source":"D:\\GeekBrains\\My Git\\NetworkApplicationCSharp\\06_Lesson\\ConsoleApp06STest\\bin\\Debug\\net7.0\\fine-code-coverage\\build-output\\ConsoleApp06STest.dll","CodeFilePath":null,"LineNumber":0,"Properties":[{"Key":{"Id":"NUnit.Seed","Label":"Seed","Category":"","Description":"","Attributes":0,"ValueType":"System.String"},"Value":"1119762310"}]},"Attachments":[],"Outcome":1,"ErrorMessage":null,"ErrorStackTrace":null,"DisplayName":"CorrectTextOfMessageFromUser2ToUser1InBDTest","Messages":[{"Category":"StdOutMsgs","Text":"Сервер ожидает сообщения \r\n* * * 01/01/01 0:00:00 от Вася\r\nПолучено сообщение *  *  * * *\r\nMessage Reister, name =  Вася\r\n* * * 01/01/01 0:00:00 от Юля\r\nПолучено сообщение *  *  * * *\r\nMessage Reister, name =  Юля\r\n* * * 01/01/01 0:00:00 от Юля\r\nПолучено сообщение * Привет, Василий *  * * *\r\nMessage Relied, from =  Юля to  Вася \r\n* * * 01/01/01 0:00:00 от Вася\r\nПолучено сообщение * Привет, Юлька!!! *  * * *\r\nMessage Relied, from =  Вася to  Юля \r\nSystem.NullReferenceException: Object reference not set to an instance of an object.\r\n   at ConsoleApp06S.Services.Server.Start() in D:\\GeekBrains\\My Git\\NetworkApplicationCSharp\\06_Lesson\\ConsoleApp06S\\Services\\Server.cs:line 102\r\n"}],"ComputerName":"DESKTOP-IFVARIJ","Duration":"00:00:00.0702280","StartTime":"2023-12-28T13:40:45.9880103+00:00","EndTime":"2023-12-28T13:40:46.0582389+00:00","Properties":[{"Key":{"Id":"NUnit.Seed","Label":"Seed","Category":"","Description":"","Attributes":0,"ValueType":"System.String"},"Value":"1119762310"}]}],"TestRunStatistics":{"ExecutedTests":4,"Stats":{"Passed":4}},"ActiveTests":[{"Id":"9c75be89-45f8-0fb7-cf77-4a56ca6231e6","FullyQualifiedName":"ConsoleApp06STest.Tests.Register2UsersInBDTest","DisplayName":"Register2UsersInBDTest","ExecutorUri":"executor://NUnit3TestExecutor","Source":"D:\\GeekBrains\\My Git\\NetworkApplicationCSharp\\06_Lesson\\ConsoleApp06STest\\bin\\Debug\\net7.0\\fine-code-coverage\\build-output\\ConsoleApp06STest.dll","CodeFilePath":null,"LineNumber":0,"Properties":[{"Key":{"Id":"NUnit.Seed","Label":"Seed","Category":"","Description":"","Attributes":0,"ValueType":"System.String"},"Value":"1802941871"}]}]}}
TpTrace Verbose: 0 : 14796, 7, 2023/12/28, 16:40:46.159, 248201048976, testhost.dll, TestRunCache: OnNewTestResult: Notified the onCacheHit callback.
TpTrace Warning: 0 : 14796, 14, 2023/12/28, 16:40:46.185, 248201303839, testhost.dll, Сервер ожидает сообщения 
* * * 01/01/01 0:00:00 от Вася
Получено сообщение *  *  * * *
Message Reister, name =  Вася
* * * 01/01/01 0:00:00 от Юля
Получено сообщение *  *  * * *
Message Reister, name =  Юля
* * * 01/01/01 0:00:00 от Юля
Получено сообщение * Привет, Василий *  * * *
Message Relied, from =  Юля to  Вася 
* * * 01/01/01 0:00:00 от Вася
Получено сообщение * Привет, Юлька!!! *  * * *
Message Relied, from =  Вася to  Юля 
System.NullReferenceException: Object reference not set to an instance of an object.
   at ConsoleApp06S.Services.Server.Start() in D:\GeekBrains\My Git\NetworkApplicationCSharp\06_Lesson\ConsoleApp06S\Services\Server.cs:line 102

TpTrace Verbose: 0 : 14796, 14, 2023/12/28, 16:40:46.185, 248201308205, testhost.dll, TestRequestHandler.SendData: sending data from testhost: {"Version":7,"MessageType":"TestSession.Message","Payload":{"MessageLevel":1,"Message":"Сервер ожидает сообщения \r\n* * * 01/01/01 0:00:00 от Вася\r\nПолучено сообщение *  *  * * *\r\nMessage Reister, name =  Вася\r\n* * * 01/01/01 0:00:00 от Юля\r\nПолучено сообщение *  *  * * *\r\nMessage Reister, name =  Юля\r\n* * * 01/01/01 0:00:00 от Юля\r\nПолучено сообщение * Привет, Василий *  * * *\r\nMessage Relied, from =  Юля to  Вася \r\n* * * 01/01/01 0:00:00 от Вася\r\nПолучено сообщение * Привет, Юлька!!! *  * * *\r\nMessage Relied, from =  Вася to  Юля \r\nSystem.NullReferenceException: Object reference not set to an instance of an object.\r\n   at ConsoleApp06S.Services.Server.Start() in D:\\GeekBrains\\My Git\\NetworkApplicationCSharp\\06_Lesson\\ConsoleApp06S\\Services\\Server.cs:line 102\r\n"}}
TpTrace Verbose: 0 : 14796, 14, 2023/12/28, 16:40:46.185, 248201311441, testhost.dll, MulticastDelegateUtilities.SafeInvoke: TestRunMessageLoggerProxy.SendMessage: Invoking callback 1/1 for Microsoft.VisualStudio.TestPlatform.CrossPlatEngine.Execution.RunTestsWithSources., took 0 ms.
TpTrace Verbose: 0 : 14796, 14, 2023/12/28, 16:40:46.185, 248201313103, testhost.dll, TestExecutionRecorder.RecordEnd: test: ConsoleApp06STest.Tests.Register2UsersInBDTest execution completed.
TpTrace Warning: 0 : 14796, 14, 2023/12/28, 16:40:46.186, 248201314581, testhost.dll, TestRunCache: InProgressTests is null
TpTrace Verbose: 0 : 14796, 14, 2023/12/28, 16:40:46.188, 248201337198, testhost.dll, MulticastDelegateUtilities.SafeInvoke: TestCaseEventsHandler.RaiseTestCaseEnd: Invoking callback 1/1 for Microsoft.VisualStudio.TestPlatform.CrossPlatEngine.DataCollection.ProxyOutOfProcDataCollectionManager., took 2 ms.
TpTrace Verbose: 0 : 14796, 14, 2023/12/28, 16:40:46.188, 248201339366, testhost.dll, TestExecutionRecorder.RecordResult: Received result for test: ConsoleApp06STest.Tests.Register2UsersInBDTest.
TpTrace Verbose: 0 : 14796, 14, 2023/12/28, 16:40:46.188, 248201341419, testhost.dll, MulticastDelegateUtilities.SafeInvoke: TestCaseEventsHandler.RaiseTestCaseEnd: Invoking callback 1/1 for Microsoft.VisualStudio.TestPlatform.CrossPlatEngine.DataCollection.ProxyOutOfProcDataCollectionManager., took 0 ms.
TpTrace Warning: 0 : 14796, 14, 2023/12/28, 16:40:46.188, 248201343117, testhost.dll, TestRunCache: InProgressTests is null
TpTrace Warning: 0 : 14796, 14, 2023/12/28, 16:40:46.189, 248201344677, testhost.dll, TestRunCache: No test found corresponding to testResult 'Register2UsersInBDTest' in inProgress list.
TpTrace Verbose: 0 : 14796, 14, 2023/12/28, 16:40:46.189, 248201348508, testhost.dll, TestExecutionRecorder.RecordStart: Starting test: ConsoleApp06STest.Tests.Test0.
TpTrace Verbose: 0 : 14796, 14, 2023/12/28, 16:40:46.191, 248201370005, testhost.dll, MulticastDelegateUtilities.SafeInvoke: TestCaseEventsHandler.RaiseTestCaseStart: Invoking callback 1/1 for Microsoft.VisualStudio.TestPlatform.CrossPlatEngine.DataCollection.ProxyOutOfProcDataCollectionManager., took 1 ms.
TpTrace Warning: 0 : 14796, 14, 2023/12/28, 16:40:46.240, 248201857688, testhost.dll, Сервер ожидает сообщения 
* * * 01/01/01 0:00:00 от Вася
Получено сообщение *  *  * * *
Message Reister, name =  Вася
* * * 01/01/01 0:00:00 от Юля
Получено сообщение *  *  * * *
Message Reister, name =  Юля
* * * 01/01/01 0:00:00 от Юля
Получено сообщение * Привет, Василий *  * * *
Message Relied, from =  Юля to  Вася 
* * * 01/01/01 0:00:00 от Вася
Получено сообщение * Привет, Юлька!!! *  * * *
Message Relied, from =  Вася to  Юля 
System.NullReferenceException: Object reference not set to an instance of an object.
   at ConsoleApp06S.Services.Server.Start() in D:\GeekBrains\My Git\NetworkApplicationCSharp\06_Lesson\ConsoleApp06S\Services\Server.cs:line 102

TpTrace Verbose: 0 : 14796, 14, 2023/12/28, 16:40:46.245, 248201912173, testhost.dll, TestRequestHandler.SendData: sending data from testhost: {"Version":7,"MessageType":"TestSession.Message","Payload":{"MessageLevel":1,"Message":"Сервер ожидает сообщения \r\n* * * 01/01/01 0:00:00 от Вася\r\nПолучено сообщение *  *  * * *\r\nMessage Reister, name =  Вася\r\n* * * 01/01/01 0:00:00 от Юля\r\nПолучено сообщение *  *  * * *\r\nMessage Reister, name =  Юля\r\n* * * 01/01/01 0:00:00 от Юля\r\nПолучено сообщение * Привет, Василий *  * * *\r\nMessage Relied, from =  Юля to  Вася \r\n* * * 01/01/01 0:00:00 от Вася\r\nПолучено сообщение * Привет, Юлька!!! *  * * *\r\nMessage Relied, from =  Вася to  Юля \r\nSystem.NullReferenceException: Object reference not set to an instance of an object.\r\n   at ConsoleApp06S.Services.Server.Start() in D:\\GeekBrains\\My Git\\NetworkApplicationCSharp\\06_Lesson\\ConsoleApp06S\\Services\\Server.cs:line 102\r\n"}}
TpTrace Verbose: 0 : 14796, 14, 2023/12/28, 16:40:46.246, 248201917251, testhost.dll, MulticastDelegateUtilities.SafeInvoke: TestRunMessageLoggerProxy.SendMessage: Invoking callback 1/1 for Microsoft.VisualStudio.TestPlatform.CrossPlatEngine.Execution.RunTestsWithSources., took 5 ms.
TpTrace Verbose: 0 : 14796, 14, 2023/12/28, 16:40:46.246, 248201919024, testhost.dll, TestExecutionRecorder.RecordEnd: test: ConsoleApp06STest.Tests.Test0 execution completed.
TpTrace Verbose: 0 : 14796, 14, 2023/12/28, 16:40:46.248, 248201940530, testhost.dll, MulticastDelegateUtilities.SafeInvoke: TestCaseEventsHandler.RaiseTestCaseEnd: Invoking callback 1/1 for Microsoft.VisualStudio.TestPlatform.CrossPlatEngine.DataCollection.ProxyOutOfProcDataCollectionManager., took 1 ms.
TpTrace Verbose: 0 : 14796, 14, 2023/12/28, 16:40:46.248, 248201942906, testhost.dll, TestExecutionRecorder.RecordResult: Received result for test: ConsoleApp06STest.Tests.Test0.
TpTrace Verbose: 0 : 14796, 14, 2023/12/28, 16:40:46.249, 248201944872, testhost.dll, MulticastDelegateUtilities.SafeInvoke: TestCaseEventsHandler.RaiseTestCaseEnd: Invoking callback 1/1 for Microsoft.VisualStudio.TestPlatform.CrossPlatEngine.DataCollection.ProxyOutOfProcDataCollectionManager., took 0 ms.
TpTrace Warning: 0 : 14796, 14, 2023/12/28, 16:40:46.249, 248201946576, testhost.dll, TestRunCache: InProgressTests is null
TpTrace Warning: 0 : 14796, 14, 2023/12/28, 16:40:46.249, 248201948093, testhost.dll, TestRunCache: No test found corresponding to testResult 'Test0' in inProgress list.
TpTrace Verbose: 0 : 14796, 14, 2023/12/28, 16:40:46.249, 248201951495, testhost.dll, TestExecutionRecorder.RecordStart: Starting test: ConsoleApp06STest.Tests.Test1.
TpTrace Verbose: 0 : 14796, 14, 2023/12/28, 16:40:46.251, 248201971976, testhost.dll, MulticastDelegateUtilities.SafeInvoke: TestCaseEventsHandler.RaiseTestCaseStart: Invoking callback 1/1 for Microsoft.VisualStudio.TestPlatform.CrossPlatEngine.DataCollection.ProxyOutOfProcDataCollectionManager., took 1 ms.
TpTrace Warning: 0 : 14796, 14, 2023/12/28, 16:40:46.290, 248202354245, testhost.dll, Сервер ожидает сообщения 
* * * 01/01/01 0:00:00 от Вася
Получено сообщение *  *  * * *
Message Reister, name =  Вася
* * * 01/01/01 0:00:00 от Юля
Получено сообщение *  *  * * *
Message Reister, name =  Юля
* * * 01/01/01 0:00:00 от Юля
Получено сообщение * Привет, Василий *  * * *
Message Relied, from =  Юля to  Вася 
* * * 01/01/01 0:00:00 от Вася
Получено сообщение * Привет, Юлька!!! *  * * *
Message Relied, from =  Вася to  Юля 
System.NullReferenceException: Object reference not set to an instance of an object.
   at ConsoleApp06S.Services.Server.Start() in D:\GeekBrains\My Git\NetworkApplicationCSharp\06_Lesson\ConsoleApp06S\Services\Server.cs:line 102

TpTrace Verbose: 0 : 14796, 14, 2023/12/28, 16:40:46.290, 248202358205, testhost.dll, TestRequestHandler.SendData: sending data from testhost: {"Version":7,"MessageType":"TestSession.Message","Payload":{"MessageLevel":1,"Message":"Сервер ожидает сообщения \r\n* * * 01/01/01 0:00:00 от Вася\r\nПолучено сообщение *  *  * * *\r\nMessage Reister, name =  Вася\r\n* * * 01/01/01 0:00:00 от Юля\r\nПолучено сообщение *  *  * * *\r\nMessage Reister, name =  Юля\r\n* * * 01/01/01 0:00:00 от Юля\r\nПолучено сообщение * Привет, Василий *  * * *\r\nMessage Relied, from =  Юля to  Вася \r\n* * * 01/01/01 0:00:00 от Вася\r\nПолучено сообщение * Привет, Юлька!!! *  * * *\r\nMessage Relied, from =  Вася to  Юля \r\nSystem.NullReferenceException: Object reference not set to an instance of an object.\r\n   at ConsoleApp06S.Services.Server.Start() in D:\\GeekBrains\\My Git\\NetworkApplicationCSharp\\06_Lesson\\ConsoleApp06S\\Services\\Server.cs:line 102\r\n"}}
TpTrace Verbose: 0 : 14796, 14, 2023/12/28, 16:40:46.290, 248202361446, testhost.dll, MulticastDelegateUtilities.SafeInvoke: TestRunMessageLoggerProxy.SendMessage: Invoking callback 1/1 for Microsoft.VisualStudio.TestPlatform.CrossPlatEngine.Execution.RunTestsWithSources., took 0 ms.
TpTrace Verbose: 0 : 14796, 14, 2023/12/28, 16:40:46.290, 248202363246, testhost.dll, TestExecutionRecorder.RecordEnd: test: ConsoleApp06STest.Tests.Test1 execution completed.
TpTrace Verbose: 0 : 14796, 14, 2023/12/28, 16:40:46.293, 248202384649, testhost.dll, MulticastDelegateUtilities.SafeInvoke: TestCaseEventsHandler.RaiseTestCaseEnd: Invoking callback 1/1 for Microsoft.VisualStudio.TestPlatform.CrossPlatEngine.DataCollection.ProxyOutOfProcDataCollectionManager., took 1 ms.
TpTrace Verbose: 0 : 14796, 14, 2023/12/28, 16:40:46.293, 248202387349, testhost.dll, TestExecutionRecorder.RecordResult: Received result for test: ConsoleApp06STest.Tests.Test1.
TpTrace Verbose: 0 : 14796, 14, 2023/12/28, 16:40:46.293, 248202389819, testhost.dll, MulticastDelegateUtilities.SafeInvoke: TestCaseEventsHandler.RaiseTestCaseEnd: Invoking callback 1/1 for Microsoft.VisualStudio.TestPlatform.CrossPlatEngine.DataCollection.ProxyOutOfProcDataCollectionManager., took 0 ms.
TpTrace Warning: 0 : 14796, 14, 2023/12/28, 16:40:46.293, 248202391868, testhost.dll, TestRunCache: InProgressTests is null
TpTrace Warning: 0 : 14796, 14, 2023/12/28, 16:40:46.294, 248202393833, testhost.dll, TestRunCache: No test found corresponding to testResult 'Test1' in inProgress list.
TpTrace Information: 0 : 14796, 4, 2023/12/28, 16:40:46.305, 248202507161, testhost.dll, NUnit Adapter 4.4.0.0: Test execution complete
TpTrace Verbose: 0 : 14796, 4, 2023/12/28, 16:40:46.305, 248202510778, testhost.dll, TestRequestHandler.SendData: sending data from testhost: {"Version":7,"MessageType":"TestSession.Message","Payload":{"MessageLevel":0,"Message":"NUnit Adapter 4.4.0.0: Test execution complete"}}
TpTrace Verbose: 0 : 14796, 4, 2023/12/28, 16:40:46.306, 248202513910, testhost.dll, MulticastDelegateUtilities.SafeInvoke: TestRunMessageLoggerProxy.SendMessage: Invoking callback 1/1 for Microsoft.VisualStudio.TestPlatform.CrossPlatEngine.Execution.RunTestsWithSources., took 0 ms.
TpTrace Verbose: 0 : 14796, 4, 2023/12/28, 16:40:46.311, 248202571064, testhost.dll, BaseRunTests.RunTestInternalWithExecutors: Completed running tests for executor://NUnit3TestExecutor
TpTrace Verbose: 0 : 14796, 4, 2023/12/28, 16:40:46.314, 248202595312, testhost.dll, MulticastDelegateUtilities.SafeInvoke: TestCaseEventsHandler.RaiseSessionEnd: Invoking callback 1/1 for Microsoft.VisualStudio.TestPlatform.CrossPlatEngine.DataCollection.ProxyOutOfProcDataCollectionManager., took 1 ms.
TpTrace Information: 0 : 14796, 4, 2023/12/28, 16:40:46.320, 248202658161, testhost.dll, Sending test run complete
TpTrace Verbose: 0 : 14796, 4, 2023/12/28, 16:40:46.339, 248202847936, testhost.dll, TestRequestHandler.SendData: sending data from testhost: {"Version":7,"MessageType":"TestExecution.Completed","Payload":{"TestRunCompleteArgs":{"TestRunStatistics":{"ExecutedTests":7,"Stats":{"Passed":7}},"IsCanceled":false,"IsAborted":false,"Error":null,"AttachmentSets":[],"InvokedDataCollectors":[],"ElapsedTimeInRunningTests":"00:00:03.1255957","Metrics":{},"DiscoveredExtensions":{"TestDiscoverers":["NUnit.VisualStudio.TestAdapter.NUnit3TestDiscoverer, NUnit3.TestAdapter, Version=4.4.0.0, Culture=neutral, PublicKeyToken=4cb40d35494691ac"],"TestExecutors":["executor://NUnit3TestExecutor"],"TestExecutors2":[],"TestSettingsProviders":[]}},"LastRunTests":{"NewTestResults":[{"TestCase":{"Id":"9c75be89-45f8-0fb7-cf77-4a56ca6231e6","FullyQualifiedName":"ConsoleApp06STest.Tests.Register2UsersInBDTest","DisplayName":"Register2UsersInBDTest","ExecutorUri":"executor://NUnit3TestExecutor","Source":"D:\\GeekBrains\\My Git\\NetworkApplicationCSharp\\06_Lesson\\ConsoleApp06STest\\bin\\Debug\\net7.0\\fine-code-coverage\\build-output\\ConsoleApp06STest.dll","CodeFilePath":null,"LineNumber":0,"Properties":[{"Key":{"Id":"NUnit.Seed","Label":"Seed","Category":"","Description":"","Attributes":0,"ValueType":"System.String"},"Value":"1802941871"}]},"Attachments":[],"Outcome":1,"ErrorMessage":null,"ErrorStackTrace":null,"DisplayName":"Register2UsersInBDTest","Messages":[{"Category":"StdOutMsgs","Text":"Сервер ожидает сообщения \r\n* * * 01/01/01 0:00:00 от Вася\r\nПолучено сообщение *  *  * * *\r\nMessage Reister, name =  Вася\r\n* * * 01/01/01 0:00:00 от Юля\r\nПолучено сообщение *  *  * * *\r\nMessage Reister, name =  Юля\r\n* * * 01/01/01 0:00:00 от Юля\r\nПолучено сообщение * Привет, Василий *  * * *\r\nMessage Relied, from =  Юля to  Вася \r\n* * * 01/01/01 0:00:00 от Вася\r\nПолучено сообщение * Привет, Юлька!!! *  * * *\r\nMessage Relied, from =  Вася to  Юля \r\nSystem.NullReferenceException: Object reference not set to an instance of an object.\r\n   at ConsoleApp06S.Services.Server.Start() in D:\\GeekBrains\\My Git\\NetworkApplicationCSharp\\06_Lesson\\ConsoleApp06S\\Services\\Server.cs:line 102\r\n"}],"ComputerName":"DESKTOP-IFVARIJ","Duration":"00:00:00.1260100","StartTime":"2023-12-28T13:40:46.0582899+00:00","EndTime":"2023-12-28T13:40:46.184299+00:00","Properties":[{"Key":{"Id":"NUnit.Seed","Label":"Seed","Category":"","Description":"","Attributes":0,"ValueType":"System.String"},"Value":"1802941871"}]},{"TestCase":{"Id":"c19b31a6-b940-0377-c269-a01a3c975df0","FullyQualifiedName":"ConsoleApp06STest.Tests.Test0","DisplayName":"Test0","ExecutorUri":"executor://NUnit3TestExecutor","Source":"D:\\GeekBrains\\My Git\\NetworkApplicationCSharp\\06_Lesson\\ConsoleApp06STest\\bin\\Debug\\net7.0\\fine-code-coverage\\build-output\\ConsoleApp06STest.dll","CodeFilePath":null,"LineNumber":0,"Properties":[{"Key":{"Id":"NUnit.Seed","Label":"Seed","Category":"","Description":"","Attributes":0,"ValueType":"System.String"},"Value":"2023363209"}]},"Attachments":[],"Outcome":1,"ErrorMessage":null,"ErrorStackTrace":null,"DisplayName":"Test0","Messages":[{"Category":"StdOutMsgs","Text":"Сервер ожидает сообщения \r\n* * * 01/01/01 0:00:00 от Вася\r\nПолучено сообщение *  *  * * *\r\nMessage Reister, name =  Вася\r\n* * * 01/01/01 0:00:00 от Юля\r\nПолучено сообщение *  *  * * *\r\nMessage Reister, name =  Юля\r\n* * * 01/01/01 0:00:00 от Юля\r\nПолучено сообщение * Привет, Василий *  * * *\r\nMessage Relied, from =  Юля to  Вася \r\n* * * 01/01/01 0:00:00 от Вася\r\nПолучено сообщение * Привет, Юлька!!! *  * * *\r\nMessage Relied, from =  Вася to  Юля \r\nSystem.NullReferenceException: Object reference not set to an instance of an object.\r\n   at ConsoleApp06S.Services.Server.Start() in D:\\GeekBrains\\My Git\\NetworkApplicationCSharp\\06_Lesson\\ConsoleApp06S\\Services\\Server.cs:line 102\r\n"}],"ComputerName":"DESKTOP-IFVARIJ","Duration":"00:00:00.0519150","StartTime":"2023-12-28T13:40:46.187806+00:00","EndTime":"2023-12-28T13:40:46.239721+00:00","Properties":[{"Key":{"Id":"NUnit.Seed","Label":"Seed","Category":"","Description":"","Attributes":0,"ValueType":"System.String"},"Value":"2023363209"}]},{"TestCase":{"Id":"811128ef-47fb-0f6b-fb9c-e22163b3a237","FullyQualifiedName":"ConsoleApp06STest.Tests.Test1","DisplayName":"Test1","ExecutorUri":"executor://NUnit3TestExecutor","Source":"D:\\GeekBrains\\My Git\\NetworkApplicationCSharp\\06_Lesson\\ConsoleApp06STest\\bin\\Debug\\net7.0\\fine-code-coverage\\build-output\\ConsoleApp06STest.dll","CodeFilePath":null,"LineNumber":0,"Properties":[{"Key":{"Id":"NUnit.Seed","Label":"Seed","Category":"","Description":"","Attributes":0,"ValueType":"System.String"},"Value":"832642467"}]},"Attachments":[],"Outcome":1,"ErrorMessage":null,"ErrorStackTrace":null,"DisplayName":"Test1","Messages":[{"Category":"StdOutMsgs","Text":"Сервер ожидает сообщения \r\n* * * 01/01/01 0:00:00 от Вася\r\nПолучено сообщение *  *  * * *\r\nMessage Reister, name =  Вася\r\n* * * 01/01/01 0:00:00 от Юля\r\nПолучено сообщение *  *  * * *\r\nMessage Reister, name =  Юля\r\n* * * 01/01/01 0:00:00 от Юля\r\nПолучено сообщение * Привет, Василий *  * * *\r\nMessage Relied, from =  Юля to  Вася \r\n* * * 01/01/01 0:00:00 от Вася\r\nПолучено сообщение * Привет, Юлька!!! *  * * *\r\nMessage Relied, from =  Вася to  Юля \r\nSystem.NullReferenceException: Object reference not set to an instance of an object.\r\n   at ConsoleApp06S.Services.Server.Start() in D:\\GeekBrains\\My Git\\NetworkApplicationCSharp\\06_Lesson\\ConsoleApp06S\\Services\\Server.cs:line 102\r\n"}],"ComputerName":"DESKTOP-IFVARIJ","Duration":"00:00:00.0495450","StartTime":"2023-12-28T13:40:46.2398063+00:00","EndTime":"2023-12-28T13:40:46.2893512+00:00","Properties":[{"Key":{"Id":"NUnit.Seed","Label":"Seed","Category":"","Description":"","Attributes":0,"ValueType":"System.String"},"Value":"832642467"}]}],"TestRunStatistics":{"ExecutedTests":7,"Stats":{"Passed":7}},"ActiveTests":[]},"RunAttachments":[],"ExecutorUris":["executor://nunit3testexecutor/"]}}
TpTrace Verbose: 0 : 14796, 4, 2023/12/28, 16:40:46.340, 248202857394, testhost.dll, BaseRunTests.RunTests: Run is complete.
TpTrace Verbose: 0 : 14796, 9, 2023/12/28, 16:40:46.341, 248202869857, testhost.dll, TcpClientExtensions.MessageLoopAsync: NotifyDataAvailable remoteEndPoint: [::ffff:127.0.0.1]:55937 localEndPoint: [::ffff:127.0.0.1]:55938
TpTrace Information: 0 : 14796, 9, 2023/12/28, 16:40:46.341, 248202872906, testhost.dll, TestRequestHandler.OnMessageReceived: received message: (TestSession.Terminate) -> {"MessageType":"TestSession.Terminate","Payload":null}
TpTrace Information: 0 : 14796, 9, 2023/12/28, 16:40:46.342, 248202874536, testhost.dll, Session End message received from server. Closing the connection.
TpTrace Information: 0 : 14796, 9, 2023/12/28, 16:40:46.343, 248202883664, testhost.dll, SocketClient.Stop: Stop communication from server endpoint: 127.0.0.1:055937
TpTrace Information: 0 : 14796, 9, 2023/12/28, 16:40:46.343, 248202885582, testhost.dll, SocketClient: Stop: Cancellation requested. Stopping message loop.
TpTrace Verbose: 0 : 14796, 9, 2023/12/28, 16:40:46.343, 248202889821, testhost.dll, LengthPrefixCommunicationChannel.Dispose: Dispose reader and writer.
TpTrace Information: 0 : 14796, 1, 2023/12/28, 16:40:46.343, 248202889802, testhost.dll, Closing the connection!
TpTrace Information: 0 : 14796, 9, 2023/12/28, 16:40:46.343, 248202891430, testhost.dll, Closing the connection !
TpTrace Verbose: 0 : 14796, 9, 2023/12/28, 16:40:46.344, 248202894288, testhost.dll, MulticastDelegateUtilities.SafeInvoke: LengthPrefixCommunicationChannel: MessageReceived: Invoking callback 1/1 for Microsoft.VisualStudio.TestPlatform.CommunicationUtilities.TestRequestHandler., took 2 ms.
TpTrace Information: 0 : 14796, 1, 2023/12/28, 16:40:46.344, 248202894772, testhost.dll, Testhost process exiting.
TpTrace Information: 0 : 14796, 9, 2023/12/28, 16:40:46.344, 248202899884, testhost.dll, SocketClient.PrivateStop: Stop communication from server endpoint: 127.0.0.1:055937, error:
TpTrace Verbose: 0 : 14796, 9, 2023/12/28, 16:40:46.345, 248202907623, testhost.dll, LengthPrefixCommunicationChannel.Dispose: Dispose reader and writer.
TpTrace Verbose: 0 : 14796, 9, 2023/12/28, 16:40:46.345, 248202909960, testhost.dll, TcpClientExtensions.MessageLoopAsync: exiting MessageLoopAsync remoteEndPoint: [::ffff:127.0.0.1]:55937 localEndPoint: [::ffff:127.0.0.1]:55938
